文件夹:.circleci
文件名:.editorconfig
文件夹:.github
文件名:.gitignore
文件夹:.mvn
文件名:.settings.xml
文件夹:docs
文件名:pom.xml
文件夹:src
文件夹:main
文件夹:asciidoc
文件名:ghpages.sh
文件名:index.adoc
文件名:README.adoc
文件名:spring-cloud-circuitbreaker-resilience4j.adoc
文件名:spring-cloud-circuitbreaker-spring-retry.adoc
文件名:spring-cloud-circuitbreaker.adoc
文件名:_attributes.adoc
文件名:LICENSE.txt
文件名:mvnw
文件名:mvnw.cmd
文件名:pom.xml
文件名:README.adoc
文件名:SECURITY.md
文件夹:spring-cloud-circuitbreaker-dependencies
文件名:pom.xml
文件夹:spring-cloud-circuitbreaker-resilience4j
文件名:pom.xml
文件夹:src
文件夹:main
文件夹:java
文件夹:org
文件夹:springframework
文件夹:cloud
文件夹:circuitbreaker
文件夹:resilience4j
文件名:ReactiveResilience4JAutoConfiguration.java
文件名:ReactiveResilience4JCircuitBreaker.java
文件名:ReactiveResilience4JCircuitBreakerFactory.java
文件名:Resilience4JAutoConfiguration.java
文件名:Resilience4JCircuitBreaker.java
文件名:Resilience4JCircuitBreakerFactory.java
文件名:Resilience4JConfigBuilder.java
文件夹:resources
文件夹:META-INF
文件名:additional-spring-configuration-metadata.json
文件名:spring.factories
文件夹:test
文件夹:spring-cloud-circuitbreaker-spring-retry
文件名:pom.xml
文件夹:src
文件夹:main
文件夹:java
文件夹:org
文件夹:springframework
文件夹:cloud
文件夹:circuitbreaker
文件夹:springretry
文件名:SpringRetryAutoConfiguration.java
文件名:SpringRetryCircuitBreaker.java
文件名:SpringRetryCircuitBreakerFactory.java
文件名:SpringRetryConfigBuilder.java
文件夹:resources
文件夹:META-INF
文件名:spring.factories
文件夹:test
文件夹:spring-cloud-starter-circuitbreaker
文件名:pom.xml
文件夹:spring-cloud-starter-circuitbreaker-reactor-resilience4j
文件名:pom.xml
文件夹:src
文件夹:main
文件夹:resources
文件夹:META-INF
文件名:spring.provides
文件夹:spring-cloud-starter-circuitbreaker-resilience4j
文件名:pom.xml
文件夹:src
文件夹:main
文件夹:resources
文件夹:META-INF
文件名:spring.provides
文件夹:spring-cloud-starter-circuitbreaker-spring-retry
文件名:pom.xml
文件夹:src
文件夹:checkstyle
文件名:checkstyle-suppressions.xml
key=SpringRetryConfigBuilder.build;value=
key=Resilience4JCircuitBreaker.run;value=ExecutorService.submit;
key=Resilience4JAutoConfiguration.resilience4jCircuitBreakerFactory;value=List<Customizer>.forEach;
key=ReactiveResilience4JAutoConfiguration.reactiveResilience4JCircuitBreakerFactory;value=List<Customizer>.forEach;
key=ReactiveResilience4JCircuitBreakerFactory.configBuilder;value=
key=SpringRetryConfigBuilder.retryPolicy;value=
key=SpringRetryCircuitBreaker.run;value=Optional<Customizer>.ifPresent;Supplier.get;Function<Throwable>.apply;
key=ReactiveResilience4JCircuitBreaker.run;value=Optional<Customizer>.ifPresent;
key=SpringRetryAutoConfiguration.springRetryCircuitBreakerFactory;value=List<Customizer>.forEach;
key=ReactiveResilience4JCircuitBreakerFactory.addCircuitBreakerCustomizer;value=Map<String,Customizer>.put;
key=SpringRetryCircuitBreaker.SpringRetryCircuitBreaker;value=
key=Resilience4JCircuitBreakerFactory.addCircuitBreakerCustomizer;value=Map<String,Customizer>.put;
key=ReactiveResilience4JCircuitBreakerFactory.create;value=Map<String,Customizer>.get;Optional.ofNullable;
key=Resilience4JAutoConfiguration.init;value=
key=Resilience4JCircuitBreakerFactory.configBuilder;value=
key=SpringRetryCircuitBreakerFactory.addRetryTemplateCustomizers;value=
key=SpringRetryCircuitBreakerFactory.configBuilder;value=
key=Resilience4JCircuitBreakerFactory.create;value=Map<String,Customizer>.get;Optional.ofNullable;
key=SpringRetryCircuitBreakerFactory.create;value=Map<String,Customizer>.get;Optional.ofNullable;
key=ReactiveResilience4JAutoConfiguration.init;value=
key=Resilience4JConfigBuilder.build;value=
api count:8
List<Customizer>.forEach Optional<Customizer>.ifPresent Map<String,Customizer>.put Map<String,Customizer>.get Optional.ofNullable ExecutorService.submit Supplier.get Function<Throwable>.apply 
[0, 0, 0, 0, 0, 0, 0, 0]
[0, 0, 0, 0, 0, 0, 1, 1]
[0, 0, 0, 0, 0, 0, 0, 0]
[0, 0, 0, 0, 3, 0, 0, 0]
[0, 0, 0, 3, 0, 0, 0, 0]
[0, 0, 0, 0, 0, 0, 0, 0]
[0, 1, 0, 0, 0, 0, 0, 1]
[0, 1, 0, 0, 0, 0, 1, 0]
C:/Users/Administrator/git/repository/Code2APISeq/pngs/1598189269596.png
