文件名:.classpath
文件名:.project
文件夹:data
文件名:iris.txt
文件名:test.txt
文件名:train.txt
文件夹:pictures
文件名:BP.png
文件名:BPNN.png
文件名:Node.png
文件名:README.md
文件夹:src
文件夹:com
文件夹:jingchen
文件夹:ann
文件名:AnnClassifier.java
classname:DataNode
classnameelements:DataNode
classname:AnnClassifier
classnameelements:AnnClassifier
classname:List<NetworkNode>
classnameelements:List<NetworkNode>
classname:List<NetworkNode>
classnameelements:List<NetworkNode>
classname:List<NetworkNode>
classnameelements:List<NetworkNode>
classname:NetworkNode
classnameelements:NetworkNode
classname:List<NetworkNode>
classnameelements:List<NetworkNode>
classname:NetworkNode
classnameelements:NetworkNode
classname:List<NetworkNode>
classnameelements:List<NetworkNode>
classname:NetworkNode
classnameelements:NetworkNode
classname:List<NetworkNode>
classnameelements:List<NetworkNode>
classname:Math
classnameelements:Math
classname:float
classnameelements:float
classname:Math
classnameelements:Math
classname:float
classnameelements:float
classname:AnnClassifier
classnameelements:AnnClassifier
classname:List<DataNode>
classnameelements:List<DataNode>
classname:List<DataNode>
classnameelements:List<DataNode>
classname:AnnClassifier
classnameelements:AnnClassifier
classname:List<DataNode>
classnameelements:List<DataNode>
classname:AnnClassifier
classnameelements:AnnClassifier
classname:AnnClassifier
classnameelements:AnnClassifier
classname:List<NetworkNode>
classnameelements:List<NetworkNode>
classname:List<NetworkNode>
classnameelements:List<NetworkNode>
classname:List<NetworkNode>
classnameelements:List<NetworkNode>
classname:List<NetworkNode>
classnameelements:List<NetworkNode>
classname:List<Float>
classnameelements:List<Float>
classname:List<Float>
classnameelements:List<Float>
classname:List<NetworkNode>
classnameelements:List<NetworkNode>
classname:List<NetworkNode>
classnameelements:List<NetworkNode>
classname:List<NetworkNode>
classnameelements:List<NetworkNode>
classname:List<NetworkNode>
classnameelements:List<NetworkNode>
classname:List<NetworkNode>
classnameelements:List<NetworkNode>
classname:List<NetworkNode>
classnameelements:List<NetworkNode>
classname:List<NetworkNode>
classnameelements:List<NetworkNode>
classname:List<NetworkNode>
classnameelements:List<NetworkNode>
classname:List<NetworkNode>
classnameelements:List<NetworkNode>
classname:ArrayList<DataNode>
classnameelements:ArrayList<DataNode>
classname:ArrayList<NetworkNode>
classnameelements:ArrayList<NetworkNode>
文件名:DataNode.java
classname:ArrayList<Float>
classnameelements:ArrayList<Float>
classname:List<Float>
classnameelements:List<Float>
文件名:MainClass.java
classname:ConsoleHelper
classnameelements:ConsoleHelper
classname:ConsoleHelper
classnameelements:ConsoleHelper
classname:DataUtil
classnameelements:DataUtil
classname:DataUtil
classnameelements:DataUtil
classname:File
classnameelements:File
classname:FileWriter
classnameelements:FileWriter
classname:BufferedWriter
classnameelements:BufferedWriter
classname:DataUtil
classnameelements:DataUtil
classname:List<DataNode>
classnameelements:List<DataNode>
classname:AnnClassifier
classnameelements:AnnClassifier
classname:List<DataNode>
classnameelements:List<DataNode>
classname:AnnClassifier
classnameelements:AnnClassifier
classname:AnnClassifier
classnameelements:AnnClassifier
classname:List<DataNode>
classnameelements:List<DataNode>
classname:List<DataNode>
classnameelements:List<DataNode>
classname:AnnClassifier
classnameelements:AnnClassifier
classname:DataNode
classnameelements:DataNode
classname:List<Float>
classnameelements:List<Float>
classname:List<Float>
classnameelements:List<Float>
classname:BufferedWriter
classnameelements:BufferedWriter
classname:BufferedWriter
classnameelements:BufferedWriter
classname:DataUtil
classnameelements:DataUtil
classname:BufferedWriter
classnameelements:BufferedWriter
classname:BufferedWriter
classnameelements:BufferedWriter
classname:BufferedWriter
classnameelements:BufferedWriter
文件名:NetworkNode.java
classname:NetworkNode
classnameelements:NetworkNode
classname:NetworkNode
classnameelements:NetworkNode
classname:NetworkNode
classnameelements:NetworkNode
classname:NetworkNode
classnameelements:NetworkNode
classname:NetworkNode
classnameelements:NetworkNode
classname:Math
classnameelements:Math
classname:float
classnameelements:float
classname:Math
classnameelements:Math
classname:float
classnameelements:float
classname:Math
classnameelements:Math
classname:float
classnameelements:float
classname:NetworkNode
classnameelements:NetworkNode
文件夹:util
文件名:ConsoleHelper.java
classname:Map<String,String>
classnameelements:Map<String,String>
classname:Map<String,String>
classnameelements:Map<String,String>
classname:Float
classnameelements:Float
classname:Map<String,String>
classnameelements:Map<String,String>
classname:Map<String,String>
classnameelements:Map<String,String>
classname:Integer
classnameelements:Integer
classname:Map<String,String>
classnameelements:Map<String,String>
classname:Map<String,String>
classnameelements:Map<String,String>
classname:HashMap<String,String>
classnameelements:HashMap<String,String>
classname:Map<String,String>
classnameelements:Map<String,String>
文件名:DataUtil.java
classname:ArrayList<DataNode>
classnameelements:ArrayList<DataNode>
classname:FileReader
classnameelements:FileReader
classname:BufferedReader
classnameelements:BufferedReader
classname:File
classnameelements:File
classname:BufferedReader
classnameelements:BufferedReader
classname:String
classnameelements:String
classname:DataNode
classnameelements:DataNode
classname:Float
classnameelements:Float
classname:DataNode
classnameelements:DataNode
classname:Map<String,Integer>
classnameelements:Map<String,Integer>
classname:Map<String,Integer>
classnameelements:Map<String,Integer>
classname:Map<String,Integer>
classnameelements:Map<String,Integer>
classname:DataNode
classnameelements:DataNode
classname:List<DataNode>
classnameelements:List<DataNode>
classname:String
classnameelements:String
classname:Map<String,Integer>
classnameelements:Map<String,Integer>
classname:Iterator<String>
classnameelements:Iterator<String>
classname:Iterator<String>
classnameelements:Iterator<String>
classname:Map<String,Integer>
classnameelements:Map<String,Integer>
classname:DataUtil
classnameelements:DataUtil
classname:HashMap<String,Integer>
classnameelements:HashMap<String,Integer>
key=AnnClassifier.AnnClassifier;value=
key=AnnClassifier.backward;value=
key=DataUtil.DataUtil;value=
key=AnnClassifier.test;value=
key=ConsoleHelper.ConsoleHelper;value=
key=DataUtil.getTypeName;value=String.<init>;
key=DataNode.DataNode;value=
key=NetworkNode.forwardSigmoid;value=
key=NetworkNode.tanhSDerivative;value=Math.pow;
key=AnnClassifier.forward;value=
key=DataUtil.getDataList;value=FileReader.<init>;BufferedReader.<init>;File.<init>;BufferedReader.readLine;String.split;Float.valueOf;
key=AnnClassifier.updateWeights;value=
key=MainClass.main;value=File.<init>;FileWriter.<init>;BufferedWriter.<init>;BufferedWriter.write;BufferedWriter.flush;BufferedWriter.close;
key=NetworkNode.setForwardInputValue;value=
key=NetworkNode.setBackwardOutputValue;value=
key=AnnClassifier.train;value=
key=NetworkNode.backwardPropagate;value=
key=ConsoleHelper.getArg;value=
key=NetworkNode.setForwardOutputValue;value=
key=DataNode.addAttrib;value=
key=AnnClassifier.reset;value=Math.random;
key=DataUtil.getInstance;value=
key=NetworkNode.tanhS;value=Math.exp;
key=NetworkNode.setBackwardInputValue;value=
key=NetworkNode.logS;value=Math.exp;
api count:16
1.Math.random 2.File.<init> 3.FileWriter.<init> 4.BufferedWriter.<init> 5.BufferedWriter.write 6.BufferedWriter.flush 7.BufferedWriter.close 8.Math.pow 9.Math.exp 10.Float.valueOf 11.Integer.valueOf 12.FileReader.<init> 13.BufferedReader.<init> 14.BufferedReader.readLine 15.String.split 16.String.<init> 
[0, 0, 0, 0, 0, 0, 0, 0, 0, 0, 0, 0, 0, 0, 0, 0]
[0, 0, 1, 1, 1, 1, 1, 0, 0, 1, 0, 1, 1, 1, 1, 0]
[0, 1, 0, 1, 1, 1, 1, 0, 0, 0, 0, 0, 0, 0, 0, 0]
[0, 1, 1, 0, 1, 1, 1, 0, 0, 0, 0, 0, 0, 0, 0, 0]
[0, 1, 1, 1, 0, 1, 1, 0, 0, 0, 0, 0, 0, 0, 0, 0]
[0, 1, 1, 1, 1, 0, 1, 0, 0, 0, 0, 0, 0, 0, 0, 0]
[0, 1, 1, 1, 1, 1, 0, 0, 0, 0, 0, 0, 0, 0, 0, 0]
[0, 0, 0, 0, 0, 0, 0, 0, 0, 0, 0, 0, 0, 0, 0, 0]
[0, 0, 0, 0, 0, 0, 0, 0, 0, 0, 0, 0, 0, 0, 0, 0]
[0, 1, 0, 0, 0, 0, 0, 0, 0, 0, 0, 1, 1, 1, 1, 0]
[0, 0, 0, 0, 0, 0, 0, 0, 0, 0, 0, 0, 0, 0, 0, 0]
[0, 1, 0, 0, 0, 0, 0, 0, 0, 1, 0, 0, 1, 1, 1, 0]
[0, 1, 0, 0, 0, 0, 0, 0, 0, 1, 0, 1, 0, 1, 1, 0]
[0, 1, 0, 0, 0, 0, 0, 0, 0, 1, 0, 1, 1, 0, 1, 0]
[0, 1, 0, 0, 0, 0, 0, 0, 0, 1, 0, 1, 1, 1, 0, 0]
[0, 0, 0, 0, 0, 0, 0, 0, 0, 0, 0, 0, 0, 0, 0, 0]
C:\Users\Administrator\git\repository\Code2APISeq\pngs\1598968347049.png
