2021-08-31 13:45:07,012-INFO:test start. test set size: 175
2021-08-31 13:48:07,480-INFO:test end time: 180.46767115592957s
2021-08-31 13:48:07,484-INFO:----------------------result@1--------------------------
2021-08-31 13:48:07,484-INFO:success rate at method level 0.554286
2021-08-31 13:48:07,484-INFO:mean precision:0.554286, mean recall:0.087104
2021-08-31 13:48:07,486-INFO:**********************************************************
2021-08-31 13:48:07,486-INFO:success rate at project level 0.485484
2021-08-31 13:48:07,486-INFO:mean precision:0.485484, mean recall:0.072050
2021-08-31 13:48:07,486-WARNING:method level => top 1 : best suc 0.554286, best pre 0.554286,  best recall 0.087104
2021-08-31 13:48:07,486-WARNING:project level => top 1 : best suc 0.485484, best pre 0.485484,  best recall 0.072050
2021-08-31 13:48:07,488-INFO:----------------------result@2--------------------------
2021-08-31 13:48:07,488-INFO:success rate at method level 0.662857
2021-08-31 13:48:07,488-INFO:mean precision:0.460000, mean recall:0.138720
2021-08-31 13:48:07,490-INFO:**********************************************************
2021-08-31 13:48:07,490-INFO:success rate at project level 0.612322
2021-08-31 13:48:07,490-INFO:mean precision:0.427775, mean recall:0.121682
2021-08-31 13:48:07,490-WARNING:method level => top 2 : best suc 0.662857, best pre 0.460000,  best recall 0.138720
2021-08-31 13:48:07,490-WARNING:project level => top 2 : best suc 0.612322, best pre 0.427775,  best recall 0.121682
2021-08-31 13:48:07,492-INFO:----------------------result@3--------------------------
2021-08-31 13:48:07,492-INFO:success rate at method level 0.708571
2021-08-31 13:48:07,492-INFO:mean precision:0.396190, mean recall:0.173482
2021-08-31 13:48:07,494-INFO:**********************************************************
2021-08-31 13:48:07,494-INFO:success rate at project level 0.652736
2021-08-31 13:48:07,494-INFO:mean precision:0.373114, mean recall:0.155304
2021-08-31 13:48:07,494-WARNING:method level => top 3 : best suc 0.708571, best pre 0.396190,  best recall 0.173482
2021-08-31 13:48:07,494-WARNING:project level => top 3 : best suc 0.652736, best pre 0.373114,  best recall 0.155304
2021-08-31 13:48:07,496-INFO:----------------------result@4--------------------------
2021-08-31 13:48:07,496-INFO:success rate at method level 0.737143
2021-08-31 13:48:07,496-INFO:mean precision:0.362857, mean recall:0.212156
2021-08-31 13:48:07,498-INFO:**********************************************************
2021-08-31 13:48:07,498-INFO:success rate at project level 0.685735
2021-08-31 13:48:07,498-INFO:mean precision:0.333390, mean recall:0.184070
2021-08-31 13:48:07,498-WARNING:method level => top 4 : best suc 0.737143, best pre 0.362857,  best recall 0.212156
2021-08-31 13:48:07,498-WARNING:project level => top 4 : best suc 0.685735, best pre 0.333390,  best recall 0.184070
2021-08-31 13:48:07,500-INFO:----------------------result@5--------------------------
2021-08-31 13:48:07,500-INFO:success rate at method level 0.748571
2021-08-31 13:48:07,500-INFO:mean precision:0.328000, mean recall:0.234323
2021-08-31 13:48:07,502-INFO:**********************************************************
2021-08-31 13:48:07,502-INFO:success rate at project level 0.701086
2021-08-31 13:48:07,502-INFO:mean precision:0.312297, mean recall:0.209169
2021-08-31 13:48:07,502-WARNING:method level => top 5 : best suc 0.748571, best pre 0.328000,  best recall 0.234323
2021-08-31 13:48:07,502-WARNING:project level => top 5 : best suc 0.701086, best pre 0.312297,  best recall 0.209169
2021-08-31 13:48:07,504-INFO:----------------------result@6--------------------------
2021-08-31 13:48:07,504-INFO:success rate at method level 0.782857
2021-08-31 13:48:07,504-INFO:mean precision:0.299048, mean recall:0.254119
2021-08-31 13:48:07,505-INFO:**********************************************************
2021-08-31 13:48:07,505-INFO:success rate at project level 0.758981
2021-08-31 13:48:07,505-INFO:mean precision:0.294596, mean recall:0.235810
2021-08-31 13:48:07,505-WARNING:method level => top 6 : best suc 0.782857, best pre 0.299048,  best recall 0.254119
2021-08-31 13:48:07,505-WARNING:project level => top 6 : best suc 0.758981, best pre 0.294596,  best recall 0.235810
2021-08-31 13:48:07,507-INFO:----------------------result@7--------------------------
2021-08-31 13:48:07,507-INFO:success rate at method level 0.800000
2021-08-31 13:48:07,507-INFO:mean precision:0.280816, mean recall:0.272853
2021-08-31 13:48:07,509-INFO:**********************************************************
2021-08-31 13:48:07,509-INFO:success rate at project level 0.777987
2021-08-31 13:48:07,509-INFO:mean precision:0.281854, mean recall:0.259408
2021-08-31 13:48:07,509-WARNING:method level => top 7 : best suc 0.800000, best pre 0.280816,  best recall 0.272853
2021-08-31 13:48:07,509-WARNING:project level => top 7 : best suc 0.777987, best pre 0.281854,  best recall 0.259408
2021-08-31 13:48:07,511-INFO:----------------------result@8--------------------------
2021-08-31 13:48:07,511-INFO:success rate at method level 0.805714
2021-08-31 13:48:07,511-INFO:mean precision:0.260714, mean recall:0.284188
2021-08-31 13:48:07,512-INFO:**********************************************************
2021-08-31 13:48:07,512-INFO:success rate at project level 0.780180
2021-08-31 13:48:07,512-INFO:mean precision:0.259787, mean recall:0.267973
2021-08-31 13:48:07,512-WARNING:method level => top 8 : best suc 0.805714, best pre 0.260714,  best recall 0.284188
2021-08-31 13:48:07,512-WARNING:project level => top 8 : best suc 0.780180, best pre 0.259787,  best recall 0.267973
2021-08-31 13:48:07,514-INFO:----------------------result@9--------------------------
2021-08-31 13:48:07,514-INFO:success rate at method level 0.811429
2021-08-31 13:48:07,514-INFO:mean precision:0.252063, mean recall:0.306295
2021-08-31 13:48:07,516-INFO:**********************************************************
2021-08-31 13:48:07,516-INFO:success rate at project level 0.793338
2021-08-31 13:48:07,516-INFO:mean precision:0.250546, mean recall:0.286233
2021-08-31 13:48:07,516-WARNING:method level => top 9 : best suc 0.811429, best pre 0.252063,  best recall 0.306295
2021-08-31 13:48:07,516-WARNING:project level => top 9 : best suc 0.793338, best pre 0.250546,  best recall 0.286233
2021-08-31 13:48:07,517-INFO:----------------------result@10--------------------------
2021-08-31 13:48:07,517-INFO:success rate at method level 0.811429
2021-08-31 13:48:07,518-INFO:mean precision:0.236000, mean recall:0.315164
2021-08-31 13:48:07,519-INFO:**********************************************************
2021-08-31 13:48:07,519-INFO:success rate at project level 0.793338
2021-08-31 13:48:07,519-INFO:mean precision:0.236983, mean recall:0.298884
2021-08-31 13:48:07,519-WARNING:method level => top 10 : best suc 0.811429, best pre 0.236000,  best recall 0.315164
2021-08-31 13:48:07,519-WARNING:project level => top 10 : best suc 0.793338, best pre 0.236983,  best recall 0.298884
2021-08-31 13:48:07,521-INFO:----------------------result@11--------------------------
2021-08-31 13:48:07,521-INFO:success rate at method level 0.811429
2021-08-31 13:48:07,521-INFO:mean precision:0.222857, mean recall:0.323865
2021-08-31 13:48:07,523-INFO:**********************************************************
2021-08-31 13:48:07,523-INFO:success rate at project level 0.793338
2021-08-31 13:48:07,523-INFO:mean precision:0.223124, mean recall:0.306500
2021-08-31 13:48:07,523-WARNING:method level => top 11 : best suc 0.811429, best pre 0.222857,  best recall 0.323865
2021-08-31 13:48:07,523-WARNING:project level => top 11 : best suc 0.793338, best pre 0.223124,  best recall 0.306500
2021-08-31 13:48:07,524-INFO:----------------------result@12--------------------------
2021-08-31 13:48:07,525-INFO:success rate at method level 0.811429
2021-08-31 13:48:07,525-INFO:mean precision:0.213333, mean recall:0.334546
2021-08-31 13:48:07,526-INFO:**********************************************************
2021-08-31 13:48:07,526-INFO:success rate at project level 0.793338
2021-08-31 13:48:07,526-INFO:mean precision:0.213004, mean recall:0.316766
2021-08-31 13:48:07,526-WARNING:method level => top 12 : best suc 0.811429, best pre 0.213333,  best recall 0.334546
2021-08-31 13:48:07,526-WARNING:project level => top 12 : best suc 0.793338, best pre 0.213004,  best recall 0.316766
2021-08-31 13:48:07,528-INFO:----------------------result@13--------------------------
2021-08-31 13:48:07,528-INFO:success rate at method level 0.811429
2021-08-31 13:48:07,528-INFO:mean precision:0.206593, mean recall:0.348305
2021-08-31 13:48:07,530-INFO:**********************************************************
2021-08-31 13:48:07,530-INFO:success rate at project level 0.793338
2021-08-31 13:48:07,530-INFO:mean precision:0.203448, mean recall:0.325423
2021-08-31 13:48:07,530-WARNING:method level => top 13 : best suc 0.811429, best pre 0.206593,  best recall 0.348305
2021-08-31 13:48:07,530-WARNING:project level => top 13 : best suc 0.793338, best pre 0.203448,  best recall 0.325423
2021-08-31 13:48:07,532-INFO:----------------------result@14--------------------------
2021-08-31 13:48:07,532-INFO:success rate at method level 0.817143
2021-08-31 13:48:07,532-INFO:mean precision:0.200000, mean recall:0.364953
2021-08-31 13:48:07,533-INFO:**********************************************************
2021-08-31 13:48:07,533-INFO:success rate at project level 0.806495
2021-08-31 13:48:07,533-INFO:mean precision:0.198279, mean recall:0.344477
2021-08-31 13:48:07,533-WARNING:method level => top 14 : best suc 0.817143, best pre 0.200000,  best recall 0.364953
2021-08-31 13:48:07,533-WARNING:project level => top 14 : best suc 0.806495, best pre 0.198279,  best recall 0.344477
2021-08-31 13:48:07,535-INFO:----------------------result@15--------------------------
2021-08-31 13:48:07,535-INFO:success rate at method level 0.828571
2021-08-31 13:48:07,535-INFO:mean precision:0.193143, mean recall:0.377553
2021-08-31 13:48:07,537-INFO:**********************************************************
2021-08-31 13:48:07,537-INFO:success rate at project level 0.813074
2021-08-31 13:48:07,537-INFO:mean precision:0.189934, mean recall:0.354005
2021-08-31 13:48:07,537-WARNING:method level => top 15 : best suc 0.828571, best pre 0.193143,  best recall 0.377553
2021-08-31 13:48:07,537-WARNING:project level => top 15 : best suc 0.813074, best pre 0.189934,  best recall 0.354005
2021-08-31 13:48:07,539-INFO:----------------------result@16--------------------------
2021-08-31 13:48:07,539-INFO:success rate at method level 0.828571
2021-08-31 13:48:07,539-INFO:mean precision:0.183929, mean recall:0.382324
2021-08-31 13:48:07,540-INFO:**********************************************************
2021-08-31 13:48:07,540-INFO:success rate at project level 0.813074
2021-08-31 13:48:07,540-INFO:mean precision:0.182279, mean recall:0.361054
2021-08-31 13:48:07,540-WARNING:method level => top 16 : best suc 0.828571, best pre 0.183929,  best recall 0.382324
2021-08-31 13:48:07,540-WARNING:project level => top 16 : best suc 0.813074, best pre 0.182279,  best recall 0.361054
2021-08-31 13:48:07,542-INFO:----------------------result@17--------------------------
2021-08-31 13:48:07,542-INFO:success rate at method level 0.828571
2021-08-31 13:48:07,542-INFO:mean precision:0.177479, mean recall:0.389382
2021-08-31 13:48:07,544-INFO:**********************************************************
2021-08-31 13:48:07,544-INFO:success rate at project level 0.813074
2021-08-31 13:48:07,544-INFO:mean precision:0.176580, mean recall:0.367896
2021-08-31 13:48:07,544-WARNING:method level => top 17 : best suc 0.828571, best pre 0.177479,  best recall 0.389382
2021-08-31 13:48:07,544-WARNING:project level => top 17 : best suc 0.813074, best pre 0.176580,  best recall 0.367896
2021-08-31 13:48:07,546-INFO:----------------------result@18--------------------------
2021-08-31 13:48:07,546-INFO:success rate at method level 0.834286
2021-08-31 13:48:07,546-INFO:mean precision:0.170476, mean recall:0.394571
2021-08-31 13:48:07,547-INFO:**********************************************************
2021-08-31 13:48:07,547-INFO:success rate at project level 0.817460
2021-08-31 13:48:07,547-INFO:mean precision:0.170234, mean recall:0.375366
2021-08-31 13:48:07,547-WARNING:method level => top 18 : best suc 0.834286, best pre 0.170476,  best recall 0.394571
2021-08-31 13:48:07,547-WARNING:project level => top 18 : best suc 0.817460, best pre 0.170234,  best recall 0.375366
2021-08-31 13:48:07,549-INFO:----------------------result@19--------------------------
2021-08-31 13:48:07,549-INFO:success rate at method level 0.845714
2021-08-31 13:48:07,549-INFO:mean precision:0.164511, mean recall:0.401036
2021-08-31 13:48:07,551-INFO:**********************************************************
2021-08-31 13:48:07,551-INFO:success rate at project level 0.829156
2021-08-31 13:48:07,551-INFO:mean precision:0.166750, mean recall:0.388818
2021-08-31 13:48:07,551-WARNING:method level => top 19 : best suc 0.845714, best pre 0.164511,  best recall 0.401036
2021-08-31 13:48:07,551-WARNING:project level => top 19 : best suc 0.829156, best pre 0.166750,  best recall 0.388818
2021-08-31 13:48:07,553-INFO:----------------------result@20--------------------------
2021-08-31 13:48:07,553-INFO:success rate at method level 0.845714
2021-08-31 13:48:07,553-INFO:mean precision:0.156857, mean recall:0.401582
2021-08-31 13:48:07,554-INFO:**********************************************************
2021-08-31 13:48:07,554-INFO:success rate at project level 0.829156
2021-08-31 13:48:07,554-INFO:mean precision:0.158796, mean recall:0.389177
2021-08-31 13:48:07,555-WARNING:method level => top 20 : best suc 0.845714, best pre 0.156857,  best recall 0.401582
2021-08-31 13:48:07,555-WARNING:project level => top 20 : best suc 0.829156, best pre 0.158796,  best recall 0.389177
2021-08-31 13:48:07,569-INFO:MAP: 0.265830
