2021-08-31 06:40:26,292-INFO:test start. test set size: 175
2021-08-31 06:43:53,853-INFO:test end time: 207.56123423576355s
2021-08-31 06:43:53,857-INFO:----------------------result@1--------------------------
2021-08-31 06:43:53,858-INFO:success rate at method level 0.520000
2021-08-31 06:43:53,858-INFO:mean precision:0.520000, mean recall:0.080203
2021-08-31 06:43:53,859-INFO:**********************************************************
2021-08-31 06:43:53,859-INFO:success rate at project level 0.489243
2021-08-31 06:43:53,859-INFO:mean precision:0.489243, mean recall:0.070961
2021-08-31 06:43:53,860-WARNING:method level => top 1 : best suc 0.520000, best pre 0.520000,  best recall 0.080203
2021-08-31 06:43:53,860-WARNING:project level => top 1 : best suc 0.489243, best pre 0.489243,  best recall 0.070961
2021-08-31 06:43:53,861-INFO:----------------------result@2--------------------------
2021-08-31 06:43:53,861-INFO:success rate at method level 0.657143
2021-08-31 06:43:53,862-INFO:mean precision:0.465714, mean recall:0.138885
2021-08-31 06:43:53,863-INFO:**********************************************************
2021-08-31 06:43:53,863-INFO:success rate at project level 0.620895
2021-08-31 06:43:53,863-INFO:mean precision:0.454931, mean recall:0.127115
2021-08-31 06:43:53,863-WARNING:method level => top 2 : best suc 0.657143, best pre 0.465714,  best recall 0.138885
2021-08-31 06:43:53,863-WARNING:project level => top 2 : best suc 0.620895, best pre 0.454931,  best recall 0.127115
2021-08-31 06:43:53,865-INFO:----------------------result@3--------------------------
2021-08-31 06:43:53,865-INFO:success rate at method level 0.714286
2021-08-31 06:43:53,865-INFO:mean precision:0.409524, mean recall:0.177120
2021-08-31 06:43:53,867-INFO:**********************************************************
2021-08-31 06:43:53,867-INFO:success rate at project level 0.673977
2021-08-31 06:43:53,867-INFO:mean precision:0.402580, mean recall:0.165222
2021-08-31 06:43:53,867-WARNING:method level => top 3 : best suc 0.714286, best pre 0.409524,  best recall 0.177120
2021-08-31 06:43:53,868-WARNING:project level => top 3 : best suc 0.673977, best pre 0.402580,  best recall 0.165222
2021-08-31 06:43:53,869-INFO:----------------------result@4--------------------------
2021-08-31 06:43:53,869-INFO:success rate at method level 0.748571
2021-08-31 06:43:53,869-INFO:mean precision:0.370000, mean recall:0.215749
2021-08-31 06:43:53,870-INFO:**********************************************************
2021-08-31 06:43:53,870-INFO:success rate at project level 0.715017
2021-08-31 06:43:53,871-INFO:mean precision:0.352409, mean recall:0.194886
2021-08-31 06:43:53,871-WARNING:method level => top 4 : best suc 0.748571, best pre 0.370000,  best recall 0.215749
2021-08-31 06:43:53,871-WARNING:project level => top 4 : best suc 0.715017, best pre 0.352409,  best recall 0.194886
2021-08-31 06:43:53,872-INFO:----------------------result@5--------------------------
2021-08-31 06:43:53,873-INFO:success rate at method level 0.765714
2021-08-31 06:43:53,873-INFO:mean precision:0.332571, mean recall:0.236097
2021-08-31 06:43:53,874-INFO:**********************************************************
2021-08-31 06:43:53,874-INFO:success rate at project level 0.722327
2021-08-31 06:43:53,874-INFO:mean precision:0.317571, mean recall:0.213072
2021-08-31 06:43:53,875-WARNING:method level => top 5 : best suc 0.765714, best pre 0.332571,  best recall 0.236097
2021-08-31 06:43:53,875-WARNING:project level => top 5 : best suc 0.722327, best pre 0.317571,  best recall 0.213072
2021-08-31 06:43:53,876-INFO:----------------------result@6--------------------------
2021-08-31 06:43:53,876-INFO:success rate at method level 0.794286
2021-08-31 06:43:53,876-INFO:mean precision:0.306667, mean recall:0.259627
2021-08-31 06:43:53,878-INFO:**********************************************************
2021-08-31 06:43:53,878-INFO:success rate at project level 0.769946
2021-08-31 06:43:53,878-INFO:mean precision:0.300059, mean recall:0.240143
2021-08-31 06:43:53,878-WARNING:method level => top 6 : best suc 0.794286, best pre 0.306667,  best recall 0.259627
2021-08-31 06:43:53,878-WARNING:project level => top 6 : best suc 0.769946, best pre 0.300059,  best recall 0.240143
2021-08-31 06:43:53,880-INFO:----------------------result@7--------------------------
2021-08-31 06:43:53,880-INFO:success rate at method level 0.817143
2021-08-31 06:43:53,880-INFO:mean precision:0.285714, mean recall:0.276810
2021-08-31 06:43:53,881-INFO:**********************************************************
2021-08-31 06:43:53,881-INFO:success rate at project level 0.797723
2021-08-31 06:43:53,881-INFO:mean precision:0.286290, mean recall:0.263500
2021-08-31 06:43:53,882-WARNING:method level => top 7 : best suc 0.817143, best pre 0.285714,  best recall 0.276810
2021-08-31 06:43:53,882-WARNING:project level => top 7 : best suc 0.797723, best pre 0.286290,  best recall 0.263500
2021-08-31 06:43:53,883-INFO:----------------------result@8--------------------------
2021-08-31 06:43:53,883-INFO:success rate at method level 0.840000
2021-08-31 06:43:53,883-INFO:mean precision:0.265714, mean recall:0.290114
2021-08-31 06:43:53,885-INFO:**********************************************************
2021-08-31 06:43:53,885-INFO:success rate at project level 0.839390
2021-08-31 06:43:53,885-INFO:mean precision:0.268766, mean recall:0.279782
2021-08-31 06:43:53,885-WARNING:method level => top 8 : best suc 0.840000, best pre 0.265714,  best recall 0.290114
2021-08-31 06:43:53,885-WARNING:project level => top 8 : best suc 0.839390, best pre 0.268766,  best recall 0.279782
2021-08-31 06:43:53,886-INFO:----------------------result@9--------------------------
2021-08-31 06:43:53,886-INFO:success rate at method level 0.857143
2021-08-31 06:43:53,886-INFO:mean precision:0.255238, mean recall:0.311669
2021-08-31 06:43:53,888-INFO:**********************************************************
2021-08-31 06:43:53,888-INFO:success rate at project level 0.856057
2021-08-31 06:43:53,888-INFO:mean precision:0.263375, mean recall:0.307731
2021-08-31 06:43:53,888-WARNING:method level => top 9 : best suc 0.857143, best pre 0.255238,  best recall 0.311669
2021-08-31 06:43:53,888-WARNING:project level => top 9 : best suc 0.856057, best pre 0.263375,  best recall 0.307731
2021-08-31 06:43:53,889-INFO:----------------------result@10--------------------------
2021-08-31 06:43:53,889-INFO:success rate at method level 0.868571
2021-08-31 06:43:53,889-INFO:mean precision:0.244000, mean recall:0.326241
2021-08-31 06:43:53,890-INFO:**********************************************************
2021-08-31 06:43:53,891-INFO:success rate at project level 0.863576
2021-08-31 06:43:53,891-INFO:mean precision:0.252148, mean recall:0.322723
2021-08-31 06:43:53,891-WARNING:method level => top 10 : best suc 0.868571, best pre 0.244000,  best recall 0.326241
2021-08-31 06:43:53,891-WARNING:project level => top 10 : best suc 0.863576, best pre 0.252148,  best recall 0.322723
2021-08-31 06:43:53,892-INFO:----------------------result@11--------------------------
2021-08-31 06:43:53,892-INFO:success rate at method level 0.868571
2021-08-31 06:43:53,892-INFO:mean precision:0.228571, mean recall:0.332668
2021-08-31 06:43:53,893-INFO:**********************************************************
2021-08-31 06:43:53,893-INFO:success rate at project level 0.863576
2021-08-31 06:43:53,894-INFO:mean precision:0.237791, mean recall:0.330990
2021-08-31 06:43:53,894-WARNING:method level => top 11 : best suc 0.868571, best pre 0.228571,  best recall 0.332668
2021-08-31 06:43:53,894-WARNING:project level => top 11 : best suc 0.863576, best pre 0.237791,  best recall 0.330990
2021-08-31 06:43:53,895-INFO:----------------------result@12--------------------------
2021-08-31 06:43:53,895-INFO:success rate at method level 0.868571
2021-08-31 06:43:53,895-INFO:mean precision:0.220000, mean recall:0.345748
2021-08-31 06:43:53,896-INFO:**********************************************************
2021-08-31 06:43:53,896-INFO:success rate at project level 0.863576
2021-08-31 06:43:53,896-INFO:mean precision:0.228066, mean recall:0.343119
2021-08-31 06:43:53,897-WARNING:method level => top 12 : best suc 0.868571, best pre 0.220000,  best recall 0.345748
2021-08-31 06:43:53,897-WARNING:project level => top 12 : best suc 0.863576, best pre 0.228066,  best recall 0.343119
2021-08-31 06:43:53,898-INFO:----------------------result@13--------------------------
2021-08-31 06:43:53,898-INFO:success rate at method level 0.868571
2021-08-31 06:43:53,898-INFO:mean precision:0.213626, mean recall:0.360791
2021-08-31 06:43:53,899-INFO:**********************************************************
2021-08-31 06:43:53,899-INFO:success rate at project level 0.863576
2021-08-31 06:43:53,899-INFO:mean precision:0.219396, mean recall:0.354807
2021-08-31 06:43:53,899-WARNING:method level => top 13 : best suc 0.868571, best pre 0.213626,  best recall 0.360791
2021-08-31 06:43:53,899-WARNING:project level => top 13 : best suc 0.863576, best pre 0.219396,  best recall 0.354807
2021-08-31 06:43:53,901-INFO:----------------------result@14--------------------------
2021-08-31 06:43:53,901-INFO:success rate at method level 0.885714
2021-08-31 06:43:53,901-INFO:mean precision:0.206122, mean recall:0.378326
2021-08-31 06:43:53,902-INFO:**********************************************************
2021-08-31 06:43:53,902-INFO:success rate at project level 0.892084
2021-08-31 06:43:53,902-INFO:mean precision:0.213066, mean recall:0.376187
2021-08-31 06:43:53,902-WARNING:method level => top 14 : best suc 0.885714, best pre 0.206122,  best recall 0.378326
2021-08-31 06:43:53,902-WARNING:project level => top 14 : best suc 0.892084, best pre 0.213066,  best recall 0.376187
2021-08-31 06:43:53,903-INFO:----------------------result@15--------------------------
2021-08-31 06:43:53,903-INFO:success rate at method level 0.885714
2021-08-31 06:43:53,904-INFO:mean precision:0.196952, mean recall:0.385399
2021-08-31 06:43:53,905-INFO:**********************************************************
2021-08-31 06:43:53,905-INFO:success rate at project level 0.892084
2021-08-31 06:43:53,905-INFO:mean precision:0.203545, mean recall:0.383527
2021-08-31 06:43:53,905-WARNING:method level => top 15 : best suc 0.885714, best pre 0.196952,  best recall 0.385399
2021-08-31 06:43:53,905-WARNING:project level => top 15 : best suc 0.892084, best pre 0.203545,  best recall 0.383527
2021-08-31 06:43:53,907-INFO:----------------------result@16--------------------------
2021-08-31 06:43:53,907-INFO:success rate at method level 0.897143
2021-08-31 06:43:53,907-INFO:mean precision:0.188571, mean recall:0.394869
2021-08-31 06:43:53,908-INFO:**********************************************************
2021-08-31 06:43:53,908-INFO:success rate at project level 0.898663
2021-08-31 06:43:53,908-INFO:mean precision:0.194282, mean recall:0.392715
2021-08-31 06:43:53,909-WARNING:method level => top 16 : best suc 0.897143, best pre 0.188571,  best recall 0.394869
2021-08-31 06:43:53,909-WARNING:project level => top 16 : best suc 0.898663, best pre 0.194282,  best recall 0.392715
2021-08-31 06:43:53,910-INFO:----------------------result@17--------------------------
2021-08-31 06:43:53,910-INFO:success rate at method level 0.897143
2021-08-31 06:43:53,910-INFO:mean precision:0.180840, mean recall:0.400826
2021-08-31 06:43:53,911-INFO:**********************************************************
2021-08-31 06:43:53,911-INFO:success rate at project level 0.898663
2021-08-31 06:43:53,912-INFO:mean precision:0.187383, mean recall:0.400653
2021-08-31 06:43:53,912-WARNING:method level => top 17 : best suc 0.897143, best pre 0.180840,  best recall 0.400826
2021-08-31 06:43:53,912-WARNING:project level => top 17 : best suc 0.898663, best pre 0.187383,  best recall 0.400653
2021-08-31 06:43:53,913-INFO:----------------------result@18--------------------------
2021-08-31 06:43:53,913-INFO:success rate at method level 0.902857
2021-08-31 06:43:53,913-INFO:mean precision:0.173968, mean recall:0.406154
2021-08-31 06:43:53,915-INFO:**********************************************************
2021-08-31 06:43:53,915-INFO:success rate at project level 0.903049
2021-08-31 06:43:53,915-INFO:mean precision:0.181251, mean recall:0.408467
2021-08-31 06:43:53,915-WARNING:method level => top 18 : best suc 0.902857, best pre 0.173968,  best recall 0.406154
2021-08-31 06:43:53,915-WARNING:project level => top 18 : best suc 0.903049, best pre 0.181251,  best recall 0.408467
2021-08-31 06:43:53,917-INFO:----------------------result@19--------------------------
2021-08-31 06:43:53,917-INFO:success rate at method level 0.914286
2021-08-31 06:43:53,917-INFO:mean precision:0.168421, mean recall:0.413615
2021-08-31 06:43:53,918-INFO:**********************************************************
2021-08-31 06:43:53,918-INFO:success rate at project level 0.910359
2021-08-31 06:43:53,918-INFO:mean precision:0.177078, mean recall:0.420306
2021-08-31 06:43:53,919-WARNING:method level => top 19 : best suc 0.914286, best pre 0.168421,  best recall 0.413615
2021-08-31 06:43:53,919-WARNING:project level => top 19 : best suc 0.910359, best pre 0.177078,  best recall 0.420306
2021-08-31 06:43:53,920-INFO:----------------------result@20--------------------------
2021-08-31 06:43:53,920-INFO:success rate at method level 0.920000
2021-08-31 06:43:53,920-INFO:mean precision:0.161714, mean recall:0.418722
2021-08-31 06:43:53,922-INFO:**********************************************************
2021-08-31 06:43:53,922-INFO:success rate at project level 0.914119
2021-08-31 06:43:53,922-INFO:mean precision:0.169148, mean recall:0.422418
2021-08-31 06:43:53,922-WARNING:method level => top 20 : best suc 0.920000, best pre 0.161714,  best recall 0.418722
2021-08-31 06:43:53,922-WARNING:project level => top 20 : best suc 0.914119, best pre 0.169148,  best recall 0.422418
2021-08-31 06:43:53,937-INFO:MAP: 0.265825
