2021-09-21 15:18:32,594-WARNING:train time : 1422
2021-09-21 15:18:32,595-INFO:================================================
2021-09-21 15:18:32,595-INFO:minsup:100.000000;
2021-09-21 15:18:32,605-INFO:test start. test set size: 175
2021-09-21 15:19:13,478-INFO:test end time: 40.87315392494202s
2021-09-21 15:19:13,480-INFO:----------------------result@1--------------------------
2021-09-21 15:19:13,480-INFO:success rate at method level 0.491429
2021-09-21 15:19:13,480-INFO:mean precision:0.491429, mean recall:0.077875
2021-09-21 15:19:13,482-INFO:**********************************************************
2021-09-21 15:19:13,482-INFO:success rate at project level 0.415527
2021-09-21 15:19:13,482-INFO:mean precision:0.415527, mean recall:0.064342
2021-09-21 15:19:13,482-WARNING:method level => top 1 : best suc 0.491429, best pre 0.491429,  best recall 0.077875
2021-09-21 15:19:13,482-WARNING:project level => top 1 : best suc 0.415527, best pre 0.415527,  best recall 0.064342
2021-09-21 15:19:13,484-INFO:----------------------result@2--------------------------
2021-09-21 15:19:13,484-INFO:success rate at method level 0.622857
2021-09-21 15:19:13,484-INFO:mean precision:0.431429, mean recall:0.131269
2021-09-21 15:19:13,486-INFO:**********************************************************
2021-09-21 15:19:13,486-INFO:success rate at project level 0.538188
2021-09-21 15:19:13,486-INFO:mean precision:0.379671, mean recall:0.112333
2021-09-21 15:19:13,486-WARNING:method level => top 2 : best suc 0.622857, best pre 0.431429,  best recall 0.131269
2021-09-21 15:19:13,486-WARNING:project level => top 2 : best suc 0.538188, best pre 0.379671,  best recall 0.112333
2021-09-21 15:19:13,488-INFO:----------------------result@3--------------------------
2021-09-21 15:19:13,488-INFO:success rate at method level 0.668571
2021-09-21 15:19:13,488-INFO:mean precision:0.373333, mean recall:0.165186
2021-09-21 15:19:13,489-INFO:**********************************************************
2021-09-21 15:19:13,489-INFO:success rate at project level 0.586633
2021-09-21 15:19:13,489-INFO:mean precision:0.329282, mean recall:0.143026
2021-09-21 15:19:13,489-WARNING:method level => top 3 : best suc 0.668571, best pre 0.373333,  best recall 0.165186
2021-09-21 15:19:13,489-WARNING:project level => top 3 : best suc 0.586633, best pre 0.329282,  best recall 0.143026
2021-09-21 15:19:13,491-INFO:----------------------result@4--------------------------
2021-09-21 15:19:13,491-INFO:success rate at method level 0.720000
2021-09-21 15:19:13,491-INFO:mean precision:0.350000, mean recall:0.206941
2021-09-21 15:19:13,492-INFO:**********************************************************
2021-09-21 15:19:13,492-INFO:success rate at project level 0.659252
2021-09-21 15:19:13,492-INFO:mean precision:0.311296, mean recall:0.181179
2021-09-21 15:19:13,492-WARNING:method level => top 4 : best suc 0.720000, best pre 0.350000,  best recall 0.206941
2021-09-21 15:19:13,492-WARNING:project level => top 4 : best suc 0.659252, best pre 0.311296,  best recall 0.181179
2021-09-21 15:19:13,494-INFO:----------------------result@5--------------------------
2021-09-21 15:19:13,494-INFO:success rate at method level 0.742857
2021-09-21 15:19:13,494-INFO:mean precision:0.316571, mean recall:0.230017
2021-09-21 15:19:13,495-INFO:**********************************************************
2021-09-21 15:19:13,495-INFO:success rate at project level 0.672515
2021-09-21 15:19:13,495-INFO:mean precision:0.280929, mean recall:0.199065
2021-09-21 15:19:13,495-WARNING:method level => top 5 : best suc 0.742857, best pre 0.316571,  best recall 0.230017
2021-09-21 15:19:13,495-WARNING:project level => top 5 : best suc 0.672515, best pre 0.280929,  best recall 0.199065
2021-09-21 15:19:13,496-INFO:----------------------result@6--------------------------
2021-09-21 15:19:13,496-INFO:success rate at method level 0.760000
2021-09-21 15:19:13,496-INFO:mean precision:0.283810, mean recall:0.244247
2021-09-21 15:19:13,498-INFO:**********************************************************
2021-09-21 15:19:13,498-INFO:success rate at project level 0.725146
2021-09-21 15:19:13,498-INFO:mean precision:0.263043, mean recall:0.218807
2021-09-21 15:19:13,498-WARNING:method level => top 6 : best suc 0.760000, best pre 0.283810,  best recall 0.244247
2021-09-21 15:19:13,498-WARNING:project level => top 6 : best suc 0.725146, best pre 0.263043,  best recall 0.218807
2021-09-21 15:19:13,499-INFO:----------------------result@7--------------------------
2021-09-21 15:19:13,499-INFO:success rate at method level 0.782857
2021-09-21 15:19:13,499-INFO:mean precision:0.264490, mean recall:0.259290
2021-09-21 15:19:13,500-INFO:**********************************************************
2021-09-21 15:19:13,500-INFO:success rate at project level 0.766082
2021-09-21 15:19:13,500-INFO:mean precision:0.256445, mean recall:0.242374
2021-09-21 15:19:13,501-WARNING:method level => top 7 : best suc 0.782857, best pre 0.264490,  best recall 0.259290
2021-09-21 15:19:13,501-WARNING:project level => top 7 : best suc 0.766082, best pre 0.256445,  best recall 0.242374
2021-09-21 15:19:13,502-INFO:----------------------result@8--------------------------
2021-09-21 15:19:13,502-INFO:success rate at method level 0.794286
2021-09-21 15:19:13,502-INFO:mean precision:0.242857, mean recall:0.268000
2021-09-21 15:19:13,503-INFO:**********************************************************
2021-09-21 15:19:13,503-INFO:success rate at project level 0.772661
2021-09-21 15:19:13,503-INFO:mean precision:0.237103, mean recall:0.252152
2021-09-21 15:19:13,503-WARNING:method level => top 8 : best suc 0.794286, best pre 0.242857,  best recall 0.268000
2021-09-21 15:19:13,503-WARNING:project level => top 8 : best suc 0.772661, best pre 0.237103,  best recall 0.252152
2021-09-21 15:19:13,505-INFO:----------------------result@9--------------------------
2021-09-21 15:19:13,505-INFO:success rate at method level 0.800000
2021-09-21 15:19:13,505-INFO:mean precision:0.233651, mean recall:0.285903
2021-09-21 15:19:13,506-INFO:**********************************************************
2021-09-21 15:19:13,506-INFO:success rate at project level 0.785819
2021-09-21 15:19:13,506-INFO:mean precision:0.227761, mean recall:0.267437
2021-09-21 15:19:13,506-WARNING:method level => top 9 : best suc 0.800000, best pre 0.233651,  best recall 0.285903
2021-09-21 15:19:13,506-WARNING:project level => top 9 : best suc 0.785819, best pre 0.227761,  best recall 0.267437
2021-09-21 15:19:13,507-INFO:----------------------result@10--------------------------
2021-09-21 15:19:13,507-INFO:success rate at method level 0.800000
2021-09-21 15:19:13,507-INFO:mean precision:0.216571, mean recall:0.292353
2021-09-21 15:19:13,508-INFO:**********************************************************
2021-09-21 15:19:13,508-INFO:success rate at project level 0.785819
2021-09-21 15:19:13,509-INFO:mean precision:0.210990, mean recall:0.274316
2021-09-21 15:19:13,509-WARNING:method level => top 10 : best suc 0.800000, best pre 0.216571,  best recall 0.292353
2021-09-21 15:19:13,509-WARNING:project level => top 10 : best suc 0.785819, best pre 0.210990,  best recall 0.274316
2021-09-21 15:19:13,510-INFO:----------------------result@11--------------------------
2021-09-21 15:19:13,510-INFO:success rate at method level 0.800000
2021-09-21 15:19:13,510-INFO:mean precision:0.205714, mean recall:0.300985
2021-09-21 15:19:13,511-INFO:**********************************************************
2021-09-21 15:19:13,511-INFO:success rate at project level 0.785819
2021-09-21 15:19:13,511-INFO:mean precision:0.199406, mean recall:0.281545
2021-09-21 15:19:13,511-WARNING:method level => top 11 : best suc 0.800000, best pre 0.205714,  best recall 0.300985
2021-09-21 15:19:13,511-WARNING:project level => top 11 : best suc 0.785819, best pre 0.199406,  best recall 0.281545
2021-09-21 15:19:13,513-INFO:----------------------result@12--------------------------
2021-09-21 15:19:13,513-INFO:success rate at method level 0.805714
2021-09-21 15:19:13,513-INFO:mean precision:0.195238, mean recall:0.309603
2021-09-21 15:19:13,514-INFO:**********************************************************
2021-09-21 15:19:13,514-INFO:success rate at project level 0.789578
2021-09-21 15:19:13,514-INFO:mean precision:0.189788, mean recall:0.289536
2021-09-21 15:19:13,514-WARNING:method level => top 12 : best suc 0.805714, best pre 0.195238,  best recall 0.309603
2021-09-21 15:19:13,514-WARNING:project level => top 12 : best suc 0.789578, best pre 0.189788,  best recall 0.289536
2021-09-21 15:19:13,515-INFO:----------------------result@13--------------------------
2021-09-21 15:19:13,515-INFO:success rate at method level 0.805714
2021-09-21 15:19:13,515-INFO:mean precision:0.191648, mean recall:0.326633
2021-09-21 15:19:13,517-INFO:**********************************************************
2021-09-21 15:19:13,517-INFO:success rate at project level 0.789578
2021-09-21 15:19:13,517-INFO:mean precision:0.184203, mean recall:0.302198
2021-09-21 15:19:13,517-WARNING:method level => top 13 : best suc 0.805714, best pre 0.191648,  best recall 0.326633
2021-09-21 15:19:13,517-WARNING:project level => top 13 : best suc 0.789578, best pre 0.184203,  best recall 0.302198
2021-09-21 15:19:13,518-INFO:----------------------result@14--------------------------
2021-09-21 15:19:13,518-INFO:success rate at method level 0.822857
2021-09-21 15:19:13,518-INFO:mean precision:0.185714, mean recall:0.343954
2021-09-21 15:19:13,519-INFO:**********************************************************
2021-09-21 15:19:13,519-INFO:success rate at project level 0.809315
2021-09-21 15:19:13,519-INFO:mean precision:0.179875, mean recall:0.321360
2021-09-21 15:19:13,520-WARNING:method level => top 14 : best suc 0.822857, best pre 0.185714,  best recall 0.343954
2021-09-21 15:19:13,520-WARNING:project level => top 14 : best suc 0.809315, best pre 0.179875,  best recall 0.321360
2021-09-21 15:19:13,521-INFO:----------------------result@15--------------------------
2021-09-21 15:19:13,521-INFO:success rate at method level 0.828571
2021-09-21 15:19:13,521-INFO:mean precision:0.177143, mean recall:0.349938
2021-09-21 15:19:13,522-INFO:**********************************************************
2021-09-21 15:19:13,522-INFO:success rate at project level 0.811508
2021-09-21 15:19:13,522-INFO:mean precision:0.172049, mean recall:0.327783
2021-09-21 15:19:13,522-WARNING:method level => top 15 : best suc 0.828571, best pre 0.177143,  best recall 0.349938
2021-09-21 15:19:13,522-WARNING:project level => top 15 : best suc 0.811508, best pre 0.172049,  best recall 0.327783
2021-09-21 15:19:13,523-INFO:----------------------result@16--------------------------
2021-09-21 15:19:13,524-INFO:success rate at method level 0.834286
2021-09-21 15:19:13,524-INFO:mean precision:0.169286, mean recall:0.354792
2021-09-21 15:19:13,525-INFO:**********************************************************
2021-09-21 15:19:13,525-INFO:success rate at project level 0.815894
2021-09-21 15:19:13,525-INFO:mean precision:0.165893, mean recall:0.335150
2021-09-21 15:19:13,525-WARNING:method level => top 16 : best suc 0.834286, best pre 0.169286,  best recall 0.354792
2021-09-21 15:19:13,525-WARNING:project level => top 16 : best suc 0.815894, best pre 0.165893,  best recall 0.335150
2021-09-21 15:19:13,526-INFO:----------------------result@17--------------------------
2021-09-21 15:19:13,526-INFO:success rate at method level 0.840000
2021-09-21 15:19:13,526-INFO:mean precision:0.162017, mean recall:0.361153
2021-09-21 15:19:13,527-INFO:**********************************************************
2021-09-21 15:19:13,527-INFO:success rate at project level 0.829052
2021-09-21 15:19:13,527-INFO:mean precision:0.160011, mean recall:0.344900
2021-09-21 15:19:13,528-WARNING:method level => top 17 : best suc 0.840000, best pre 0.162017,  best recall 0.361153
2021-09-21 15:19:13,528-WARNING:project level => top 17 : best suc 0.829052, best pre 0.160011,  best recall 0.344900
2021-09-21 15:19:13,529-INFO:----------------------result@18--------------------------
2021-09-21 15:19:13,529-INFO:success rate at method level 0.840000
2021-09-21 15:19:13,529-INFO:mean precision:0.155238, mean recall:0.364559
2021-09-21 15:19:13,530-INFO:**********************************************************
2021-09-21 15:19:13,530-INFO:success rate at project level 0.829052
2021-09-21 15:19:13,530-INFO:mean precision:0.153402, mean recall:0.348435
2021-09-21 15:19:13,530-WARNING:method level => top 18 : best suc 0.840000, best pre 0.155238,  best recall 0.364559
2021-09-21 15:19:13,530-WARNING:project level => top 18 : best suc 0.829052, best pre 0.153402,  best recall 0.348435
2021-09-21 15:19:13,532-INFO:----------------------result@19--------------------------
2021-09-21 15:19:13,532-INFO:success rate at method level 0.851429
2021-09-21 15:19:13,532-INFO:mean precision:0.149173, mean recall:0.370775
2021-09-21 15:19:13,533-INFO:**********************************************************
2021-09-21 15:19:13,533-INFO:success rate at project level 0.835735
2021-09-21 15:19:13,533-INFO:mean precision:0.147658, mean recall:0.356189
2021-09-21 15:19:13,533-WARNING:method level => top 19 : best suc 0.851429, best pre 0.149173,  best recall 0.370775
2021-09-21 15:19:13,533-WARNING:project level => top 19 : best suc 0.835735, best pre 0.147658,  best recall 0.356189
2021-09-21 15:19:13,534-INFO:----------------------result@20--------------------------
2021-09-21 15:19:13,534-INFO:success rate at method level 0.851429
2021-09-21 15:19:13,534-INFO:mean precision:0.145714, mean recall:0.378606
2021-09-21 15:19:13,535-INFO:**********************************************************
2021-09-21 15:19:13,536-INFO:success rate at project level 0.835735
2021-09-21 15:19:13,536-INFO:mean precision:0.144840, mean recall:0.364521
2021-09-21 15:19:13,536-WARNING:method level => top 20 : best suc 0.851429, best pre 0.145714,  best recall 0.378606
2021-09-21 15:19:13,536-WARNING:project level => top 20 : best suc 0.835735, best pre 0.144840,  best recall 0.364521
2021-09-21 15:19:13,547-INFO:MAP: 0.243267
2021-09-21 15:50:16,485-WARNING:train time : 1385
2021-09-21 15:50:16,485-INFO:================================================
2021-09-21 15:50:16,485-INFO:minsup:2.000000;
2021-09-21 15:50:16,514-INFO:test start. test set size: 175
2021-09-21 15:50:58,361-INFO:test end time: 41.846450090408325s
2021-09-21 15:50:58,363-INFO:----------------------result@1--------------------------
2021-09-21 15:50:58,363-INFO:success rate at method level 0.508571
2021-09-21 15:50:58,364-INFO:mean precision:0.508571, mean recall:0.080229
2021-09-21 15:50:58,365-INFO:**********************************************************
2021-09-21 15:50:58,365-INFO:success rate at project level 0.457445
2021-09-21 15:50:58,365-INFO:mean precision:0.457445, mean recall:0.068894
2021-09-21 15:50:58,365-WARNING:method level => top 1 : best suc 0.508571, best pre 0.508571,  best recall 0.080229
2021-09-21 15:50:58,365-WARNING:project level => top 1 : best suc 0.457445, best pre 0.457445,  best recall 0.068894
2021-09-21 15:50:58,367-INFO:----------------------result@2--------------------------
2021-09-21 15:50:58,367-INFO:success rate at method level 0.651429
2021-09-21 15:50:58,367-INFO:mean precision:0.434286, mean recall:0.129719
2021-09-21 15:50:58,368-INFO:**********************************************************
2021-09-21 15:50:58,369-INFO:success rate at project level 0.593263
2021-09-21 15:50:58,369-INFO:mean precision:0.416137, mean recall:0.117834
2021-09-21 15:50:58,369-WARNING:method level => top 2 : best suc 0.651429, best pre 0.434286,  best recall 0.131269
2021-09-21 15:50:58,369-WARNING:project level => top 2 : best suc 0.593263, best pre 0.416137,  best recall 0.117834
2021-09-21 15:50:58,370-INFO:----------------------result@3--------------------------
2021-09-21 15:50:58,370-INFO:success rate at method level 0.691429
2021-09-21 15:50:58,370-INFO:mean precision:0.379048, mean recall:0.166684
2021-09-21 15:50:58,371-INFO:**********************************************************
2021-09-21 15:50:58,371-INFO:success rate at project level 0.635129
2021-09-21 15:50:58,371-INFO:mean precision:0.362887, mean recall:0.153703
2021-09-21 15:50:58,372-WARNING:method level => top 3 : best suc 0.691429, best pre 0.379048,  best recall 0.166684
2021-09-21 15:50:58,372-WARNING:project level => top 3 : best suc 0.635129, best pre 0.362887,  best recall 0.153703
2021-09-21 15:50:58,373-INFO:----------------------result@4--------------------------
2021-09-21 15:50:58,373-INFO:success rate at method level 0.737143
2021-09-21 15:50:58,373-INFO:mean precision:0.351429, mean recall:0.206020
2021-09-21 15:50:58,374-INFO:**********************************************************
2021-09-21 15:50:58,374-INFO:success rate at project level 0.691625
2021-09-21 15:50:58,374-INFO:mean precision:0.334599, mean recall:0.188178
2021-09-21 15:50:58,375-WARNING:method level => top 4 : best suc 0.737143, best pre 0.351429,  best recall 0.206941
2021-09-21 15:50:58,375-WARNING:project level => top 4 : best suc 0.691625, best pre 0.334599,  best recall 0.188178
2021-09-21 15:50:58,376-INFO:----------------------result@5--------------------------
2021-09-21 15:50:58,376-INFO:success rate at method level 0.748571
2021-09-21 15:50:58,376-INFO:mean precision:0.326857, mean recall:0.235652
2021-09-21 15:50:58,377-INFO:**********************************************************
2021-09-21 15:50:58,377-INFO:success rate at project level 0.702590
2021-09-21 15:50:58,377-INFO:mean precision:0.306362, mean recall:0.210055
2021-09-21 15:50:58,377-WARNING:method level => top 5 : best suc 0.748571, best pre 0.326857,  best recall 0.235652
2021-09-21 15:50:58,377-WARNING:project level => top 5 : best suc 0.702590, best pre 0.306362,  best recall 0.210055
2021-09-21 15:50:58,378-INFO:----------------------result@6--------------------------
2021-09-21 15:50:58,379-INFO:success rate at method level 0.765714
2021-09-21 15:50:58,379-INFO:mean precision:0.293333, mean recall:0.249762
2021-09-21 15:50:58,380-INFO:**********************************************************
2021-09-21 15:50:58,380-INFO:success rate at project level 0.742063
2021-09-21 15:50:58,380-INFO:mean precision:0.285861, mean recall:0.231768
2021-09-21 15:50:58,380-WARNING:method level => top 6 : best suc 0.765714, best pre 0.293333,  best recall 0.249762
2021-09-21 15:50:58,380-WARNING:project level => top 6 : best suc 0.742063, best pre 0.285861,  best recall 0.231768
2021-09-21 15:50:58,381-INFO:----------------------result@7--------------------------
2021-09-21 15:50:58,381-INFO:success rate at method level 0.777143
2021-09-21 15:50:58,381-INFO:mean precision:0.270204, mean recall:0.264226
2021-09-21 15:50:58,382-INFO:**********************************************************
2021-09-21 15:50:58,382-INFO:success rate at project level 0.747911
2021-09-21 15:50:58,382-INFO:mean precision:0.268052, mean recall:0.248867
2021-09-21 15:50:58,383-WARNING:method level => top 7 : best suc 0.782857, best pre 0.270204,  best recall 0.264226
2021-09-21 15:50:58,383-WARNING:project level => top 7 : best suc 0.766082, best pre 0.268052,  best recall 0.248867
2021-09-21 15:50:58,384-INFO:----------------------result@8--------------------------
2021-09-21 15:50:58,384-INFO:success rate at method level 0.788571
2021-09-21 15:50:58,384-INFO:mean precision:0.250000, mean recall:0.273718
2021-09-21 15:50:58,385-INFO:**********************************************************
2021-09-21 15:50:58,385-INFO:success rate at project level 0.754490
2021-09-21 15:50:58,385-INFO:mean precision:0.247624, mean recall:0.257523
2021-09-21 15:50:58,385-WARNING:method level => top 8 : best suc 0.794286, best pre 0.250000,  best recall 0.273718
2021-09-21 15:50:58,385-WARNING:project level => top 8 : best suc 0.772661, best pre 0.247624,  best recall 0.257523
2021-09-21 15:50:58,386-INFO:----------------------result@9--------------------------
2021-09-21 15:50:58,386-INFO:success rate at method level 0.800000
2021-09-21 15:50:58,387-INFO:mean precision:0.235556, mean recall:0.287267
2021-09-21 15:50:58,388-INFO:**********************************************************
2021-09-21 15:50:58,388-INFO:success rate at project level 0.776420
2021-09-21 15:50:58,388-INFO:mean precision:0.234049, mean recall:0.271414
2021-09-21 15:50:58,388-WARNING:method level => top 9 : best suc 0.800000, best pre 0.235556,  best recall 0.287267
2021-09-21 15:50:58,388-WARNING:project level => top 9 : best suc 0.785819, best pre 0.234049,  best recall 0.271414
2021-09-21 15:50:58,389-INFO:----------------------result@10--------------------------
2021-09-21 15:50:58,389-INFO:success rate at method level 0.805714
2021-09-21 15:50:58,390-INFO:mean precision:0.219429, mean recall:0.296501
2021-09-21 15:50:58,391-INFO:**********************************************************
2021-09-21 15:50:58,391-INFO:success rate at project level 0.789578
2021-09-21 15:50:58,391-INFO:mean precision:0.218013, mean recall:0.280692
2021-09-21 15:50:58,391-WARNING:method level => top 10 : best suc 0.805714, best pre 0.219429,  best recall 0.296501
2021-09-21 15:50:58,391-WARNING:project level => top 10 : best suc 0.789578, best pre 0.218013,  best recall 0.280692
2021-09-21 15:50:58,392-INFO:----------------------result@11--------------------------
2021-09-21 15:50:58,392-INFO:success rate at method level 0.805714
2021-09-21 15:50:58,392-INFO:mean precision:0.207792, mean recall:0.304438
2021-09-21 15:50:58,393-INFO:**********************************************************
2021-09-21 15:50:58,393-INFO:success rate at project level 0.789578
2021-09-21 15:50:58,393-INFO:mean precision:0.204951, mean recall:0.286996
2021-09-21 15:50:58,394-WARNING:method level => top 11 : best suc 0.805714, best pre 0.207792,  best recall 0.304438
2021-09-21 15:50:58,394-WARNING:project level => top 11 : best suc 0.789578, best pre 0.204951,  best recall 0.286996
2021-09-21 15:50:58,395-INFO:----------------------result@12--------------------------
2021-09-21 15:50:58,395-INFO:success rate at method level 0.805714
2021-09-21 15:50:58,395-INFO:mean precision:0.199524, mean recall:0.314416
2021-09-21 15:50:58,396-INFO:**********************************************************
2021-09-21 15:50:58,396-INFO:success rate at project level 0.789578
2021-09-21 15:50:58,396-INFO:mean precision:0.196540, mean recall:0.297126
2021-09-21 15:50:58,396-WARNING:method level => top 12 : best suc 0.805714, best pre 0.199524,  best recall 0.314416
2021-09-21 15:50:58,396-WARNING:project level => top 12 : best suc 0.789578, best pre 0.196540,  best recall 0.297126
2021-09-21 15:50:58,397-INFO:----------------------result@13--------------------------
2021-09-21 15:50:58,397-INFO:success rate at method level 0.805714
2021-09-21 15:50:58,398-INFO:mean precision:0.195165, mean recall:0.331235
2021-09-21 15:50:58,399-INFO:**********************************************************
2021-09-21 15:50:58,399-INFO:success rate at project level 0.789578
2021-09-21 15:50:58,399-INFO:mean precision:0.189981, mean recall:0.309856
2021-09-21 15:50:58,399-WARNING:method level => top 13 : best suc 0.805714, best pre 0.195165,  best recall 0.331235
2021-09-21 15:50:58,399-WARNING:project level => top 13 : best suc 0.789578, best pre 0.189981,  best recall 0.309856
2021-09-21 15:50:58,400-INFO:----------------------result@14--------------------------
2021-09-21 15:50:58,400-INFO:success rate at method level 0.817143
2021-09-21 15:50:58,400-INFO:mean precision:0.188163, mean recall:0.346546
2021-09-21 15:50:58,401-INFO:**********************************************************
2021-09-21 15:50:58,401-INFO:success rate at project level 0.804929
2021-09-21 15:50:58,401-INFO:mean precision:0.183657, mean recall:0.325353
2021-09-21 15:50:58,402-WARNING:method level => top 14 : best suc 0.822857, best pre 0.188163,  best recall 0.346546
2021-09-21 15:50:58,402-WARNING:project level => top 14 : best suc 0.809315, best pre 0.183657,  best recall 0.325353
2021-09-21 15:50:58,403-INFO:----------------------result@15--------------------------
2021-09-21 15:50:58,403-INFO:success rate at method level 0.822857
2021-09-21 15:50:58,403-INFO:mean precision:0.179810, mean recall:0.354264
2021-09-21 15:50:58,404-INFO:**********************************************************
2021-09-21 15:50:58,404-INFO:success rate at project level 0.807122
2021-09-21 15:50:58,404-INFO:mean precision:0.176866, mean recall:0.336227
2021-09-21 15:50:58,404-WARNING:method level => top 15 : best suc 0.828571, best pre 0.179810,  best recall 0.354264
2021-09-21 15:50:58,404-WARNING:project level => top 15 : best suc 0.811508, best pre 0.176866,  best recall 0.336227
2021-09-21 15:50:58,406-INFO:----------------------result@16--------------------------
2021-09-21 15:50:58,406-INFO:success rate at method level 0.828571
2021-09-21 15:50:58,406-INFO:mean precision:0.172857, mean recall:0.361368
2021-09-21 15:50:58,407-INFO:**********************************************************
2021-09-21 15:50:58,407-INFO:success rate at project level 0.811508
2021-09-21 15:50:58,407-INFO:mean precision:0.170379, mean recall:0.342575
2021-09-21 15:50:58,407-WARNING:method level => top 16 : best suc 0.834286, best pre 0.172857,  best recall 0.361368
2021-09-21 15:50:58,407-WARNING:project level => top 16 : best suc 0.815894, best pre 0.170379,  best recall 0.342575
2021-09-21 15:50:58,408-INFO:----------------------result@17--------------------------
2021-09-21 15:50:58,408-INFO:success rate at method level 0.840000
2021-09-21 15:50:58,409-INFO:mean precision:0.166387, mean recall:0.368642
2021-09-21 15:50:58,410-INFO:**********************************************************
2021-09-21 15:50:58,410-INFO:success rate at project level 0.823204
2021-09-21 15:50:58,410-INFO:mean precision:0.164714, mean recall:0.349629
2021-09-21 15:50:58,410-WARNING:method level => top 17 : best suc 0.840000, best pre 0.166387,  best recall 0.368642
2021-09-21 15:50:58,410-WARNING:project level => top 17 : best suc 0.829052, best pre 0.164714,  best recall 0.349629
2021-09-21 15:50:58,411-INFO:----------------------result@18--------------------------
2021-09-21 15:50:58,411-INFO:success rate at method level 0.845714
2021-09-21 15:50:58,411-INFO:mean precision:0.160317, mean recall:0.373773
2021-09-21 15:50:58,412-INFO:**********************************************************
2021-09-21 15:50:58,412-INFO:success rate at project level 0.826963
2021-09-21 15:50:58,412-INFO:mean precision:0.158756, mean recall:0.354586
2021-09-21 15:50:58,413-WARNING:method level => top 18 : best suc 0.845714, best pre 0.160317,  best recall 0.373773
2021-09-21 15:50:58,413-WARNING:project level => top 18 : best suc 0.829052, best pre 0.158756,  best recall 0.354586
2021-09-21 15:50:58,414-INFO:----------------------result@19--------------------------
2021-09-21 15:50:58,414-INFO:success rate at method level 0.851429
2021-09-21 15:50:58,414-INFO:mean precision:0.153383, mean recall:0.378282
2021-09-21 15:50:58,415-INFO:**********************************************************
2021-09-21 15:50:58,415-INFO:success rate at project level 0.829887
2021-09-21 15:50:58,415-INFO:mean precision:0.151214, mean recall:0.356450
2021-09-21 15:50:58,415-WARNING:method level => top 19 : best suc 0.851429, best pre 0.153383,  best recall 0.378282
2021-09-21 15:50:58,415-WARNING:project level => top 19 : best suc 0.835735, best pre 0.151214,  best recall 0.356450
2021-09-21 15:50:58,416-INFO:----------------------result@20--------------------------
2021-09-21 15:50:58,416-INFO:success rate at method level 0.851429
2021-09-21 15:50:58,417-INFO:mean precision:0.147143, mean recall:0.380665
2021-09-21 15:50:58,418-INFO:**********************************************************
2021-09-21 15:50:58,418-INFO:success rate at project level 0.829887
2021-09-21 15:50:58,418-INFO:mean precision:0.145605, mean recall:0.362389
2021-09-21 15:50:58,418-WARNING:method level => top 20 : best suc 0.851429, best pre 0.147143,  best recall 0.380665
2021-09-21 15:50:58,418-WARNING:project level => top 20 : best suc 0.835735, best pre 0.145605,  best recall 0.364521
2021-09-21 15:50:58,428-INFO:MAP: 0.247839
