2021-08-31 02:11:39,676-INFO:test start. test set size: 6844
2021-09-01 02:51:30,681-INFO:test end time: 88791.00481939316s
2021-09-01 02:51:30,742-INFO:----------------------result@1--------------------------
2021-09-01 02:51:30,742-INFO:success rate at method level 0.595704
2021-09-01 02:51:30,743-INFO:mean precision:0.595704, mean recall:0.104751
2021-09-01 02:51:30,748-INFO:**********************************************************
2021-09-01 02:51:30,748-INFO:success rate at project level 0.602840
2021-09-01 02:51:30,748-INFO:mean precision:0.602840, mean recall:0.100120
2021-09-01 02:51:30,750-WARNING:method level => top 1 : best suc 0.595704, best pre 0.595704,  best recall 0.104751
2021-09-01 02:51:30,750-WARNING:project level => top 1 : best suc 0.602840, best pre 0.602840,  best recall 0.100120
2021-09-01 02:51:30,799-INFO:----------------------result@2--------------------------
2021-09-01 02:51:30,799-INFO:success rate at method level 0.681327
2021-09-01 02:51:30,800-INFO:mean precision:0.504383, mean recall:0.176436
2021-09-01 02:51:30,804-INFO:**********************************************************
2021-09-01 02:51:30,804-INFO:success rate at project level 0.667511
2021-09-01 02:51:30,804-INFO:mean precision:0.514441, mean recall:0.168032
2021-09-01 02:51:30,805-WARNING:method level => top 2 : best suc 0.681327, best pre 0.504383,  best recall 0.176436
2021-09-01 02:51:30,805-WARNING:project level => top 2 : best suc 0.667511, best pre 0.514441,  best recall 0.168032
2021-09-01 02:51:30,854-INFO:----------------------result@3--------------------------
2021-09-01 02:51:30,854-INFO:success rate at method level 0.724430
2021-09-01 02:51:30,854-INFO:mean precision:0.430060, mean recall:0.224434
2021-09-01 02:51:30,859-INFO:**********************************************************
2021-09-01 02:51:30,859-INFO:success rate at project level 0.710410
2021-09-01 02:51:30,859-INFO:mean precision:0.436424, mean recall:0.211576
2021-09-01 02:51:30,860-WARNING:method level => top 3 : best suc 0.724430, best pre 0.430060,  best recall 0.224434
2021-09-01 02:51:30,860-WARNING:project level => top 3 : best suc 0.710410, best pre 0.436424,  best recall 0.211576
2021-09-01 02:51:30,905-INFO:----------------------result@4--------------------------
2021-09-01 02:51:30,905-INFO:success rate at method level 0.758621
2021-09-01 02:51:30,906-INFO:mean precision:0.385922, mean recall:0.267784
2021-09-01 02:51:30,910-INFO:**********************************************************
2021-09-01 02:51:30,910-INFO:success rate at project level 0.738346
2021-09-01 02:51:30,910-INFO:mean precision:0.387849, mean recall:0.248793
2021-09-01 02:51:30,911-WARNING:method level => top 4 : best suc 0.758621, best pre 0.385922,  best recall 0.267784
2021-09-01 02:51:30,911-WARNING:project level => top 4 : best suc 0.738346, best pre 0.387849,  best recall 0.248793
2021-09-01 02:51:30,955-INFO:----------------------result@5--------------------------
2021-09-01 02:51:30,955-INFO:success rate at method level 0.785652
2021-09-01 02:51:30,956-INFO:mean precision:0.353244, mean recall:0.304006
2021-09-01 02:51:30,960-INFO:**********************************************************
2021-09-01 02:51:30,960-INFO:success rate at project level 0.766878
2021-09-01 02:51:30,960-INFO:mean precision:0.353212, mean recall:0.278995
2021-09-01 02:51:30,961-WARNING:method level => top 5 : best suc 0.785652, best pre 0.353244,  best recall 0.304006
2021-09-01 02:51:30,961-WARNING:project level => top 5 : best suc 0.766878, best pre 0.353212,  best recall 0.278995
2021-09-01 02:51:31,004-INFO:----------------------result@6--------------------------
2021-09-01 02:51:31,004-INFO:success rate at method level 0.811660
2021-09-01 02:51:31,004-INFO:mean precision:0.320670, mean recall:0.328030
2021-09-01 02:51:31,009-INFO:**********************************************************
2021-09-01 02:51:31,009-INFO:success rate at project level 0.804727
2021-09-01 02:51:31,009-INFO:mean precision:0.325054, mean recall:0.306307
2021-09-01 02:51:31,011-WARNING:method level => top 6 : best suc 0.811660, best pre 0.320670,  best recall 0.328030
2021-09-01 02:51:31,011-WARNING:project level => top 6 : best suc 0.804727, best pre 0.325054,  best recall 0.306307
2021-09-01 02:51:31,055-INFO:----------------------result@7--------------------------
2021-09-01 02:51:31,055-INFO:success rate at method level 0.832992
2021-09-01 02:51:31,055-INFO:mean precision:0.295817, mean recall:0.350968
2021-09-01 02:51:31,060-INFO:**********************************************************
2021-09-01 02:51:31,060-INFO:success rate at project level 0.824023
2021-09-01 02:51:31,060-INFO:mean precision:0.303156, mean recall:0.331480
2021-09-01 02:51:31,062-WARNING:method level => top 7 : best suc 0.832992, best pre 0.295817,  best recall 0.350968
2021-09-01 02:51:31,062-WARNING:project level => top 7 : best suc 0.824023, best pre 0.303156,  best recall 0.331480
2021-09-01 02:51:31,104-INFO:----------------------result@8--------------------------
2021-09-01 02:51:31,104-INFO:success rate at method level 0.845266
2021-09-01 02:51:31,105-INFO:mean precision:0.275460, mean recall:0.371025
2021-09-01 02:51:31,110-INFO:**********************************************************
2021-09-01 02:51:31,110-INFO:success rate at project level 0.833831
2021-09-01 02:51:31,110-INFO:mean precision:0.284231, mean recall:0.350205
2021-09-01 02:51:31,111-WARNING:method level => top 8 : best suc 0.845266, best pre 0.275460,  best recall 0.371025
2021-09-01 02:51:31,111-WARNING:project level => top 8 : best suc 0.833831, best pre 0.284231,  best recall 0.350205
2021-09-01 02:51:31,153-INFO:----------------------result@9--------------------------
2021-09-01 02:51:31,153-INFO:success rate at method level 0.857393
2021-09-01 02:51:31,154-INFO:mean precision:0.257598, mean recall:0.388040
2021-09-01 02:51:31,158-INFO:**********************************************************
2021-09-01 02:51:31,158-INFO:success rate at project level 0.842026
2021-09-01 02:51:31,159-INFO:mean precision:0.266481, mean recall:0.365863
2021-09-01 02:51:31,160-WARNING:method level => top 9 : best suc 0.857393, best pre 0.257598,  best recall 0.388040
2021-09-01 02:51:31,160-WARNING:project level => top 9 : best suc 0.842026, best pre 0.266481,  best recall 0.365863
2021-09-01 02:51:31,201-INFO:----------------------result@10--------------------------
2021-09-01 02:51:31,201-INFO:success rate at method level 0.865722
2021-09-01 02:51:31,201-INFO:mean precision:0.243279, mean recall:0.405509
2021-09-01 02:51:31,206-INFO:**********************************************************
2021-09-01 02:51:31,206-INFO:success rate at project level 0.855049
2021-09-01 02:51:31,206-INFO:mean precision:0.251904, mean recall:0.381823
2021-09-01 02:51:31,207-WARNING:method level => top 10 : best suc 0.865722, best pre 0.243279,  best recall 0.405509
2021-09-01 02:51:31,207-WARNING:project level => top 10 : best suc 0.855049, best pre 0.251904,  best recall 0.381823
2021-09-01 02:51:31,248-INFO:----------------------result@11--------------------------
2021-09-01 02:51:31,248-INFO:success rate at method level 0.873612
2021-09-01 02:51:31,249-INFO:mean precision:0.230182, mean recall:0.420258
2021-09-01 02:51:31,254-INFO:**********************************************************
2021-09-01 02:51:31,254-INFO:success rate at project level 0.867290
2021-09-01 02:51:31,254-INFO:mean precision:0.239360, mean recall:0.396319
2021-09-01 02:51:31,255-WARNING:method level => top 11 : best suc 0.873612, best pre 0.230182,  best recall 0.420258
2021-09-01 02:51:31,255-WARNING:project level => top 11 : best suc 0.867290, best pre 0.239360,  best recall 0.396319
2021-09-01 02:51:31,296-INFO:----------------------result@12--------------------------
2021-09-01 02:51:31,296-INFO:success rate at method level 0.881794
2021-09-01 02:51:31,296-INFO:mean precision:0.218500, mean recall:0.434140
2021-09-01 02:51:31,301-INFO:**********************************************************
2021-09-01 02:51:31,301-INFO:success rate at project level 0.873814
2021-09-01 02:51:31,301-INFO:mean precision:0.226955, mean recall:0.408468
2021-09-01 02:51:31,302-WARNING:method level => top 12 : best suc 0.881794, best pre 0.218500,  best recall 0.434140
2021-09-01 02:51:31,302-WARNING:project level => top 12 : best suc 0.873814, best pre 0.226955,  best recall 0.408468
2021-09-01 02:51:31,343-INFO:----------------------result@13--------------------------
2021-09-01 02:51:31,343-INFO:success rate at method level 0.886908
2021-09-01 02:51:31,344-INFO:mean precision:0.207807, mean recall:0.446303
2021-09-01 02:51:31,348-INFO:**********************************************************
2021-09-01 02:51:31,348-INFO:success rate at project level 0.878629
2021-09-01 02:51:31,349-INFO:mean precision:0.217807, mean recall:0.423178
2021-09-01 02:51:31,350-WARNING:method level => top 13 : best suc 0.886908, best pre 0.207807,  best recall 0.446303
2021-09-01 02:51:31,350-WARNING:project level => top 13 : best suc 0.878629, best pre 0.217807,  best recall 0.423178
2021-09-01 02:51:31,390-INFO:----------------------result@14--------------------------
2021-09-01 02:51:31,390-INFO:success rate at method level 0.892607
2021-09-01 02:51:31,391-INFO:mean precision:0.198579, mean recall:0.458002
2021-09-01 02:51:31,396-INFO:**********************************************************
2021-09-01 02:51:31,396-INFO:success rate at project level 0.885490
2021-09-01 02:51:31,396-INFO:mean precision:0.208079, mean recall:0.435095
2021-09-01 02:51:31,397-WARNING:method level => top 14 : best suc 0.892607, best pre 0.198579,  best recall 0.458002
2021-09-01 02:51:31,397-WARNING:project level => top 14 : best suc 0.885490, best pre 0.208079,  best recall 0.435095
2021-09-01 02:51:31,437-INFO:----------------------result@15--------------------------
2021-09-01 02:51:31,437-INFO:success rate at method level 0.897428
2021-09-01 02:51:31,438-INFO:mean precision:0.190240, mean recall:0.468810
2021-09-01 02:51:31,442-INFO:**********************************************************
2021-09-01 02:51:31,442-INFO:success rate at project level 0.892114
2021-09-01 02:51:31,443-INFO:mean precision:0.199933, mean recall:0.445790
2021-09-01 02:51:31,444-WARNING:method level => top 15 : best suc 0.897428, best pre 0.190240,  best recall 0.468810
2021-09-01 02:51:31,444-WARNING:project level => top 15 : best suc 0.892114, best pre 0.199933,  best recall 0.445790
2021-09-01 02:51:31,486-INFO:----------------------result@16--------------------------
2021-09-01 02:51:31,486-INFO:success rate at method level 0.901958
2021-09-01 02:51:31,487-INFO:mean precision:0.182633, mean recall:0.479480
2021-09-01 02:51:31,492-INFO:**********************************************************
2021-09-01 02:51:31,492-INFO:success rate at project level 0.895854
2021-09-01 02:51:31,492-INFO:mean precision:0.193376, mean recall:0.457839
2021-09-01 02:51:31,493-WARNING:method level => top 16 : best suc 0.901958, best pre 0.182633,  best recall 0.479480
2021-09-01 02:51:31,493-WARNING:project level => top 16 : best suc 0.895854, best pre 0.193376,  best recall 0.457839
2021-09-01 02:51:31,534-INFO:----------------------result@17--------------------------
2021-09-01 02:51:31,534-INFO:success rate at method level 0.908095
2021-09-01 02:51:31,535-INFO:mean precision:0.175508, mean recall:0.488654
2021-09-01 02:51:31,539-INFO:**********************************************************
2021-09-01 02:51:31,540-INFO:success rate at project level 0.902581
2021-09-01 02:51:31,540-INFO:mean precision:0.185779, mean recall:0.466718
2021-09-01 02:51:31,541-WARNING:method level => top 17 : best suc 0.908095, best pre 0.175508,  best recall 0.488654
2021-09-01 02:51:31,541-WARNING:project level => top 17 : best suc 0.902581, best pre 0.185779,  best recall 0.466718
2021-09-01 02:51:31,583-INFO:----------------------result@18--------------------------
2021-09-01 02:51:31,583-INFO:success rate at method level 0.914962
2021-09-01 02:51:31,583-INFO:mean precision:0.169216, mean recall:0.498143
2021-09-01 02:51:31,588-INFO:**********************************************************
2021-09-01 02:51:31,588-INFO:success rate at project level 0.907511
2021-09-01 02:51:31,588-INFO:mean precision:0.178510, mean recall:0.473879
2021-09-01 02:51:31,589-WARNING:method level => top 18 : best suc 0.914962, best pre 0.169216,  best recall 0.498143
2021-09-01 02:51:31,590-WARNING:project level => top 18 : best suc 0.907511, best pre 0.178510,  best recall 0.473879
2021-09-01 02:51:31,630-INFO:----------------------result@19--------------------------
2021-09-01 02:51:31,631-INFO:success rate at method level 0.921829
2021-09-01 02:51:31,631-INFO:mean precision:0.163808, mean recall:0.508001
2021-09-01 02:51:31,640-INFO:**********************************************************
2021-09-01 02:51:31,640-INFO:success rate at project level 0.912930
2021-09-01 02:51:31,640-INFO:mean precision:0.172525, mean recall:0.482696
2021-09-01 02:51:31,642-WARNING:method level => top 19 : best suc 0.921829, best pre 0.163808,  best recall 0.508001
2021-09-01 02:51:31,642-WARNING:project level => top 19 : best suc 0.912930, best pre 0.172525,  best recall 0.482696
2021-09-01 02:51:31,685-INFO:----------------------result@20--------------------------
2021-09-01 02:51:31,685-INFO:success rate at method level 0.924459
2021-09-01 02:51:31,686-INFO:mean precision:0.158482, mean recall:0.516449
2021-09-01 02:51:31,691-INFO:**********************************************************
2021-09-01 02:51:31,691-INFO:success rate at project level 0.914823
2021-09-01 02:51:31,691-INFO:mean precision:0.166719, mean recall:0.489885
2021-09-01 02:51:31,692-WARNING:method level => top 20 : best suc 0.924459, best pre 0.158482,  best recall 0.516449
2021-09-01 02:51:31,692-WARNING:project level => top 20 : best suc 0.914823, best pre 0.166719,  best recall 0.489885
2021-09-01 02:51:32,129-INFO:MAP: 0.331272
