2021-09-21 08:11:33,925-WARNING:train time : 1553
2021-09-21 08:11:33,939-INFO:test start. test set size: 175
2021-09-21 08:12:22,581-INFO:test end time: 48.64149355888367s
2021-09-21 08:12:22,585-INFO:----------------------result@1--------------------------
2021-09-21 08:12:22,586-INFO:success rate at method level 0.525714
2021-09-21 08:12:22,586-INFO:mean precision:0.525714, mean recall:0.080794
2021-09-21 08:12:22,588-INFO:**********************************************************
2021-09-21 08:12:22,589-INFO:success rate at project level 0.495822
2021-09-21 08:12:22,589-INFO:mean precision:0.495822, mean recall:0.070881
2021-09-21 08:12:22,589-WARNING:method level => top 1 : best suc 0.525714, best pre 0.525714,  best recall 0.080794
2021-09-21 08:12:22,589-WARNING:project level => top 1 : best suc 0.495822, best pre 0.495822,  best recall 0.070881
2021-09-21 08:12:22,595-INFO:----------------------result@2--------------------------
2021-09-21 08:12:22,595-INFO:success rate at method level 0.680000
2021-09-21 08:12:22,595-INFO:mean precision:0.462857, mean recall:0.136761
2021-09-21 08:12:22,597-INFO:**********************************************************
2021-09-21 08:12:22,597-INFO:success rate at project level 0.642335
2021-09-21 08:12:22,597-INFO:mean precision:0.450019, mean recall:0.124434
2021-09-21 08:12:22,598-WARNING:method level => top 2 : best suc 0.680000, best pre 0.462857,  best recall 0.136761
2021-09-21 08:12:22,598-WARNING:project level => top 2 : best suc 0.642335, best pre 0.450019,  best recall 0.124434
2021-09-21 08:12:22,600-INFO:----------------------result@3--------------------------
2021-09-21 08:12:22,600-INFO:success rate at method level 0.720000
2021-09-21 08:12:22,600-INFO:mean precision:0.407619, mean recall:0.176256
2021-09-21 08:12:22,602-INFO:**********************************************************
2021-09-21 08:12:22,603-INFO:success rate at project level 0.676170
2021-09-21 08:12:22,603-INFO:mean precision:0.398522, mean recall:0.162479
2021-09-21 08:12:22,603-WARNING:method level => top 3 : best suc 0.720000, best pre 0.407619,  best recall 0.176256
2021-09-21 08:12:22,603-WARNING:project level => top 3 : best suc 0.676170, best pre 0.398522,  best recall 0.162479
2021-09-21 08:12:22,605-INFO:----------------------result@4--------------------------
2021-09-21 08:12:22,605-INFO:success rate at method level 0.748571
2021-09-21 08:12:22,606-INFO:mean precision:0.365714, mean recall:0.210927
2021-09-21 08:12:22,608-INFO:**********************************************************
2021-09-21 08:12:22,608-INFO:success rate at project level 0.715017
2021-09-21 08:12:22,608-INFO:mean precision:0.352699, mean recall:0.191178
2021-09-21 08:12:22,608-WARNING:method level => top 4 : best suc 0.748571, best pre 0.365714,  best recall 0.210927
2021-09-21 08:12:22,608-WARNING:project level => top 4 : best suc 0.715017, best pre 0.352699,  best recall 0.191178
2021-09-21 08:12:22,611-INFO:----------------------result@5--------------------------
2021-09-21 08:12:22,611-INFO:success rate at method level 0.782857
2021-09-21 08:12:22,611-INFO:mean precision:0.345143, mean recall:0.244862
2021-09-21 08:12:22,613-INFO:**********************************************************
2021-09-21 08:12:22,613-INFO:success rate at project level 0.743630
2021-09-21 08:12:22,613-INFO:mean precision:0.336454, mean recall:0.224600
2021-09-21 08:12:22,613-WARNING:method level => top 5 : best suc 0.782857, best pre 0.345143,  best recall 0.244862
2021-09-21 08:12:22,613-WARNING:project level => top 5 : best suc 0.743630, best pre 0.336454,  best recall 0.224600
2021-09-21 08:12:22,616-INFO:----------------------result@6--------------------------
2021-09-21 08:12:22,616-INFO:success rate at method level 0.794286
2021-09-21 08:12:22,616-INFO:mean precision:0.309524, mean recall:0.260327
2021-09-21 08:12:22,618-INFO:**********************************************************
2021-09-21 08:12:22,618-INFO:success rate at project level 0.778718
2021-09-21 08:12:22,618-INFO:mean precision:0.311425, mean recall:0.246749
2021-09-21 08:12:22,618-WARNING:method level => top 6 : best suc 0.794286, best pre 0.309524,  best recall 0.260327
2021-09-21 08:12:22,619-WARNING:project level => top 6 : best suc 0.778718, best pre 0.311425,  best recall 0.246749
2021-09-21 08:12:22,621-INFO:----------------------result@7--------------------------
2021-09-21 08:12:22,621-INFO:success rate at method level 0.811429
2021-09-21 08:12:22,621-INFO:mean precision:0.285714, mean recall:0.276233
2021-09-21 08:12:22,623-INFO:**********************************************************
2021-09-21 08:12:22,623-INFO:success rate at project level 0.810881
2021-09-21 08:12:22,623-INFO:mean precision:0.293329, mean recall:0.269155
2021-09-21 08:12:22,623-WARNING:method level => top 7 : best suc 0.811429, best pre 0.285714,  best recall 0.276233
2021-09-21 08:12:22,624-WARNING:project level => top 7 : best suc 0.810881, best pre 0.293329,  best recall 0.269155
2021-09-21 08:12:22,626-INFO:----------------------result@8--------------------------
2021-09-21 08:12:22,626-INFO:success rate at method level 0.822857
2021-09-21 08:12:22,626-INFO:mean precision:0.262857, mean recall:0.287067
2021-09-21 08:12:22,628-INFO:**********************************************************
2021-09-21 08:12:22,628-INFO:success rate at project level 0.817460
2021-09-21 08:12:22,628-INFO:mean precision:0.270891, mean recall:0.281752
2021-09-21 08:12:22,628-WARNING:method level => top 8 : best suc 0.822857, best pre 0.262857,  best recall 0.287067
2021-09-21 08:12:22,628-WARNING:project level => top 8 : best suc 0.817460, best pre 0.270891,  best recall 0.281752
2021-09-21 08:12:22,630-INFO:----------------------result@9--------------------------
2021-09-21 08:12:22,630-INFO:success rate at method level 0.840000
2021-09-21 08:12:22,631-INFO:mean precision:0.252063, mean recall:0.306623
2021-09-21 08:12:22,633-INFO:**********************************************************
2021-09-21 08:12:22,633-INFO:success rate at project level 0.834127
2021-09-21 08:12:22,633-INFO:mean precision:0.259905, mean recall:0.300242
2021-09-21 08:12:22,633-WARNING:method level => top 9 : best suc 0.840000, best pre 0.252063,  best recall 0.306623
2021-09-21 08:12:22,633-WARNING:project level => top 9 : best suc 0.834127, best pre 0.259905,  best recall 0.300242
2021-09-21 08:12:22,635-INFO:----------------------result@10--------------------------
2021-09-21 08:12:22,635-INFO:success rate at method level 0.840000
2021-09-21 08:12:22,635-INFO:mean precision:0.237714, mean recall:0.318233
2021-09-21 08:12:22,638-INFO:**********************************************************
2021-09-21 08:12:22,638-INFO:success rate at project level 0.834127
2021-09-21 08:12:22,638-INFO:mean precision:0.245911, mean recall:0.312679
2021-09-21 08:12:22,638-WARNING:method level => top 10 : best suc 0.840000, best pre 0.237714,  best recall 0.318233
2021-09-21 08:12:22,638-WARNING:project level => top 10 : best suc 0.834127, best pre 0.245911,  best recall 0.312679
2021-09-21 08:12:22,640-INFO:----------------------result@11--------------------------
2021-09-21 08:12:22,640-INFO:success rate at method level 0.840000
2021-09-21 08:12:22,640-INFO:mean precision:0.227013, mean recall:0.329595
2021-09-21 08:12:22,642-INFO:**********************************************************
2021-09-21 08:12:22,643-INFO:success rate at project level 0.834127
2021-09-21 08:12:22,643-INFO:mean precision:0.232908, mean recall:0.321974
2021-09-21 08:12:22,643-WARNING:method level => top 11 : best suc 0.840000, best pre 0.227013,  best recall 0.329595
2021-09-21 08:12:22,643-WARNING:project level => top 11 : best suc 0.834127, best pre 0.232908,  best recall 0.321974
2021-09-21 08:12:22,645-INFO:----------------------result@12--------------------------
2021-09-21 08:12:22,645-INFO:success rate at method level 0.851429
2021-09-21 08:12:22,645-INFO:mean precision:0.217143, mean recall:0.340718
2021-09-21 08:12:22,647-INFO:**********************************************************
2021-09-21 08:12:22,648-INFO:success rate at project level 0.849478
2021-09-21 08:12:22,648-INFO:mean precision:0.222654, mean recall:0.334157
2021-09-21 08:12:22,648-WARNING:method level => top 12 : best suc 0.851429, best pre 0.217143,  best recall 0.340718
2021-09-21 08:12:22,648-WARNING:project level => top 12 : best suc 0.849478, best pre 0.222654,  best recall 0.334157
2021-09-21 08:12:22,649-INFO:----------------------result@13--------------------------
2021-09-21 08:12:22,649-INFO:success rate at method level 0.857143
2021-09-21 08:12:22,650-INFO:mean precision:0.211429, mean recall:0.357423
2021-09-21 08:12:22,651-INFO:**********************************************************
2021-09-21 08:12:22,651-INFO:success rate at project level 0.853864
2021-09-21 08:12:22,651-INFO:mean precision:0.213809, mean recall:0.346239
2021-09-21 08:12:22,651-WARNING:method level => top 13 : best suc 0.857143, best pre 0.211429,  best recall 0.357423
2021-09-21 08:12:22,651-WARNING:project level => top 13 : best suc 0.853864, best pre 0.213809,  best recall 0.346239
2021-09-21 08:12:22,652-INFO:----------------------result@14--------------------------
2021-09-21 08:12:22,652-INFO:success rate at method level 0.868571
2021-09-21 08:12:22,652-INFO:mean precision:0.204898, mean recall:0.375591
2021-09-21 08:12:22,654-INFO:**********************************************************
2021-09-21 08:12:22,654-INFO:success rate at project level 0.869215
2021-09-21 08:12:22,654-INFO:mean precision:0.209184, mean recall:0.367689
2021-09-21 08:12:22,654-WARNING:method level => top 14 : best suc 0.868571, best pre 0.204898,  best recall 0.375591
2021-09-21 08:12:22,654-WARNING:project level => top 14 : best suc 0.869215, best pre 0.209184,  best recall 0.367689
2021-09-21 08:12:22,655-INFO:----------------------result@15--------------------------
2021-09-21 08:12:22,655-INFO:success rate at method level 0.868571
2021-09-21 08:12:22,655-INFO:mean precision:0.195810, mean recall:0.383711
2021-09-21 08:12:22,657-INFO:**********************************************************
2021-09-21 08:12:22,657-INFO:success rate at project level 0.869215
2021-09-21 08:12:22,657-INFO:mean precision:0.198892, mean recall:0.374549
2021-09-21 08:12:22,657-WARNING:method level => top 15 : best suc 0.868571, best pre 0.195810,  best recall 0.383711
2021-09-21 08:12:22,657-WARNING:project level => top 15 : best suc 0.869215, best pre 0.198892,  best recall 0.374549
2021-09-21 08:12:22,658-INFO:----------------------result@16--------------------------
2021-09-21 08:12:22,658-INFO:success rate at method level 0.874286
2021-09-21 08:12:22,658-INFO:mean precision:0.186786, mean recall:0.389884
2021-09-21 08:12:22,659-INFO:**********************************************************
2021-09-21 08:12:22,660-INFO:success rate at project level 0.873601
2021-09-21 08:12:22,660-INFO:mean precision:0.191222, mean recall:0.383981
2021-09-21 08:12:22,660-WARNING:method level => top 16 : best suc 0.874286, best pre 0.186786,  best recall 0.389884
2021-09-21 08:12:22,660-WARNING:project level => top 16 : best suc 0.873601, best pre 0.191222,  best recall 0.383981
2021-09-21 08:12:22,661-INFO:----------------------result@17--------------------------
2021-09-21 08:12:22,661-INFO:success rate at method level 0.874286
2021-09-21 08:12:22,661-INFO:mean precision:0.179496, mean recall:0.396562
2021-09-21 08:12:22,662-INFO:**********************************************************
2021-09-21 08:12:22,662-INFO:success rate at project level 0.873601
2021-09-21 08:12:22,663-INFO:mean precision:0.184176, mean recall:0.390641
2021-09-21 08:12:22,663-WARNING:method level => top 17 : best suc 0.874286, best pre 0.179496,  best recall 0.396562
2021-09-21 08:12:22,663-WARNING:project level => top 17 : best suc 0.873601, best pre 0.184176,  best recall 0.390641
2021-09-21 08:12:22,664-INFO:----------------------result@18--------------------------
2021-09-21 08:12:22,664-INFO:success rate at method level 0.885714
2021-09-21 08:12:22,664-INFO:mean precision:0.172381, mean recall:0.402590
2021-09-21 08:12:22,665-INFO:**********************************************************
2021-09-21 08:12:22,665-INFO:success rate at project level 0.880284
2021-09-21 08:12:22,665-INFO:mean precision:0.175764, mean recall:0.394253
2021-09-21 08:12:22,666-WARNING:method level => top 18 : best suc 0.885714, best pre 0.172381,  best recall 0.402590
2021-09-21 08:12:22,666-WARNING:project level => top 18 : best suc 0.880284, best pre 0.175764,  best recall 0.394253
2021-09-21 08:12:22,667-INFO:----------------------result@19--------------------------
2021-09-21 08:12:22,667-INFO:success rate at method level 0.891429
2021-09-21 08:12:22,667-INFO:mean precision:0.166015, mean recall:0.409995
2021-09-21 08:12:22,668-INFO:**********************************************************
2021-09-21 08:12:22,668-INFO:success rate at project level 0.882477
2021-09-21 08:12:22,668-INFO:mean precision:0.169640, mean recall:0.401153
2021-09-21 08:12:22,669-WARNING:method level => top 19 : best suc 0.891429, best pre 0.166015,  best recall 0.409995
2021-09-21 08:12:22,669-WARNING:project level => top 19 : best suc 0.882477, best pre 0.169640,  best recall 0.401153
2021-09-21 08:12:22,670-INFO:----------------------result@20--------------------------
2021-09-21 08:12:22,670-INFO:success rate at method level 0.891429
2021-09-21 08:12:22,670-INFO:mean precision:0.160000, mean recall:0.414421
2021-09-21 08:12:22,671-INFO:**********************************************************
2021-09-21 08:12:22,671-INFO:success rate at project level 0.882477
2021-09-21 08:12:22,671-INFO:mean precision:0.165207, mean recall:0.411379
2021-09-21 08:12:22,671-WARNING:method level => top 20 : best suc 0.891429, best pre 0.160000,  best recall 0.414421
2021-09-21 08:12:22,671-WARNING:project level => top 20 : best suc 0.882477, best pre 0.165207,  best recall 0.411379
2021-09-21 08:12:22,683-INFO:MAP: 0.264228
