2021-08-31 12:42:45,657-INFO:test start. test set size: 175
2021-08-31 12:44:58,220-INFO:test end time: 132.5625913143158s
2021-08-31 12:44:58,223-INFO:----------------------result@1--------------------------
2021-08-31 12:44:58,223-INFO:success rate at method level 0.542857
2021-08-31 12:44:58,223-INFO:mean precision:0.542857, mean recall:0.085321
2021-08-31 12:44:58,224-INFO:**********************************************************
2021-08-31 12:44:58,225-INFO:success rate at project level 0.479218
2021-08-31 12:44:58,225-INFO:mean precision:0.479218, mean recall:0.071173
2021-08-31 12:44:58,225-WARNING:method level => top 1 : best suc 0.542857, best pre 0.542857,  best recall 0.085321
2021-08-31 12:44:58,225-WARNING:project level => top 1 : best suc 0.479218, best pre 0.479218,  best recall 0.071173
2021-08-31 12:44:58,226-INFO:----------------------result@2--------------------------
2021-08-31 12:44:58,226-INFO:success rate at method level 0.662857
2021-08-31 12:44:58,226-INFO:mean precision:0.445714, mean recall:0.134754
2021-08-31 12:44:58,228-INFO:**********************************************************
2021-08-31 12:44:58,228-INFO:success rate at project level 0.596772
2021-08-31 12:44:58,228-INFO:mean precision:0.408753, mean recall:0.116968
2021-08-31 12:44:58,228-WARNING:method level => top 2 : best suc 0.662857, best pre 0.445714,  best recall 0.134754
2021-08-31 12:44:58,228-WARNING:project level => top 2 : best suc 0.596772, best pre 0.408753,  best recall 0.116968
2021-08-31 12:44:58,229-INFO:----------------------result@3--------------------------
2021-08-31 12:44:58,229-INFO:success rate at method level 0.720000
2021-08-31 12:44:58,230-INFO:mean precision:0.403810, mean recall:0.178115
2021-08-31 12:44:58,231-INFO:**********************************************************
2021-08-31 12:44:58,231-INFO:success rate at project level 0.657749
2021-08-31 12:44:58,231-INFO:mean precision:0.367193, mean recall:0.155527
2021-08-31 12:44:58,231-WARNING:method level => top 3 : best suc 0.720000, best pre 0.403810,  best recall 0.178115
2021-08-31 12:44:58,231-WARNING:project level => top 3 : best suc 0.657749, best pre 0.367193,  best recall 0.155527
2021-08-31 12:44:58,232-INFO:----------------------result@4--------------------------
2021-08-31 12:44:58,232-INFO:success rate at method level 0.771429
2021-08-31 12:44:58,232-INFO:mean precision:0.375714, mean recall:0.219279
2021-08-31 12:44:58,234-INFO:**********************************************************
2021-08-31 12:44:58,234-INFO:success rate at project level 0.741186
2021-08-31 12:44:58,234-INFO:mean precision:0.355309, mean recall:0.198448
2021-08-31 12:44:58,234-WARNING:method level => top 4 : best suc 0.771429, best pre 0.375714,  best recall 0.219279
2021-08-31 12:44:58,234-WARNING:project level => top 4 : best suc 0.741186, best pre 0.355309,  best recall 0.198448
2021-08-31 12:44:58,235-INFO:----------------------result@5--------------------------
2021-08-31 12:44:58,235-INFO:success rate at method level 0.788571
2021-08-31 12:44:58,235-INFO:mean precision:0.339429, mean recall:0.244718
2021-08-31 12:44:58,236-INFO:**********************************************************
2021-08-31 12:44:58,236-INFO:success rate at project level 0.751525
2021-08-31 12:44:58,236-INFO:mean precision:0.325726, mean recall:0.226137
2021-08-31 12:44:58,236-WARNING:method level => top 5 : best suc 0.788571, best pre 0.339429,  best recall 0.244718
2021-08-31 12:44:58,236-WARNING:project level => top 5 : best suc 0.751525, best pre 0.325726,  best recall 0.226137
2021-08-31 12:44:58,238-INFO:----------------------result@6--------------------------
2021-08-31 12:44:58,238-INFO:success rate at method level 0.794286
2021-08-31 12:44:58,238-INFO:mean precision:0.315238, mean recall:0.270758
2021-08-31 12:44:58,239-INFO:**********************************************************
2021-08-31 12:44:58,239-INFO:success rate at project level 0.777840
2021-08-31 12:44:58,239-INFO:mean precision:0.312192, mean recall:0.256124
2021-08-31 12:44:58,239-WARNING:method level => top 6 : best suc 0.794286, best pre 0.315238,  best recall 0.270758
2021-08-31 12:44:58,239-WARNING:project level => top 6 : best suc 0.777840, best pre 0.312192,  best recall 0.256124
2021-08-31 12:44:58,240-INFO:----------------------result@7--------------------------
2021-08-31 12:44:58,240-INFO:success rate at method level 0.817143
2021-08-31 12:44:58,240-INFO:mean precision:0.293061, mean recall:0.287215
2021-08-31 12:44:58,241-INFO:**********************************************************
2021-08-31 12:44:58,241-INFO:success rate at project level 0.796846
2021-08-31 12:44:58,242-INFO:mean precision:0.292908, mean recall:0.274856
2021-08-31 12:44:58,242-WARNING:method level => top 7 : best suc 0.817143, best pre 0.293061,  best recall 0.287215
2021-08-31 12:44:58,242-WARNING:project level => top 7 : best suc 0.796846, best pre 0.292908,  best recall 0.274856
2021-08-31 12:44:58,243-INFO:----------------------result@8--------------------------
2021-08-31 12:44:58,243-INFO:success rate at method level 0.828571
2021-08-31 12:44:58,243-INFO:mean precision:0.270714, mean recall:0.299735
2021-08-31 12:44:58,244-INFO:**********************************************************
2021-08-31 12:44:58,244-INFO:success rate at project level 0.812197
2021-08-31 12:44:58,244-INFO:mean precision:0.268968, mean recall:0.286578
2021-08-31 12:44:58,244-WARNING:method level => top 8 : best suc 0.828571, best pre 0.270714,  best recall 0.299735
2021-08-31 12:44:58,244-WARNING:project level => top 8 : best suc 0.812197, best pre 0.268968,  best recall 0.286578
2021-08-31 12:44:58,245-INFO:----------------------result@9--------------------------
2021-08-31 12:44:58,245-INFO:success rate at method level 0.834286
2021-08-31 12:44:58,246-INFO:mean precision:0.253968, mean recall:0.311805
2021-08-31 12:44:58,247-INFO:**********************************************************
2021-08-31 12:44:58,247-INFO:success rate at project level 0.825355
2021-08-31 12:44:58,247-INFO:mean precision:0.252882, mean recall:0.297838
2021-08-31 12:44:58,247-WARNING:method level => top 9 : best suc 0.834286, best pre 0.253968,  best recall 0.311805
2021-08-31 12:44:58,247-WARNING:project level => top 9 : best suc 0.825355, best pre 0.252882,  best recall 0.297838
2021-08-31 12:44:58,248-INFO:----------------------result@10--------------------------
2021-08-31 12:44:58,248-INFO:success rate at method level 0.840000
2021-08-31 12:44:58,248-INFO:mean precision:0.240571, mean recall:0.324418
2021-08-31 12:44:58,249-INFO:**********************************************************
2021-08-31 12:44:58,249-INFO:success rate at project level 0.834127
2021-08-31 12:44:58,249-INFO:mean precision:0.240551, mean recall:0.311422
2021-08-31 12:44:58,249-WARNING:method level => top 10 : best suc 0.840000, best pre 0.240571,  best recall 0.324418
2021-08-31 12:44:58,249-WARNING:project level => top 10 : best suc 0.834127, best pre 0.240551,  best recall 0.311422
2021-08-31 12:44:58,251-INFO:----------------------result@11--------------------------
2021-08-31 12:44:58,251-INFO:success rate at method level 0.840000
2021-08-31 12:44:58,251-INFO:mean precision:0.225974, mean recall:0.332229
2021-08-31 12:44:58,252-INFO:**********************************************************
2021-08-31 12:44:58,252-INFO:success rate at project level 0.834127
2021-08-31 12:44:58,252-INFO:mean precision:0.227461, mean recall:0.321949
2021-08-31 12:44:58,252-WARNING:method level => top 11 : best suc 0.840000, best pre 0.225974,  best recall 0.332229
2021-08-31 12:44:58,252-WARNING:project level => top 11 : best suc 0.834127, best pre 0.227461,  best recall 0.321949
2021-08-31 12:44:58,253-INFO:----------------------result@12--------------------------
2021-08-31 12:44:58,253-INFO:success rate at method level 0.840000
2021-08-31 12:44:58,253-INFO:mean precision:0.214286, mean recall:0.339553
2021-08-31 12:44:58,255-INFO:**********************************************************
2021-08-31 12:44:58,255-INFO:success rate at project level 0.834127
2021-08-31 12:44:58,255-INFO:mean precision:0.216727, mean recall:0.330453
2021-08-31 12:44:58,255-WARNING:method level => top 12 : best suc 0.840000, best pre 0.214286,  best recall 0.339553
2021-08-31 12:44:58,255-WARNING:project level => top 12 : best suc 0.834127, best pre 0.216727,  best recall 0.330453
2021-08-31 12:44:58,256-INFO:----------------------result@13--------------------------
2021-08-31 12:44:58,256-INFO:success rate at method level 0.845714
2021-08-31 12:44:58,256-INFO:mean precision:0.207473, mean recall:0.353940
2021-08-31 12:44:58,258-INFO:**********************************************************
2021-08-31 12:44:58,258-INFO:success rate at project level 0.847285
2021-08-31 12:44:58,258-INFO:mean precision:0.208118, mean recall:0.342182
2021-08-31 12:44:58,258-WARNING:method level => top 13 : best suc 0.845714, best pre 0.207473,  best recall 0.353940
2021-08-31 12:44:58,258-WARNING:project level => top 13 : best suc 0.847285, best pre 0.208118,  best recall 0.342182
2021-08-31 12:44:58,259-INFO:----------------------result@14--------------------------
2021-08-31 12:44:58,259-INFO:success rate at method level 0.851429
2021-08-31 12:44:58,259-INFO:mean precision:0.202041, mean recall:0.373118
2021-08-31 12:44:58,261-INFO:**********************************************************
2021-08-31 12:44:58,261-INFO:success rate at project level 0.860443
2021-08-31 12:44:58,261-INFO:mean precision:0.207319, mean recall:0.369957
2021-08-31 12:44:58,261-WARNING:method level => top 14 : best suc 0.851429, best pre 0.202041,  best recall 0.373118
2021-08-31 12:44:58,261-WARNING:project level => top 14 : best suc 0.860443, best pre 0.207319,  best recall 0.369957
2021-08-31 12:44:58,262-INFO:----------------------result@15--------------------------
2021-08-31 12:44:58,262-INFO:success rate at method level 0.868571
2021-08-31 12:44:58,262-INFO:mean precision:0.194667, mean recall:0.385247
2021-08-31 12:44:58,263-INFO:**********************************************************
2021-08-31 12:44:58,263-INFO:success rate at project level 0.869215
2021-08-31 12:44:58,264-INFO:mean precision:0.197711, mean recall:0.378276
2021-08-31 12:44:58,264-WARNING:method level => top 15 : best suc 0.868571, best pre 0.194667,  best recall 0.385247
2021-08-31 12:44:58,264-WARNING:project level => top 15 : best suc 0.869215, best pre 0.197711,  best recall 0.378276
2021-08-31 12:44:58,265-INFO:----------------------result@16--------------------------
2021-08-31 12:44:58,265-INFO:success rate at method level 0.874286
2021-08-31 12:44:58,265-INFO:mean precision:0.185714, mean recall:0.391079
2021-08-31 12:44:58,266-INFO:**********************************************************
2021-08-31 12:44:58,266-INFO:success rate at project level 0.873601
2021-08-31 12:44:58,266-INFO:mean precision:0.189579, mean recall:0.386876
2021-08-31 12:44:58,266-WARNING:method level => top 16 : best suc 0.874286, best pre 0.185714,  best recall 0.391079
2021-08-31 12:44:58,267-WARNING:project level => top 16 : best suc 0.873601, best pre 0.189579,  best recall 0.386876
2021-08-31 12:44:58,268-INFO:----------------------result@17--------------------------
2021-08-31 12:44:58,268-INFO:success rate at method level 0.880000
2021-08-31 12:44:58,268-INFO:mean precision:0.180168, mean recall:0.401298
2021-08-31 12:44:58,269-INFO:**********************************************************
2021-08-31 12:44:58,269-INFO:success rate at project level 0.877360
2021-08-31 12:44:58,269-INFO:mean precision:0.184106, mean recall:0.396060
2021-08-31 12:44:58,269-WARNING:method level => top 17 : best suc 0.880000, best pre 0.180168,  best recall 0.401298
2021-08-31 12:44:58,269-WARNING:project level => top 17 : best suc 0.877360, best pre 0.184106,  best recall 0.396060
2021-08-31 12:44:58,270-INFO:----------------------result@18--------------------------
2021-08-31 12:44:58,270-INFO:success rate at method level 0.885714
2021-08-31 12:44:58,271-INFO:mean precision:0.173651, mean recall:0.407162
2021-08-31 12:44:58,272-INFO:**********************************************************
2021-08-31 12:44:58,272-INFO:success rate at project level 0.880284
2021-08-31 12:44:58,272-INFO:mean precision:0.178108, mean recall:0.403746
2021-08-31 12:44:58,272-WARNING:method level => top 18 : best suc 0.885714, best pre 0.173651,  best recall 0.407162
2021-08-31 12:44:58,272-WARNING:project level => top 18 : best suc 0.880284, best pre 0.178108,  best recall 0.403746
2021-08-31 12:44:58,273-INFO:----------------------result@19--------------------------
2021-08-31 12:44:58,273-INFO:success rate at method level 0.885714
2021-08-31 12:44:58,273-INFO:mean precision:0.168722, mean recall:0.416710
2021-08-31 12:44:58,274-INFO:**********************************************************
2021-08-31 12:44:58,274-INFO:success rate at project level 0.880284
2021-08-31 12:44:58,274-INFO:mean precision:0.171952, mean recall:0.409990
2021-08-31 12:44:58,275-WARNING:method level => top 19 : best suc 0.885714, best pre 0.168722,  best recall 0.416710
2021-08-31 12:44:58,275-WARNING:project level => top 19 : best suc 0.880284, best pre 0.171952,  best recall 0.409990
2021-08-31 12:44:58,276-INFO:----------------------result@20--------------------------
2021-08-31 12:44:58,276-INFO:success rate at method level 0.885714
2021-08-31 12:44:58,276-INFO:mean precision:0.162857, mean recall:0.421025
2021-08-31 12:44:58,277-INFO:**********************************************************
2021-08-31 12:44:58,277-INFO:success rate at project level 0.880284
2021-08-31 12:44:58,277-INFO:mean precision:0.166753, mean recall:0.417886
2021-08-31 12:44:58,277-WARNING:method level => top 20 : best suc 0.885714, best pre 0.162857,  best recall 0.421025
2021-08-31 12:44:58,277-WARNING:project level => top 20 : best suc 0.880284, best pre 0.166753,  best recall 0.417886
2021-08-31 12:44:58,288-INFO:MAP: 0.270512
