2021-08-31 09:05:49,496-INFO:test start. test set size: 175
2021-08-31 09:09:03,580-INFO:test end time: 194.0833477973938s
2021-08-31 09:09:03,584-INFO:----------------------result@1--------------------------
2021-08-31 09:09:03,584-INFO:success rate at method level 0.531429
2021-08-31 09:09:03,584-INFO:mean precision:0.531429, mean recall:0.081775
2021-08-31 09:09:03,586-INFO:**********************************************************
2021-08-31 09:09:03,586-INFO:success rate at project level 0.481881
2021-08-31 09:09:03,586-INFO:mean precision:0.481881, mean recall:0.069163
2021-08-31 09:09:03,586-WARNING:method level => top 1 : best suc 0.531429, best pre 0.531429,  best recall 0.081775
2021-08-31 09:09:03,586-WARNING:project level => top 1 : best suc 0.481881, best pre 0.481881,  best recall 0.069163
2021-08-31 09:09:03,588-INFO:----------------------result@2--------------------------
2021-08-31 09:09:03,588-INFO:success rate at method level 0.651429
2021-08-31 09:09:03,588-INFO:mean precision:0.448571, mean recall:0.133026
2021-08-31 09:09:03,590-INFO:**********************************************************
2021-08-31 09:09:03,601-INFO:success rate at project level 0.587573
2021-08-31 09:09:03,601-INFO:mean precision:0.420053, mean recall:0.116944
2021-08-31 09:09:03,601-WARNING:method level => top 2 : best suc 0.651429, best pre 0.448571,  best recall 0.133026
2021-08-31 09:09:03,601-WARNING:project level => top 2 : best suc 0.587573, best pre 0.420053,  best recall 0.116944
2021-08-31 09:09:03,603-INFO:----------------------result@3--------------------------
2021-08-31 09:09:03,603-INFO:success rate at method level 0.702857
2021-08-31 09:09:03,603-INFO:mean precision:0.388571, mean recall:0.168582
2021-08-31 09:09:03,604-INFO:**********************************************************
2021-08-31 09:09:03,605-INFO:success rate at project level 0.651420
2021-08-31 09:09:03,605-INFO:mean precision:0.364808, mean recall:0.151077
2021-08-31 09:09:03,605-WARNING:method level => top 3 : best suc 0.702857, best pre 0.388571,  best recall 0.168582
2021-08-31 09:09:03,605-WARNING:project level => top 3 : best suc 0.651420, best pre 0.364808,  best recall 0.151077
2021-08-31 09:09:03,607-INFO:----------------------result@4--------------------------
2021-08-31 09:09:03,607-INFO:success rate at method level 0.737143
2021-08-31 09:09:03,607-INFO:mean precision:0.360000, mean recall:0.209814
2021-08-31 09:09:03,608-INFO:**********************************************************
2021-08-31 09:09:03,608-INFO:success rate at project level 0.696846
2021-08-31 09:09:03,608-INFO:mean precision:0.336745, mean recall:0.186470
2021-08-31 09:09:03,608-WARNING:method level => top 4 : best suc 0.737143, best pre 0.360000,  best recall 0.209814
2021-08-31 09:09:03,609-WARNING:project level => top 4 : best suc 0.696846, best pre 0.336745,  best recall 0.186470
2021-08-31 09:09:03,610-INFO:----------------------result@5--------------------------
2021-08-31 09:09:03,610-INFO:success rate at method level 0.754286
2021-08-31 09:09:03,610-INFO:mean precision:0.333714, mean recall:0.237920
2021-08-31 09:09:03,612-INFO:**********************************************************
2021-08-31 09:09:03,612-INFO:success rate at project level 0.706349
2021-08-31 09:09:03,612-INFO:mean precision:0.311821, mean recall:0.211103
2021-08-31 09:09:03,612-WARNING:method level => top 5 : best suc 0.754286, best pre 0.333714,  best recall 0.237920
2021-08-31 09:09:03,612-WARNING:project level => top 5 : best suc 0.706349, best pre 0.311821,  best recall 0.211103
2021-08-31 09:09:03,613-INFO:----------------------result@6--------------------------
2021-08-31 09:09:03,614-INFO:success rate at method level 0.782857
2021-08-31 09:09:03,614-INFO:mean precision:0.302857, mean recall:0.257709
2021-08-31 09:09:03,615-INFO:**********************************************************
2021-08-31 09:09:03,615-INFO:success rate at project level 0.771261
2021-08-31 09:09:03,615-INFO:mean precision:0.295449, mean recall:0.239063
2021-08-31 09:09:03,615-WARNING:method level => top 6 : best suc 0.782857, best pre 0.302857,  best recall 0.257709
2021-08-31 09:09:03,615-WARNING:project level => top 6 : best suc 0.771261, best pre 0.295449,  best recall 0.239063
2021-08-31 09:09:03,616-INFO:----------------------result@7--------------------------
2021-08-31 09:09:03,616-INFO:success rate at method level 0.800000
2021-08-31 09:09:03,616-INFO:mean precision:0.280000, mean recall:0.272088
2021-08-31 09:09:03,618-INFO:**********************************************************
2021-08-31 09:09:03,618-INFO:success rate at project level 0.785881
2021-08-31 09:09:03,618-INFO:mean precision:0.280086, mean recall:0.258946
2021-08-31 09:09:03,618-WARNING:method level => top 7 : best suc 0.800000, best pre 0.280000,  best recall 0.272088
2021-08-31 09:09:03,618-WARNING:project level => top 7 : best suc 0.785881, best pre 0.280086,  best recall 0.258946
2021-08-31 09:09:03,620-INFO:----------------------result@8--------------------------
2021-08-31 09:09:03,620-INFO:success rate at method level 0.817143
2021-08-31 09:09:03,620-INFO:mean precision:0.263571, mean recall:0.289015
2021-08-31 09:09:03,621-INFO:**********************************************************
2021-08-31 09:09:03,621-INFO:success rate at project level 0.799039
2021-08-31 09:09:03,621-INFO:mean precision:0.264790, mean recall:0.275101
2021-08-31 09:09:03,622-WARNING:method level => top 8 : best suc 0.817143, best pre 0.263571,  best recall 0.289015
2021-08-31 09:09:03,622-WARNING:project level => top 8 : best suc 0.799039, best pre 0.264790,  best recall 0.275101
2021-08-31 09:09:03,623-INFO:----------------------result@9--------------------------
2021-08-31 09:09:03,623-INFO:success rate at method level 0.834286
2021-08-31 09:09:03,623-INFO:mean precision:0.248889, mean recall:0.305093
2021-08-31 09:09:03,625-INFO:**********************************************************
2021-08-31 09:09:03,625-INFO:success rate at project level 0.831934
2021-08-31 09:09:03,625-INFO:mean precision:0.252969, mean recall:0.294393
2021-08-31 09:09:03,625-WARNING:method level => top 9 : best suc 0.834286, best pre 0.248889,  best recall 0.305093
2021-08-31 09:09:03,625-WARNING:project level => top 9 : best suc 0.831934, best pre 0.252969,  best recall 0.294393
2021-08-31 09:09:03,627-INFO:----------------------result@10--------------------------
2021-08-31 09:09:03,627-INFO:success rate at method level 0.840000
2021-08-31 09:09:03,627-INFO:mean precision:0.238857, mean recall:0.322999
2021-08-31 09:09:03,628-INFO:**********************************************************
2021-08-31 09:09:03,628-INFO:success rate at project level 0.834127
2021-08-31 09:09:03,628-INFO:mean precision:0.238882, mean recall:0.307996
2021-08-31 09:09:03,629-WARNING:method level => top 10 : best suc 0.840000, best pre 0.238857,  best recall 0.322999
2021-08-31 09:09:03,629-WARNING:project level => top 10 : best suc 0.834127, best pre 0.238882,  best recall 0.307996
2021-08-31 09:09:03,630-INFO:----------------------result@11--------------------------
2021-08-31 09:09:03,630-INFO:success rate at method level 0.862857
2021-08-31 09:09:03,630-INFO:mean precision:0.228052, mean recall:0.336656
2021-08-31 09:09:03,632-INFO:**********************************************************
2021-08-31 09:09:03,632-INFO:success rate at project level 0.854804
2021-08-31 09:09:03,632-INFO:mean precision:0.226338, mean recall:0.319320
2021-08-31 09:09:03,632-WARNING:method level => top 11 : best suc 0.862857, best pre 0.228052,  best recall 0.336656
2021-08-31 09:09:03,632-WARNING:project level => top 11 : best suc 0.854804, best pre 0.226338,  best recall 0.319320
2021-08-31 09:09:03,633-INFO:----------------------result@12--------------------------
2021-08-31 09:09:03,633-INFO:success rate at method level 0.862857
2021-08-31 09:09:03,633-INFO:mean precision:0.216190, mean recall:0.344538
2021-08-31 09:09:03,635-INFO:**********************************************************
2021-08-31 09:09:03,635-INFO:success rate at project level 0.854804
2021-08-31 09:09:03,635-INFO:mean precision:0.214657, mean recall:0.327840
2021-08-31 09:09:03,635-WARNING:method level => top 12 : best suc 0.862857, best pre 0.216190,  best recall 0.344538
2021-08-31 09:09:03,635-WARNING:project level => top 12 : best suc 0.854804, best pre 0.214657,  best recall 0.327840
2021-08-31 09:09:03,637-INFO:----------------------result@13--------------------------
2021-08-31 09:09:03,637-INFO:success rate at method level 0.880000
2021-08-31 09:09:03,637-INFO:mean precision:0.211868, mean recall:0.363686
2021-08-31 09:09:03,638-INFO:**********************************************************
2021-08-31 09:09:03,638-INFO:success rate at project level 0.863576
2021-08-31 09:09:03,638-INFO:mean precision:0.207656, mean recall:0.340800
2021-08-31 09:09:03,639-WARNING:method level => top 13 : best suc 0.880000, best pre 0.211868,  best recall 0.363686
2021-08-31 09:09:03,639-WARNING:project level => top 13 : best suc 0.863576, best pre 0.207656,  best recall 0.340800
2021-08-31 09:09:03,640-INFO:----------------------result@14--------------------------
2021-08-31 09:09:03,640-INFO:success rate at method level 0.885714
2021-08-31 09:09:03,640-INFO:mean precision:0.204082, mean recall:0.378222
2021-08-31 09:09:03,642-INFO:**********************************************************
2021-08-31 09:09:03,642-INFO:success rate at project level 0.876734
2021-08-31 09:09:03,642-INFO:mean precision:0.200777, mean recall:0.356902
2021-08-31 09:09:03,642-WARNING:method level => top 14 : best suc 0.885714, best pre 0.204082,  best recall 0.378222
2021-08-31 09:09:03,642-WARNING:project level => top 14 : best suc 0.876734, best pre 0.200777,  best recall 0.356902
2021-08-31 09:09:03,644-INFO:----------------------result@15--------------------------
2021-08-31 09:09:03,644-INFO:success rate at method level 0.891429
2021-08-31 09:09:03,644-INFO:mean precision:0.196571, mean recall:0.388545
2021-08-31 09:09:03,645-INFO:**********************************************************
2021-08-31 09:09:03,645-INFO:success rate at project level 0.881119
2021-08-31 09:09:03,645-INFO:mean precision:0.193691, mean recall:0.368054
2021-08-31 09:09:03,645-WARNING:method level => top 15 : best suc 0.891429, best pre 0.196571,  best recall 0.388545
2021-08-31 09:09:03,646-WARNING:project level => top 15 : best suc 0.881119, best pre 0.193691,  best recall 0.368054
2021-08-31 09:09:03,647-INFO:----------------------result@16--------------------------
2021-08-31 09:09:03,647-INFO:success rate at method level 0.891429
2021-08-31 09:09:03,647-INFO:mean precision:0.185714, mean recall:0.391614
2021-08-31 09:09:03,649-INFO:**********************************************************
2021-08-31 09:09:03,649-INFO:success rate at project level 0.881119
2021-08-31 09:09:03,649-INFO:mean precision:0.182563, mean recall:0.369877
2021-08-31 09:09:03,649-WARNING:method level => top 16 : best suc 0.891429, best pre 0.185714,  best recall 0.391614
2021-08-31 09:09:03,649-WARNING:project level => top 16 : best suc 0.881119, best pre 0.182563,  best recall 0.369877
2021-08-31 09:09:03,650-INFO:----------------------result@17--------------------------
2021-08-31 09:09:03,650-INFO:success rate at method level 0.891429
2021-08-31 09:09:03,651-INFO:mean precision:0.177479, mean recall:0.394756
2021-08-31 09:09:03,652-INFO:**********************************************************
2021-08-31 09:09:03,652-INFO:success rate at project level 0.881119
2021-08-31 09:09:03,652-INFO:mean precision:0.175063, mean recall:0.374163
2021-08-31 09:09:03,652-WARNING:method level => top 17 : best suc 0.891429, best pre 0.177479,  best recall 0.394756
2021-08-31 09:09:03,652-WARNING:project level => top 17 : best suc 0.881119, best pre 0.175063,  best recall 0.374163
2021-08-31 09:09:03,654-INFO:----------------------result@18--------------------------
2021-08-31 09:09:03,654-INFO:success rate at method level 0.897143
2021-08-31 09:09:03,654-INFO:mean precision:0.170159, mean recall:0.399529
2021-08-31 09:09:03,655-INFO:**********************************************************
2021-08-31 09:09:03,656-INFO:success rate at project level 0.884879
2021-08-31 09:09:03,656-INFO:mean precision:0.167678, mean recall:0.378158
2021-08-31 09:09:03,656-WARNING:method level => top 18 : best suc 0.897143, best pre 0.170159,  best recall 0.399529
2021-08-31 09:09:03,656-WARNING:project level => top 18 : best suc 0.884879, best pre 0.167678,  best recall 0.378158
2021-08-31 09:09:03,657-INFO:----------------------result@19--------------------------
2021-08-31 09:09:03,657-INFO:success rate at method level 0.902857
2021-08-31 09:09:03,657-INFO:mean precision:0.164211, mean recall:0.407907
2021-08-31 09:09:03,659-INFO:**********************************************************
2021-08-31 09:09:03,659-INFO:success rate at project level 0.887803
2021-08-31 09:09:03,659-INFO:mean precision:0.161685, mean recall:0.384135
2021-08-31 09:09:03,659-WARNING:method level => top 19 : best suc 0.902857, best pre 0.164211,  best recall 0.407907
2021-08-31 09:09:03,659-WARNING:project level => top 19 : best suc 0.887803, best pre 0.161685,  best recall 0.384135
2021-08-31 09:09:03,661-INFO:----------------------result@20--------------------------
2021-08-31 09:09:03,661-INFO:success rate at method level 0.908571
2021-08-31 09:09:03,661-INFO:mean precision:0.159429, mean recall:0.415655
2021-08-31 09:09:03,662-INFO:**********************************************************
2021-08-31 09:09:03,662-INFO:success rate at project level 0.900961
2021-08-31 09:09:03,662-INFO:mean precision:0.159798, mean recall:0.400163
2021-08-31 09:09:03,663-WARNING:method level => top 20 : best suc 0.908571, best pre 0.159429,  best recall 0.415655
2021-08-31 09:09:03,663-WARNING:project level => top 20 : best suc 0.900961, best pre 0.159798,  best recall 0.400163
2021-08-31 09:09:03,677-INFO:MAP: 0.262505
