num_samples = [30, 20]
layer_sizes = [128, 64]
2021-08-31 15:54:19,312-INFO:test start. test set size: 175
2021-08-31 15:56:44,837-INFO:test end time: 145.52362990379333s
2021-08-31 15:56:44,840-INFO:----------------------result@1--------------------------
2021-08-31 15:56:44,840-INFO:success rate at method level 0.548571
2021-08-31 15:56:44,840-INFO:mean precision:0.548571, mean recall:0.085835
2021-08-31 15:56:44,841-INFO:**********************************************************
2021-08-31 15:56:44,841-INFO:success rate at project level 0.476022
2021-08-31 15:56:44,841-INFO:mean precision:0.476022, mean recall:0.071685
2021-08-31 15:56:44,841-WARNING:method level => top 1 : best suc 0.548571, best pre 0.548571,  best recall 0.085835
2021-08-31 15:56:44,842-WARNING:project level => top 1 : best suc 0.476022, best pre 0.476022,  best recall 0.071685
2021-08-31 15:56:44,843-INFO:----------------------result@2--------------------------
2021-08-31 15:56:44,843-INFO:success rate at method level 0.674286
2021-08-31 15:56:44,843-INFO:mean precision:0.468571, mean recall:0.141650
2021-08-31 15:56:44,844-INFO:**********************************************************
2021-08-31 15:56:44,844-INFO:success rate at project level 0.590193
2021-08-31 15:56:44,844-INFO:mean precision:0.419217, mean recall:0.121402
2021-08-31 15:56:44,844-WARNING:method level => top 2 : best suc 0.674286, best pre 0.468571,  best recall 0.141650
2021-08-31 15:56:44,844-WARNING:project level => top 2 : best suc 0.590193, best pre 0.419217,  best recall 0.121402
2021-08-31 15:56:44,846-INFO:----------------------result@3--------------------------
2021-08-31 15:56:44,846-INFO:success rate at method level 0.720000
2021-08-31 15:56:44,846-INFO:mean precision:0.401905, mean recall:0.177553
2021-08-31 15:56:44,847-INFO:**********************************************************
2021-08-31 15:56:44,847-INFO:success rate at project level 0.635819
2021-08-31 15:56:44,847-INFO:mean precision:0.358250, mean recall:0.153911
2021-08-31 15:56:44,848-WARNING:method level => top 3 : best suc 0.720000, best pre 0.401905,  best recall 0.177553
2021-08-31 15:56:44,848-WARNING:project level => top 3 : best suc 0.635819, best pre 0.358250,  best recall 0.153911
2021-08-31 15:56:44,849-INFO:----------------------result@4--------------------------
2021-08-31 15:56:44,849-INFO:success rate at method level 0.765714
2021-08-31 15:56:44,849-INFO:mean precision:0.365714, mean recall:0.216689
2021-08-31 15:56:44,850-INFO:**********************************************************
2021-08-31 15:56:44,850-INFO:success rate at project level 0.687928
2021-08-31 15:56:44,850-INFO:mean precision:0.320125, mean recall:0.183558
2021-08-31 15:56:44,850-WARNING:method level => top 4 : best suc 0.765714, best pre 0.365714,  best recall 0.216689
2021-08-31 15:56:44,850-WARNING:project level => top 4 : best suc 0.687928, best pre 0.320125,  best recall 0.183558
2021-08-31 15:56:44,852-INFO:----------------------result@5--------------------------
2021-08-31 15:56:44,852-INFO:success rate at method level 0.782857
2021-08-31 15:56:44,852-INFO:mean precision:0.336000, mean recall:0.242849
2021-08-31 15:56:44,853-INFO:**********************************************************
2021-08-31 15:56:44,853-INFO:success rate at project level 0.707665
2021-08-31 15:56:44,853-INFO:mean precision:0.304020, mean recall:0.211653
2021-08-31 15:56:44,853-WARNING:method level => top 5 : best suc 0.782857, best pre 0.336000,  best recall 0.242849
2021-08-31 15:56:44,853-WARNING:project level => top 5 : best suc 0.707665, best pre 0.304020,  best recall 0.211653
2021-08-31 15:56:44,854-INFO:----------------------result@6--------------------------
2021-08-31 15:56:44,854-INFO:success rate at method level 0.800000
2021-08-31 15:56:44,854-INFO:mean precision:0.300000, mean recall:0.257661
2021-08-31 15:56:44,855-INFO:**********************************************************
2021-08-31 15:56:44,855-INFO:success rate at project level 0.764683
2021-08-31 15:56:44,855-INFO:mean precision:0.286240, mean recall:0.235355
2021-08-31 15:56:44,856-WARNING:method level => top 6 : best suc 0.800000, best pre 0.300000,  best recall 0.257661
2021-08-31 15:56:44,856-WARNING:project level => top 6 : best suc 0.764683, best pre 0.286240,  best recall 0.235355
2021-08-31 15:56:44,857-INFO:----------------------result@7--------------------------
2021-08-31 15:56:44,857-INFO:success rate at method level 0.822857
2021-08-31 15:56:44,857-INFO:mean precision:0.277551, mean recall:0.271909
2021-08-31 15:56:44,858-INFO:**********************************************************
2021-08-31 15:56:44,858-INFO:success rate at project level 0.783688
2021-08-31 15:56:44,858-INFO:mean precision:0.267329, mean recall:0.251045
2021-08-31 15:56:44,858-WARNING:method level => top 7 : best suc 0.822857, best pre 0.277551,  best recall 0.271909
2021-08-31 15:56:44,858-WARNING:project level => top 7 : best suc 0.783688, best pre 0.267329,  best recall 0.251045
2021-08-31 15:56:44,859-INFO:----------------------result@8--------------------------
2021-08-31 15:56:44,859-INFO:success rate at method level 0.828571
2021-08-31 15:56:44,859-INFO:mean precision:0.260714, mean recall:0.287738
2021-08-31 15:56:44,860-INFO:**********************************************************
2021-08-31 15:56:44,860-INFO:success rate at project level 0.785881
2021-08-31 15:56:44,861-INFO:mean precision:0.250972, mean recall:0.265781
2021-08-31 15:56:44,861-WARNING:method level => top 8 : best suc 0.828571, best pre 0.260714,  best recall 0.287738
2021-08-31 15:56:44,861-WARNING:project level => top 8 : best suc 0.785881, best pre 0.250972,  best recall 0.265781
2021-08-31 15:56:44,862-INFO:----------------------result@9--------------------------
2021-08-31 15:56:44,862-INFO:success rate at method level 0.834286
2021-08-31 15:56:44,862-INFO:mean precision:0.245714, mean recall:0.301718
2021-08-31 15:56:44,863-INFO:**********************************************************
2021-08-31 15:56:44,863-INFO:success rate at project level 0.799039
2021-08-31 15:56:44,863-INFO:mean precision:0.238374, mean recall:0.281205
2021-08-31 15:56:44,863-WARNING:method level => top 9 : best suc 0.834286, best pre 0.245714,  best recall 0.301718
2021-08-31 15:56:44,863-WARNING:project level => top 9 : best suc 0.799039, best pre 0.238374,  best recall 0.281205
2021-08-31 15:56:44,864-INFO:----------------------result@10--------------------------
2021-08-31 15:56:44,864-INFO:success rate at method level 0.840000
2021-08-31 15:56:44,865-INFO:mean precision:0.230286, mean recall:0.310042
2021-08-31 15:56:44,866-INFO:**********************************************************
2021-08-31 15:56:44,866-INFO:success rate at project level 0.812197
2021-08-31 15:56:44,866-INFO:mean precision:0.223728, mean recall:0.289331
2021-08-31 15:56:44,866-WARNING:method level => top 10 : best suc 0.840000, best pre 0.230286,  best recall 0.310042
2021-08-31 15:56:44,866-WARNING:project level => top 10 : best suc 0.812197, best pre 0.223728,  best recall 0.289331
2021-08-31 15:56:44,867-INFO:----------------------result@11--------------------------
2021-08-31 15:56:44,867-INFO:success rate at method level 0.840000
2021-08-31 15:56:44,867-INFO:mean precision:0.223377, mean recall:0.326695
2021-08-31 15:56:44,868-INFO:**********************************************************
2021-08-31 15:56:44,868-INFO:success rate at project level 0.812197
2021-08-31 15:56:44,868-INFO:mean precision:0.216418, mean recall:0.304409
2021-08-31 15:56:44,868-WARNING:method level => top 11 : best suc 0.840000, best pre 0.223377,  best recall 0.326695
2021-08-31 15:56:44,868-WARNING:project level => top 11 : best suc 0.812197, best pre 0.216418,  best recall 0.304409
2021-08-31 15:56:44,870-INFO:----------------------result@12--------------------------
2021-08-31 15:56:44,870-INFO:success rate at method level 0.845714
2021-08-31 15:56:44,870-INFO:mean precision:0.214286, mean recall:0.337770
2021-08-31 15:56:44,871-INFO:**********************************************************
2021-08-31 15:56:44,871-INFO:success rate at project level 0.814390
2021-08-31 15:56:44,871-INFO:mean precision:0.209731, mean recall:0.318127
2021-08-31 15:56:44,871-WARNING:method level => top 12 : best suc 0.845714, best pre 0.214286,  best recall 0.337770
2021-08-31 15:56:44,871-WARNING:project level => top 12 : best suc 0.814390, best pre 0.209731,  best recall 0.318127
2021-08-31 15:56:44,872-INFO:----------------------result@13--------------------------
2021-08-31 15:56:44,872-INFO:success rate at method level 0.845714
2021-08-31 15:56:44,872-INFO:mean precision:0.208352, mean recall:0.352987
2021-08-31 15:56:44,873-INFO:**********************************************************
2021-08-31 15:56:44,873-INFO:success rate at project level 0.814390
2021-08-31 15:56:44,873-INFO:mean precision:0.204612, mean recall:0.333118
2021-08-31 15:56:44,874-WARNING:method level => top 13 : best suc 0.845714, best pre 0.208352,  best recall 0.352987
2021-08-31 15:56:44,874-WARNING:project level => top 13 : best suc 0.814390, best pre 0.204612,  best recall 0.333118
2021-08-31 15:56:44,875-INFO:----------------------result@14--------------------------
2021-08-31 15:56:44,875-INFO:success rate at method level 0.874286
2021-08-31 15:56:44,875-INFO:mean precision:0.202449, mean recall:0.372680
2021-08-31 15:56:44,876-INFO:**********************************************************
2021-08-31 15:56:44,876-INFO:success rate at project level 0.847285
2021-08-31 15:56:44,876-INFO:mean precision:0.198949, mean recall:0.352570
2021-08-31 15:56:44,876-WARNING:method level => top 14 : best suc 0.874286, best pre 0.202449,  best recall 0.372680
2021-08-31 15:56:44,876-WARNING:project level => top 14 : best suc 0.847285, best pre 0.198949,  best recall 0.352570
2021-08-31 15:56:44,877-INFO:----------------------result@15--------------------------
2021-08-31 15:56:44,877-INFO:success rate at method level 0.880000
2021-08-31 15:56:44,877-INFO:mean precision:0.194667, mean recall:0.383499
2021-08-31 15:56:44,878-INFO:**********************************************************
2021-08-31 15:56:44,879-INFO:success rate at project level 0.860443
2021-08-31 15:56:44,879-INFO:mean precision:0.193368, mean recall:0.367122
2021-08-31 15:56:44,879-WARNING:method level => top 15 : best suc 0.880000, best pre 0.194667,  best recall 0.383499
2021-08-31 15:56:44,879-WARNING:project level => top 15 : best suc 0.860443, best pre 0.193368,  best recall 0.367122
2021-08-31 15:56:44,880-INFO:----------------------result@16--------------------------
2021-08-31 15:56:44,880-INFO:success rate at method level 0.885714
2021-08-31 15:56:44,880-INFO:mean precision:0.187857, mean recall:0.391946
2021-08-31 15:56:44,881-INFO:**********************************************************
2021-08-31 15:56:44,881-INFO:success rate at project level 0.864829
2021-08-31 15:56:44,881-INFO:mean precision:0.186186, mean recall:0.374753
2021-08-31 15:56:44,881-WARNING:method level => top 16 : best suc 0.885714, best pre 0.187857,  best recall 0.391946
2021-08-31 15:56:44,881-WARNING:project level => top 16 : best suc 0.864829, best pre 0.186186,  best recall 0.374753
2021-08-31 15:56:44,882-INFO:----------------------result@17--------------------------
2021-08-31 15:56:44,882-INFO:success rate at method level 0.891429
2021-08-31 15:56:44,883-INFO:mean precision:0.179832, mean recall:0.397759
2021-08-31 15:56:44,884-INFO:**********************************************************
2021-08-31 15:56:44,884-INFO:success rate at project level 0.891145
2021-08-31 15:56:44,884-INFO:mean precision:0.179864, mean recall:0.385087
2021-08-31 15:56:44,884-WARNING:method level => top 17 : best suc 0.891429, best pre 0.179832,  best recall 0.397759
2021-08-31 15:56:44,884-WARNING:project level => top 17 : best suc 0.891145, best pre 0.179864,  best recall 0.385087
2021-08-31 15:56:44,885-INFO:----------------------result@18--------------------------
2021-08-31 15:56:44,885-INFO:success rate at method level 0.897143
2021-08-31 15:56:44,885-INFO:mean precision:0.173968, mean recall:0.404780
2021-08-31 15:56:44,886-INFO:**********************************************************
2021-08-31 15:56:44,886-INFO:success rate at project level 0.894904
2021-08-31 15:56:44,886-INFO:mean precision:0.175239, mean recall:0.395871
2021-08-31 15:56:44,886-WARNING:method level => top 18 : best suc 0.897143, best pre 0.173968,  best recall 0.404780
2021-08-31 15:56:44,886-WARNING:project level => top 18 : best suc 0.894904, best pre 0.175239,  best recall 0.395871
2021-08-31 15:56:44,888-INFO:----------------------result@19--------------------------
2021-08-31 15:56:44,888-INFO:success rate at method level 0.902857
2021-08-31 15:56:44,888-INFO:mean precision:0.168120, mean recall:0.413494
2021-08-31 15:56:44,889-INFO:**********************************************************
2021-08-31 15:56:44,889-INFO:success rate at project level 0.897828
2021-08-31 15:56:44,889-INFO:mean precision:0.169151, mean recall:0.402481
2021-08-31 15:56:44,889-WARNING:method level => top 19 : best suc 0.902857, best pre 0.168120,  best recall 0.413494
2021-08-31 15:56:44,889-WARNING:project level => top 19 : best suc 0.897828, best pre 0.169151,  best recall 0.402481
2021-08-31 15:56:44,890-INFO:----------------------result@20--------------------------
2021-08-31 15:56:44,890-INFO:success rate at method level 0.902857
2021-08-31 15:56:44,890-INFO:mean precision:0.162286, mean recall:0.419067
2021-08-31 15:56:44,891-INFO:**********************************************************
2021-08-31 15:56:44,891-INFO:success rate at project level 0.897828
2021-08-31 15:56:44,891-INFO:mean precision:0.165060, mean recall:0.413487
2021-08-31 15:56:44,892-WARNING:method level => top 20 : best suc 0.902857, best pre 0.162286,  best recall 0.419067
2021-08-31 15:56:44,892-WARNING:project level => top 20 : best suc 0.897828, best pre 0.165060,  best recall 0.413487
2021-08-31 15:56:44,902-INFO:MAP: 0.267673
