2022-05-04 13:36:38,873-INFO:================================================
2022-05-04 13:36:38,874-INFO:threshold1:0.500000;threshold2:0.500000;
2022-05-04 13:36:38,874-INFO:test start. test set size: 175
2022-05-04 13:37:29,055-INFO:context:{971};rank list:[ 641  893 1908  284  638  644 1994   59 1995 3552 2691 2683 1996  511
  189    5 2703 1999   60 2000  651]
2022-05-04 13:37:29,055-INFO:context:{224};rank list:[   5  200  198   66   69  346   43   80  470   99   14  203   30  197
  349  202   74  347 3619  326  357]
2022-05-04 13:37:29,056-INFO:context:{184};rank list:[ 185   64   26  173  193   27  232 2384 2383  211   63   20  252  231
  186  662 2069 1920 1918 2987  652]
2022-05-04 13:37:29,388-INFO:context:{278};rank list:[ 279  240 2879  222  289  224 3305 1484  601 4705 3737 4206 1481 4200
 3889 4636 4814 4313 2183 4193 4544]
2022-05-04 13:37:29,388-INFO:context:{184};rank list:[ 185   64   26  173  193   27  232 2384 2383  211   63   20  252  231
  186  662 2069 1920 1918 2987  652]
2022-05-04 13:37:29,388-INFO:context:{287};rank list:[ 285  206    5  288   43   15  423  286 1647 1327 1329 1324 1326 1325
  726 3166  160  280  196 5193 5194]
2022-05-04 13:37:29,388-INFO:context:{66};rank list:[  69   59    5   99  198   60  195  224   17  349  347  426  190  214
 1094 5182 5183  169  173  254 4935]
2022-05-04 13:37:29,389-INFO:context:{66};rank list:[  69   59    5   99  198   60  195  224   17  349  347  426  190  214
 1094 5182 5183  169  173  254 4935]
2022-05-04 13:37:29,389-INFO:context:{66};rank list:[  69   59    5   99  198   60  195  224   17  349  347  426  190  214
 1094 5182 5183  169  173  254 4935]
2022-05-04 13:37:29,389-INFO:context:{66};rank list:[  69   59    5   99  198   60  195  224   17  349  347  426  190  214
 1094 5182 5183  169  173  254 4935]
2022-05-04 13:37:29,389-INFO:context:{12};rank list:[1050  169  617   14  222  224   80   15  294  240 4157 1510 2147   30
  291 1511   82 1483 2129  326 4160]
2022-05-04 13:37:29,389-INFO:context:{289};rank list:[ 224    5  254  250  732 1741 1742 1739 1740 1738  222   27   29  286
  252  285 2507 1509 2189 2188 1506]
2022-05-04 13:37:29,389-INFO:context:{287};rank list:[ 285  206    5  288   43   15  423  286 1647 1327 1329 1324 1326 1325
  726 3166  160  280  196 5193 5194]
2022-05-04 13:37:29,389-INFO:context:{302};rank list:[  59   88   87   60 2185  675  214  284  807 1773  886 3947  616  885
  254 2196 4071  250 1383   17 1377]
2022-05-04 13:37:29,390-INFO:context:{99};rank list:[ 69  66  17   5  59  60 214 224 190  15  20 173  28  27 232 470  26 511
 189  31  80]
2022-05-04 13:37:29,390-INFO:context:{357};rank list:[ 200  197  224  366  198  363  203  350  348  352  359   43  369 2633
  672  426  632 3030 4967  404  349]
2022-05-04 13:37:29,390-INFO:context:{357};rank list:[ 200  197  224  366  198  363  203  350  348  352  359   43  369 2633
  672  426  632 3030 4967  404  349]
2022-05-04 13:37:29,390-INFO:context:{224};rank list:[   5  200  198   66   69  346   43   80  470   99   14  203   30  197
  349  202   74  347 3619  326  357]
2022-05-04 13:37:29,390-INFO:context:{224};rank list:[   5  200  198   66   69  346   43   80  470   99   14  203   30  197
  349  202   74  347 3619  326  357]
2022-05-04 13:37:29,390-INFO:context:{224};rank list:[   5  200  198   66   69  346   43   80  470   99   14  203   30  197
  349  202   74  347 3619  326  357]
2022-05-04 13:37:29,390-INFO:context:{361};rank list:[ 367  364  362  365  368  372  370 4945  412 2817 4944 2819 2820 4942
 4946 5154 4943 5231 5152 4941 5230]
2022-05-04 13:37:29,390-INFO:context:{224};rank list:[   5  200  198   66   69  346   43   80  470   99   14  203   30  197
  349  202   74  347 3619  326  357]
2022-05-04 13:37:29,390-INFO:context:{363};rank list:[ 200  224  198  203  197  357  366  369  426 3030  347 2633  672  632
 4967 2516  429  512  630  427 1095]
2022-05-04 13:37:29,391-INFO:context:{605};rank list:[ 606  290  603  602 2907 2908    5  625  666 1773 1419 2882 4552 4368
 3314 4719 4718  646 1579  803 3312]
2022-05-04 13:37:29,391-INFO:context:{224};rank list:[   5  200  198   66   69  346   43   80  470   99   14  203   30  197
  349  202   74  347 3619  326  357]
2022-05-04 13:37:29,391-INFO:context:{26};rank list:[ 27 232 283  20  29  66  25   5 193  99  69 185  59  21 148 173  17  64
 303  61  23]
2022-05-04 13:37:29,391-INFO:context:{224};rank list:[   5  200  198   66   69  346   43   80  470   99   14  203   30  197
  349  202   74  347 3619  326  357]
2022-05-04 13:37:29,391-INFO:context:{636};rank list:[2213 1968 4869  643 4258 4300 4309 3870 3871 4268 2821 4721 5103  637
 2212 4922 4357 1969 3772 5111 4918]
2022-05-04 13:37:29,391-INFO:context:{644};rank list:[1994 1908  893  971  641 1996 1995  638  651 1999 2000  511 3840 3579
 2900 3581 2703 3580 2002 3552  169]
2022-05-04 13:37:29,391-INFO:context:{637};rank list:[5103 2212 4721 4357 1969 3772 4268 5111 2806 3419 4948 4918 3329 2815
  277  276 2816 1588 5101 5102 4302]
2022-05-04 13:37:29,391-INFO:context:{605};rank list:[ 606  290  603  602 2907 2908    5  625  666 1773 1419 2882 4552 4368
 3314 4719 4718  646 1579  803 3312]
2022-05-04 13:37:29,392-INFO:context:{74};rank list:[   5  224   76   80  680   78   59   69   82  608 1464  654  170 2107
  470  511  625   66  231  190 2397]
2022-05-04 13:37:29,392-INFO:context:{66};rank list:[  69   59    5   99  198   60  195  224   17  349  347  426  190  214
 1094 5182 5183  169  173  254 4935]
2022-05-04 13:37:29,392-INFO:context:{74};rank list:[   5  224   76   80  680   78   59   69   82  608 1464  654  170 2107
  470  511  625   66  231  190 2397]
2022-05-04 13:37:29,392-INFO:context:{62};rank list:[  65  185   64   26 1919  283  423  281  425  424  282  280 2682  224
 3344  911 5068   63  487 5067 5069]
2022-05-04 13:37:29,392-INFO:context:{148};rank list:[  25   21  295  298   14   30   23  326  149 1578    5   69   66   59
   26   88   87  339  224   60  198]
2022-05-04 13:37:29,392-INFO:context:{17};rank list:[ 99  69  66  28 190   5  20 284 189  29 214  30  14 303  59 224  43  26
  60  88  87]
2022-05-04 13:37:29,392-INFO:context:{17};rank list:[ 99  69  66  28 190   5  20 284 189  29 214  30  14 303  59 224  43  26
  60  88  87]
2022-05-04 13:37:29,392-INFO:context:{2400};rank list:[1643  899 1644  511 2397 1331  537  227  629 2790  195  173  671  231
  296   15 2399   99 2403   43   59]
2022-05-04 13:37:29,392-INFO:context:{4258};rank list:[ 643 4300 4869 1968  636 4268 2213 4309 4721 3871 3870 2821 5103  637
 2212 4357 1969 3772 4922 5111  276]
2022-05-04 13:37:29,393-INFO:context:{20};rank list:[ 26  99  17  66  69   5 173  27  30 224  14 614  31  28 671  29  80 232
 595  25  59]
2022-05-04 13:37:29,393-INFO:context:{66};rank list:[  69   59    5   99  198   60  195  224   17  349  347  426  190  214
 1094 5182 5183  169  173  254 4935]
2022-05-04 13:37:29,393-INFO:context:{512};rank list:[ 983 1104 1111 1110 1105 1107 1106  982  922 1112 1109 1118 1117  790
 1115   99  224 1125 1770 1127 1132]
2022-05-04 13:37:29,393-INFO:context:{520};rank list:[ 966   26  163   74  500  185  521  235  522 2084 2085 2846  657   32
 2848 1202 2922  196   77  193  914]
2022-05-04 13:37:29,393-INFO:context:{1584};rank list:[ 206  284   17 2942 2940 2943 1908 1661  641  971  285  893 1586  286
 1647 1583 2941 1558  613  911 1585]
2022-05-04 13:37:29,393-INFO:context:{4268};rank list:[4300 4258  643 4869 1968 4721  636 2213 5103  637 4309 2212 3870 3871
 4357 2821 1969 3772 5111 2803 4358]
2022-05-04 13:37:29,393-INFO:context:{1661};rank list:[  18   69   66  224  163 3096 2001  677  828  231  227  190  285 1584
  233  189   88   59  641  284 1660]
2022-05-04 13:37:29,393-INFO:context:{209};rank list:[1406    5  224  345 1096  423   15  426   43    8  346  197   99 1093
 1094  198  202   66 1095   69  208]
2022-05-04 13:37:29,393-INFO:context:{209};rank list:[1406    5  224  345 1096  423   15  426   43    8  346  197   99 1093
 1094  198  202   66 1095   69  208]
2022-05-04 13:37:29,394-INFO:context:{209};rank list:[1406    5  224  345 1096  423   15  426   43    8  346  197   99 1093
 1094  198  202   66 1095   69  208]
2022-05-04 13:37:29,394-INFO:context:{80};rank list:[  82    5  224  617   43 1045   69  237   99   66 1511 1385 1050   15
   17   81 1951   74  676 1448 1956]
2022-05-04 13:37:29,394-INFO:context:{557};rank list:[541 568 553 564 554 578 545 556 550 579 576 569 574 547 543 580 573 560
 562 548 570]
2022-05-04 13:37:29,394-INFO:context:{2922};rank list:[ 214    5 2140  284   99  190 2001  790 1468 1467 2906   32 1202  189
   43   15  208  423  296 1773   18]
2022-05-04 13:37:29,394-INFO:context:{662};rank list:[ 173  665  664  283  663  624  184 2069 2384 1920 2987 1918  652  248
 2064 5113 2957  211 2956 3204  798]
2022-05-04 13:37:29,394-INFO:context:{662};rank list:[ 173  665  664  283  663  624  184 2069 2384 1920 2987 1918  652  248
 2064 5113 2957  211 2956 3204  798]
2022-05-04 13:37:29,394-INFO:context:{662};rank list:[ 173  665  664  283  663  624  184 2069 2384 1920 2987 1918  652  248
 2064 5113 2957  211 2956 3204  798]
2022-05-04 13:37:29,394-INFO:context:{4357};rank list:[1969 3772 2212 5101 5104  276  277 3775 1588 4305 3801 4948 4358 4312
 2803 4947 3419 2807 3329 3418 4918]
2022-05-04 13:37:29,394-INFO:context:{1583};rank list:[1558 1585 1555 1559 1584 1586 2011 2009 2012 2007   10    9 5245 2010
    2 5249  325 5248 4489 1861 5244]
2022-05-04 13:37:29,395-INFO:context:{1583};rank list:[1558 1585 1555 1559 1584 1586 2011 2009 2012 2007   10    9 5245 2010
    2 5249  325 5248 4489 1861 5244]
2022-05-04 13:37:29,395-INFO:context:{1583};rank list:[1558 1585 1555 1559 1584 1586 2011 2009 2012 2007   10    9 5245 2010
    2 5249  325 5248 4489 1861 5244]
2022-05-04 13:37:29,395-INFO:context:{1555};rank list:[1559 1556 1558 1553   43 1557 1560 1583 1561 1585 1554 1586 1584  208
 1854 1855 1862 2860 1861 1849 1865]
2022-05-04 13:37:29,395-INFO:context:{1593};rank list:[5153 5228 5231 4923 5152 5145 4296 5154 4301 4304 1591 4916 4297 4295
 4298 1596 5147 3774 5230 5229 4299]
2022-05-04 13:37:29,395-INFO:context:{1555};rank list:[1559 1556 1558 1553   43 1557 1560 1583 1561 1585 1554 1586 1584  208
 1854 1855 1862 2860 1861 1849 1865]
2022-05-04 13:37:29,395-INFO:context:{1583};rank list:[1558 1585 1555 1559 1584 1586 2011 2009 2012 2007   10    9 5245 2010
    2 5249  325 5248 4489 1861 5244]
2022-05-04 13:37:29,395-INFO:context:{677};rank list:[ 234  123   78   69   66  224  235 1906   99   59  214   20  284   18
   26  233  148    5   21 2132  295]
2022-05-04 13:37:29,395-INFO:context:{224};rank list:[   5  200  198   66   69  346   43   80  470   99   14  203   30  197
  349  202   74  347 3619  326  357]
2022-05-04 13:37:29,396-INFO:context:{2376};rank list:[1669 2375 1896  326   30 2381   14 2380 2378 1667 2048   21  222  148
 2474 4714 2377 2374 2379 2475 2382]
2022-05-04 13:37:29,396-INFO:context:{278};rank list:[ 279  240 2879  222  289  224 3305 1484  601 4705 3737 4206 1481 4200
 3889 4636 4814 4313 2183 4193 4544]
2022-05-04 13:37:29,396-INFO:context:{4684};rank list:[1511 4686 4685 1050 4697 4703 4683 4702 1510 1513  224 4704 4687 4698
 4688 4696  294 4681 4682 1873 1332]
2022-05-04 13:37:29,396-INFO:context:{3000};rank list:[  82   80  222  240 3178 4715 2797 4713 1896 1511 4714  292 1052 1045
  244  242 2378   14 2381 2879  898]
2022-05-04 13:37:29,396-INFO:context:{1458};rank list:[1455 1457 1454 1456  646   12  624  235 2500 2502 2505 2501 3086  609
 3286 4708  610 3422 3087 2503 1448]
2022-05-04 13:37:29,396-INFO:context:{1374};rank list:[ 898   69   17   66  173 1703 4712 1706 1697 1705 1702  997 1701 1708
 1700 1698 1704 1699 1707 1332   28]
2022-05-04 13:37:29,396-INFO:context:{1458};rank list:[1455 1457 1454 1456  646   12  624  235 2500 2502 2505 2501 3086  609
 3286 4708  610 3422 3087 2503 1448]
2022-05-04 13:37:29,396-INFO:context:{74};rank list:[   5  224   76   80  680   78   59   69   82  608 1464  654  170 2107
  470  511  625   66  231  190 2397]
2022-05-04 13:37:29,396-INFO:context:{17};rank list:[ 99  69  66  28 190   5  20 284 189  29 214  30  14 303  59 224  43  26
  60  88  87]
2022-05-04 13:37:29,397-INFO:context:{148};rank list:[  25   21  295  298   14   30   23  326  149 1578    5   69   66   59
   26   88   87  339  224   60  198]
2022-05-04 13:37:29,397-INFO:context:{5};rank list:[ 224  470  426   66   43 5182 5183  169  198   69 1094   59   74   99
   78  170   30   80   14  195  347]
2022-05-04 13:37:29,397-INFO:context:{1944};rank list:[1945 1946 1947  263  264 3272 3275 3276 3277 3273 5271 5265 5276 2623
  992 5267 5273  996  994 5275  991]
2022-05-04 13:37:29,397-INFO:context:{17};rank list:[ 99  69  66  28 190   5  20 284 189  29 214  30  14 303  59 224  43  26
  60  88  87]
2022-05-04 13:37:29,397-INFO:context:{66};rank list:[  69   59    5   99  198   60  195  224   17  349  347  426  190  214
 1094 5182 5183  169  173  254 4935]
2022-05-04 13:37:29,397-INFO:context:{1483};rank list:[ 291 2129  222 1050  240  292   80  224   82 1448  617   12 1510  169
 1045 1511 1882 1296  293  286 1647]
2022-05-04 13:37:29,397-INFO:context:{1385};rank list:[  80   69 1510   66  254  618   43  617 1511  615 2394 3397 2391 3394
  470 3400 3395 4494  208 3399 4497]
2022-05-04 13:37:29,397-INFO:context:{66};rank list:[  69   59    5   99  198   60  195  224   17  349  347  426  190  214
 1094 5182 5183  169  173  254 4935]
2022-05-04 13:37:29,397-INFO:context:{66};rank list:[  69   59    5   99  198   60  195  224   17  349  347  426  190  214
 1094 5182 5183  169  173  254 4935]
2022-05-04 13:37:29,398-INFO:context:{1961};rank list:[  15  423 1962 1960 3305  613  291  294  292  239  237 1957 3320    5
   99  224 3886  601  679  666  279]
2022-05-04 13:37:29,398-INFO:context:{214};rank list:[190 299 189 807  99  69  66  60   5  59 254  17 252 250  89  88 300 871
  87  83  28]
2022-05-04 13:37:29,398-INFO:context:{1961};rank list:[  15  423 1962 1960 3305  613  291  294  292  239  237 1957 3320    5
   99  224 3886  601  679  666  279]
2022-05-04 13:37:29,398-INFO:context:{1482};rank list:[ 160   14  222  237   13  290  326   16    5   59 3088   30  170  291
   65   17  240  670 2129 3879  586]
2022-05-04 13:37:29,398-INFO:context:{206};rank list:[ 286   17  285  252   43 1647 1646   99  287  680    5   25  284 1648
  222   80   66  190   85   60  726]
2022-05-04 13:37:29,398-INFO:context:{66};rank list:[  69   59    5   99  198   60  195  224   17  349  347  426  190  214
 1094 5182 5183  169  173  254 4935]
2022-05-04 13:37:29,398-INFO:context:{66};rank list:[  69   59    5   99  198   60  195  224   17  349  347  426  190  214
 1094 5182 5183  169  173  254 4935]
2022-05-04 13:37:29,398-INFO:context:{66};rank list:[  69   59    5   99  198   60  195  224   17  349  347  426  190  214
 1094 5182 5183  169  173  254 4935]
2022-05-04 13:37:29,398-INFO:context:{173};rank list:[  99   66   69  303   26   20  232  193   64  185   27   60  671   17
  169  537   59  184   29 4866  214]
2022-05-04 13:37:29,399-INFO:context:{4867};rank list:[4866  537  246  173  303    5 3733 3411  265 3840 3732  191 2473  295
 2541 2987  611  969  594 5334  652]
2022-05-04 13:37:29,399-INFO:context:{4867};rank list:[4866  537  246  173  303    5 3733 3411  265 3840 3732  191 2473  295
 2541 2987  611  969  594 5334  652]
2022-05-04 13:37:29,399-INFO:context:{66};rank list:[  69   59    5   99  198   60  195  224   17  349  347  426  190  214
 1094 5182 5183  169  173  254 4935]
2022-05-04 13:37:29,399-INFO:context:{66};rank list:[  69   59    5   99  198   60  195  224   17  349  347  426  190  214
 1094 5182 5183  169  173  254 4935]
2022-05-04 13:37:29,399-INFO:context:{66};rank list:[  69   59    5   99  198   60  195  224   17  349  347  426  190  214
 1094 5182 5183  169  173  254 4935]
2022-05-04 13:37:29,399-INFO:context:{66};rank list:[  69   59    5   99  198   60  195  224   17  349  347  426  190  214
 1094 5182 5183  169  173  254 4935]
2022-05-04 13:37:29,399-INFO:context:{66};rank list:[  69   59    5   99  198   60  195  224   17  349  347  426  190  214
 1094 5182 5183  169  173  254 4935]
2022-05-04 13:37:29,399-INFO:context:{4867};rank list:[4866  537  246  173  303    5 3733 3411  265 3840 3732  191 2473  295
 2541 2987  611  969  594 5334  652]
2022-05-04 13:37:29,400-INFO:context:{4867};rank list:[4866  537  246  173  303    5 3733 3411  265 3840 3732  191 2473  295
 2541 2987  611  969  594 5334  652]
2022-05-04 13:37:29,400-INFO:context:{4868};rank list:[1592 5150 5148 4916 1595 5149 3803 4919 5226 5151 1587 1593 5231 5154
 5227 4924 1590 5228 5152 5153 2817]
2022-05-04 13:37:29,400-INFO:context:{4868};rank list:[1592 5150 5148 4916 1595 5149 3803 4919 5226 5151 1587 1593 5231 5154
 5227 4924 1590 5228 5152 5153 2817]
2022-05-04 13:37:29,400-INFO:context:{4906};rank list:[4909 4915 4907 4910 4913 4914 4908 4912 4911 4904 1794 4903 1797 4905
 1795 1796 1798 1830 1829 1821 1822]
2022-05-04 13:37:29,400-INFO:context:{4307};rank list:[ 614 1958   76   71 1692 4308  326  608    5   14 2174   81 2186 4595
  648 2698 2703 2985  839 3552 2137]
2022-05-04 13:37:29,400-INFO:context:{4923};rank list:[5145 4296 4297 4295 4301 4304 5153 1591 5228 4298 1596 5147 5231 1593
 4723 5152 4299 3774 5111 2818 5104]
2022-05-04 13:37:29,400-INFO:context:{4906};rank list:[4909 4915 4907 4910 4913 4914 4908 4912 4911 4904 1794 4903 1797 4905
 1795 1796 1798 1830 1829 1821 1822]
2022-05-04 13:37:29,400-INFO:context:{4941};rank list:[3774 3772 1969 2806 2805 3419 2803 4305  277 2807 4312 4302 4918 5102
 4358 5112 4360 5110 5109 3329  276]
2022-05-04 13:37:29,400-INFO:context:{4822};rank list:[4829 4831 4825  903 4827 4823 4832 4255 4833 4830 4826  906 4824  215
 4828  288  235  908  912  907  904]
2022-05-04 13:37:29,400-INFO:context:{224};rank list:[   5  200  198   66   69  346   43   80  470   99   14  203   30  197
  349  202   74  347 3619  326  357]
2022-05-04 13:37:29,401-INFO:context:{670};rank list:[ 30  14 326   5 224 728  66 160 226 221  69 261  65 245  78  64  17 185
 511  20 613]
2022-05-04 13:37:29,401-INFO:context:{283};rank list:[  26   25   23  232   27   21  173  148   20 2131  149 2984 2918   62
  665  595 2985  597  664 1202   29]
2022-05-04 13:37:29,401-INFO:context:{224};rank list:[   5  200  198   66   69  346   43   80  470   99   14  203   30  197
  349  202   74  347 3619  326  357]
2022-05-04 13:37:29,401-INFO:context:{224};rank list:[   5  200  198   66   69  346   43   80  470   99   14  203   30  197
  349  202   74  347 3619  326  357]
2022-05-04 13:37:29,401-INFO:context:{224};rank list:[   5  200  198   66   69  346   43   80  470   99   14  203   30  197
  349  202   74  347 3619  326  357]
2022-05-04 13:37:29,401-INFO:context:{224};rank list:[   5  200  198   66   69  346   43   80  470   99   14  203   30  197
  349  202   74  347 3619  326  357]
2022-05-04 13:37:29,401-INFO:context:{5103};rank list:[ 637 2212 4721 4357 1969 3772 4268 5111 4358 3419 1588 5112 2805 1589
 2803 4360 4305 5110 3329 5109 3775]
2022-05-04 13:37:29,401-INFO:context:{5085};rank list:[5087 5086 5088 5089   26 3741 3742 3738 3743 3740  485 3744 3264 4499
 3241 2758 2756 2757 4500 3228 2470]
2022-05-04 13:37:29,402-INFO:context:{1961};rank list:[  15  423 1962 1960 3305  613  291  294  292  239  237 1957 3320    5
   99  224 3886  601  679  666  279]
2022-05-04 13:37:29,402-INFO:context:{671};rank list:[   5  595   20   30  594  148 2022   21   17  592   14  224   28  597
  173 4964   59  828  234  233  326]
2022-05-04 13:37:29,402-INFO:context:{2879};rank list:[ 224    5   74  470  240  222 3000   12   82 1045  289 4001 1448   80
  278 1098  279  419  343 1378 3391]
2022-05-04 13:37:29,402-INFO:context:{197};rank list:[ 200  426  198  346  224  202  357  203 1094 2633  363  369    5  347
   66   69  366  672 4967 1095   43]
2022-05-04 13:37:29,402-INFO:context:{3025};rank list:[4107 4108 4106 3026  423  284   43   85  169 2048   74  430 1518   72
 4447 2519 4851 2518  623 3274 2706]
2022-05-04 13:37:29,402-INFO:context:{2997};rank list:[2999 2998  346    8 1520 5107 1988  631  427 1096 4936 1095 3705  672
 5294  373 2632 4583 3669 3704 2332]
2022-05-04 13:37:29,402-INFO:context:{287};rank list:[ 285  206    5  288   43   15  423  286 1647 1327 1329 1324 1326 1325
  726 3166  160  280  196 5193 5194]
2022-05-04 13:37:29,402-INFO:context:{670};rank list:[ 30  14 326   5 224 728  66 160 226 221  69 261  65 245  78  64  17 185
 511  20 613]
2022-05-04 13:37:29,402-INFO:context:{1697};rank list:[1706 1708 1704 1705 1707 1702 1703 1701 1733 1734 1735 1731 3647    5
 1698 1732 3783 2538  911 3784 2540]
2022-05-04 13:37:29,403-INFO:context:{5145};rank list:[4296 4301 4304 1591 4923 4298 4297 4295 1596 5147 5153 5228 4299 5111
 2815 5102 2807 4360 5101 3329 4918]
2022-05-04 13:37:29,403-INFO:context:{5152};rank list:[3774 5147 4299 3775 2807 5109 5104 3801 2815 3329 5102 3418 5101 5110
 4360 4358 4918 2818 4302 2816  277]
2022-05-04 13:37:29,403-INFO:context:{5135};rank list:[5137 5141 5136 5140 5142 5143 5139 5138  123 1906  677    5 5144 1251
 1232   59   60  624 1329  135 3637]
2022-05-04 13:37:29,403-INFO:context:{670};rank list:[ 30  14 326   5 224 728  66 160 226 221  69 261  65 245  78  64  17 185
 511  20 613]
2022-05-04 13:37:29,403-INFO:context:{214};rank list:[190 299 189 807  99  69  66  60   5  59 254  17 252 250  89  88 300 871
  87  83  28]
2022-05-04 13:37:29,403-INFO:context:{670};rank list:[ 30  14 326   5 224 728  66 160 226 221  69 261  65 245  78  64  17 185
 511  20 613]
2022-05-04 13:37:29,403-INFO:context:{798};rank list:[  28   66   14   30   17   29 2139  214   20  170  249 3363    5  190
   69  189  148  595 2199   25  802]
2022-05-04 13:37:29,403-INFO:context:{17};rank list:[ 99  69  66  28 190   5  20 284 189  29 214  30  14 303  59 224  43  26
  60  88  87]
2022-05-04 13:37:29,403-INFO:context:{798};rank list:[  28   66   14   30   17   29 2139  214   20  170  249 3363    5  190
   69  189  148  595 2199   25  802]
2022-05-04 13:37:29,404-INFO:context:{2203};rank list:[2205  827 2206 2204   21  148   25    5 2209 3365 1898   75 1332 2280
 2278  289  818 1900 5134 3368 1885]
2022-05-04 13:37:29,404-INFO:context:{2234};rank list:[2235 2236 2239 2237 2238 2227 2232 2229  224  189  190    5 2225 5011
 5008 1261 5010 1254 1258 1259  355]
2022-05-04 13:37:29,404-INFO:context:{2240};rank list:[2227 2226 2243 2229 2228 2231 2223 2232 2230 2242 2225  190  189   60
    5 2224 2233 2250 2248 2249 2252]
2022-05-04 13:37:29,404-INFO:context:{5};rank list:[ 224  470  426   66   43 5182 5183  169  198   69 1094   59   74   99
   78  170   30   80   14  195  347]
2022-05-04 13:37:29,404-INFO:context:{2215};rank list:[2217 2220 2218 2219 2221 2222 2216 2247 5191 5192 3854 3855 3851 5190
 3853 3476 3477 3335 3478 3850 3856]
2022-05-04 13:37:29,404-INFO:context:{2244};rank list:[1770 2246 2245  512   59 3342 4724  982  983   60  214  583 2253  189
   99    5   69   66  537  249   28]
2022-05-04 13:37:29,404-INFO:context:{5226};rank list:[5227 1595 5229 5230 5148 1587 4916 1593 1590 5228 5150 3803 4303 5231
 4723 4720 5153 5154 1592 5149 4923]
2022-05-04 13:37:29,404-INFO:context:{17};rank list:[ 99  69  66  28 190   5  20 284 189  29 214  30  14 303  59 224  43  26
  60  88  87]
2022-05-04 13:37:29,404-INFO:context:{66};rank list:[  69   59    5   99  198   60  195  224   17  349  347  426  190  214
 1094 5182 5183  169  173  254 4935]
2022-05-04 13:37:29,405-INFO:context:{2801};rank list:[3909 3906 2811 2810 2812 2808    5   99 2814 3939 3907 3937 3940 3941
 3946 2802 2941 2813 2198 2804 3908]
2022-05-04 13:37:29,405-INFO:context:{2817};rank list:[2819 2820 4946 5152 5154 4942 5231 4944 4941 3774 5153 3801 3775 3419
 3418 5101 4305 4947  276 5102 4312]
2022-05-04 13:37:29,405-INFO:context:{163};rank list:[  99    5  913   26  224   20   69  423  425   31  214 3566   66  537
  828  189   17  160  235  520 1646]
2022-05-04 13:37:29,405-INFO:context:{5};rank list:[ 224  470  426   66   43 5182 5183  169  198   69 1094   59   74   99
   78  170   30   80   14  195  347]
2022-05-04 13:37:29,405-INFO:context:{670};rank list:[ 30  14 326   5 224 728  66 160 226 221  69 261  65 245  78  64  17 185
 511  20 613]
2022-05-04 13:37:29,405-INFO:context:{3276};rank list:[3277 3275 1947  266  264   99 3273 3272  996 2623 1944 5271 5265  991
  994 5276  166 5273 5266 1001 2624]
2022-05-04 13:37:29,405-INFO:context:{266};rank list:[ 264  273  274 2513   66  263 3192 3198 3191 3196   69  249 2509   99
 3275 3193 2510 3199 2512 3194 2514]
2022-05-04 13:37:29,405-INFO:context:{1883};rank list:[ 233  234  828 1847 1857 3278 1906 1993   78   99   43 3323 2586 2587
 3332 3891 2352 4265 3333 1645 3325]
2022-05-04 13:37:29,406-INFO:context:{17};rank list:[ 99  69  66  28 190   5  20 284 189  29 214  30  14 303  59 224  43  26
  60  88  87]
2022-05-04 13:37:29,406-INFO:context:{224};rank list:[   5  200  198   66   69  346   43   80  470   99   14  203   30  197
  349  202   74  347 3619  326  357]
2022-05-04 13:37:29,406-INFO:context:{1483};rank list:[ 291 2129  222 1050  240  292   80  224   82 1448  617   12 1510  169
 1045 1511 1882 1296  293  286 1647]
2022-05-04 13:37:29,406-INFO:context:{178};rank list:[  15  177  183  181  179 2886  180 4669  182  224   25 1528  911  423
  229   99 2913 4884  239 4555 2952]
2022-05-04 13:37:29,406-INFO:context:{670};rank list:[ 30  14 326   5 224 728  66 160 226 221  69 261  65 245  78  64  17 185
 511  20 613]
2022-05-04 13:37:29,406-INFO:context:{66};rank list:[  69   59    5   99  198   60  195  224   17  349  347  426  190  214
 1094 5182 5183  169  173  254 4935]
2022-05-04 13:37:29,406-INFO:context:{813};rank list:[ 820  282  818 2141 2477 2634  816  148  232  819   16  817   25  815
  814 5348   43    8   21  224   65]
2022-05-04 13:37:29,406-INFO:context:{813};rank list:[ 820  282  818 2141 2477 2634  816  148  232  819   16  817   25  815
  814 5348   43    8   21  224   65]
2022-05-04 13:37:29,406-INFO:context:{1437};rank list:[ 254  250  251 1438 1441 1443 1444 1442 1422    5 1494 1433 1439  885
 1425  818  532 1420  224 1493 1421]
2022-05-04 13:37:29,407-INFO:context:{1433};rank list:[1442 1422 1493 1503 1500 1441 1490 1438 1495 1437  251  254    5  250
 1443 1420 1494 1496 1491 1418 1444]
2022-05-04 13:37:29,407-INFO:context:{621};rank list:[   5 1413 1430 1411 1410 1428 1416 1429 1407 1449 1422 1415  237 3385
 3314 3312 3370 1462 3369 1419 3979]
2022-05-04 13:37:29,407-INFO:context:{670};rank list:[ 30  14 326   5 224 728  66 160 226 221  69 261  65 245  78  64  17 185
 511  20 613]
2022-05-04 13:37:29,407-INFO:context:{3417};rank list:[5112 4948 4947 4312 2803 3329 3775 3419 3418 4305 4918 5101  276  277
 1588 5102 5110 5104 2818 4358 4360]
2022-05-04 13:37:29,407-INFO:context:{3411};rank list:[3414 3410 3412  594 3413 1967 2022 1787  595  597   27  616   26   20
   66   60  671  284  193   59   69]
2022-05-04 13:37:29,407-INFO:context:{66};rank list:[  69   59    5   99  198   60  195  224   17  349  347  426  190  214
 1094 5182 5183  169  173  254 4935]
2022-05-04 13:37:29,407-INFO:context:{66};rank list:[  69   59    5   99  198   60  195  224   17  349  347  426  190  214
 1094 5182 5183  169  173  254 4935]
2022-05-04 13:37:29,407-INFO:context:{66};rank list:[  69   59    5   99  198   60  195  224   17  349  347  426  190  214
 1094 5182 5183  169  173  254 4935]
2022-05-04 13:37:29,407-INFO:context:{224};rank list:[   5  200  198   66   69  346   43   80  470   99   14  203   30  197
  349  202   74  347 3619  326  357]
2022-05-04 13:37:29,408-INFO:context:{2130};rank list:[ 224  237  617   29 3365 3364   59   78   82 1381 3366   80 3367 1483
    0    1    7  195   26  193   27]
2022-05-04 13:37:29,408-INFO:context:{802};rank list:[ 595  597  592   69  250  254   28   30  798  511   20   29  252   66
  224   14  174  486  289  728 2651]
2022-05-04 13:37:29,408-INFO:context:{1716};rank list:[   5 1717 3648 3649 3787 3788 3800 3789 3792 3798 3785 3794 3795 3319
 3796 3793 3786 1415 3791 3790 3797]
2022-05-04 13:37:29,408-INFO:test end time: 50.53393244743347s
2022-05-04 13:37:29,409-INFO:----------------------result@1--------------------------
2022-05-04 13:37:29,409-INFO:success rate at method level 0.508571
2022-05-04 13:37:29,409-INFO:mean precision:0.508571, mean recall:0.080737
2022-05-04 13:37:29,410-INFO:**********************************************************
2022-05-04 13:37:29,410-INFO:success rate at project level 0.458197
2022-05-04 13:37:29,410-INFO:mean precision:0.458197, mean recall:0.070244
2022-05-04 13:37:29,411-WARNING:method level => top 1 : best suc 0.508571, best pre 0.508571,  best recall 0.080737
2022-05-04 13:37:29,411-WARNING:project level => top 1 : best suc 0.458197, best pre 0.458197,  best recall 0.070244
2022-05-04 13:37:29,412-INFO:----------------------result@2--------------------------
2022-05-04 13:37:29,412-INFO:success rate at method level 0.611429
2022-05-04 13:37:29,412-INFO:mean precision:0.414286, mean recall:0.126364
2022-05-04 13:37:29,413-INFO:**********************************************************
2022-05-04 13:37:29,413-INFO:success rate at project level 0.555482
2022-05-04 13:37:29,413-INFO:mean precision:0.386213, mean recall:0.113533
2022-05-04 13:37:29,413-WARNING:method level => top 2 : best suc 0.611429, best pre 0.414286,  best recall 0.126364
2022-05-04 13:37:29,413-WARNING:project level => top 2 : best suc 0.555482, best pre 0.386213,  best recall 0.113533
2022-05-04 13:37:29,414-INFO:----------------------result@3--------------------------
2022-05-04 13:37:29,414-INFO:success rate at method level 0.662857
2022-05-04 13:37:29,414-INFO:mean precision:0.373333, mean recall:0.166152
2022-05-04 13:37:29,415-INFO:**********************************************************
2022-05-04 13:37:29,415-INFO:success rate at project level 0.606370
2022-05-04 13:37:29,416-INFO:mean precision:0.346830, mean recall:0.150247
2022-05-04 13:37:29,416-WARNING:method level => top 3 : best suc 0.662857, best pre 0.373333,  best recall 0.166152
2022-05-04 13:37:29,416-WARNING:project level => top 3 : best suc 0.606370, best pre 0.346830,  best recall 0.150247
2022-05-04 13:37:29,417-INFO:----------------------result@4--------------------------
2022-05-04 13:37:29,417-INFO:success rate at method level 0.702857
2022-05-04 13:37:29,417-INFO:mean precision:0.347143, mean recall:0.205018
2022-05-04 13:37:29,418-INFO:**********************************************************
2022-05-04 13:37:29,418-INFO:success rate at project level 0.648141
2022-05-04 13:37:29,418-INFO:mean precision:0.318459, mean recall:0.181932
2022-05-04 13:37:29,418-WARNING:method level => top 4 : best suc 0.702857, best pre 0.347143,  best recall 0.205018
2022-05-04 13:37:29,418-WARNING:project level => top 4 : best suc 0.648141, best pre 0.318459,  best recall 0.181932
2022-05-04 13:37:29,419-INFO:----------------------result@5--------------------------
2022-05-04 13:37:29,419-INFO:success rate at method level 0.714286
2022-05-04 13:37:29,419-INFO:mean precision:0.318857, mean recall:0.229549
2022-05-04 13:37:29,420-INFO:**********************************************************
2022-05-04 13:37:29,420-INFO:success rate at project level 0.654094
2022-05-04 13:37:29,420-INFO:mean precision:0.297532, mean recall:0.206006
2022-05-04 13:37:29,420-WARNING:method level => top 5 : best suc 0.714286, best pre 0.318857,  best recall 0.229549
2022-05-04 13:37:29,420-WARNING:project level => top 5 : best suc 0.654094, best pre 0.297532,  best recall 0.206006
2022-05-04 13:37:29,422-INFO:----------------------result@6--------------------------
2022-05-04 13:37:29,422-INFO:success rate at method level 0.731429
2022-05-04 13:37:29,422-INFO:mean precision:0.284762, mean recall:0.245113
2022-05-04 13:37:29,423-INFO:**********************************************************
2022-05-04 13:37:29,423-INFO:success rate at project level 0.689181
2022-05-04 13:37:29,423-INFO:mean precision:0.275202, mean recall:0.226734
2022-05-04 13:37:29,423-WARNING:method level => top 6 : best suc 0.731429, best pre 0.284762,  best recall 0.245113
2022-05-04 13:37:29,423-WARNING:project level => top 6 : best suc 0.689181, best pre 0.275202,  best recall 0.226734
2022-05-04 13:37:29,424-INFO:----------------------result@7--------------------------
2022-05-04 13:37:29,424-INFO:success rate at method level 0.754286
2022-05-04 13:37:29,424-INFO:mean precision:0.262041, mean recall:0.257839
2022-05-04 13:37:29,425-INFO:**********************************************************
2022-05-04 13:37:29,425-INFO:success rate at project level 0.716959
2022-05-04 13:37:29,425-INFO:mean precision:0.256117, mean recall:0.241338
2022-05-04 13:37:29,425-WARNING:method level => top 7 : best suc 0.754286, best pre 0.262041,  best recall 0.257839
2022-05-04 13:37:29,425-WARNING:project level => top 7 : best suc 0.716959, best pre 0.256117,  best recall 0.241338
2022-05-04 13:37:29,426-INFO:----------------------result@8--------------------------
2022-05-04 13:37:29,426-INFO:success rate at method level 0.771429
2022-05-04 13:37:29,426-INFO:mean precision:0.248571, mean recall:0.274189
2022-05-04 13:37:29,427-INFO:**********************************************************
2022-05-04 13:37:29,427-INFO:success rate at project level 0.741082
2022-05-04 13:37:29,427-INFO:mean precision:0.241169, mean recall:0.254799
2022-05-04 13:37:29,428-WARNING:method level => top 8 : best suc 0.771429, best pre 0.248571,  best recall 0.274189
2022-05-04 13:37:29,428-WARNING:project level => top 8 : best suc 0.741082, best pre 0.241169,  best recall 0.254799
2022-05-04 13:37:29,429-INFO:----------------------result@9--------------------------
2022-05-04 13:37:29,429-INFO:success rate at method level 0.777143
2022-05-04 13:37:29,429-INFO:mean precision:0.234921, mean recall:0.287149
2022-05-04 13:37:29,430-INFO:**********************************************************
2022-05-04 13:37:29,430-INFO:success rate at project level 0.754240
2022-05-04 13:37:29,430-INFO:mean precision:0.229844, mean recall:0.267707
2022-05-04 13:37:29,430-WARNING:method level => top 9 : best suc 0.777143, best pre 0.234921,  best recall 0.287149
2022-05-04 13:37:29,430-WARNING:project level => top 9 : best suc 0.754240, best pre 0.229844,  best recall 0.267707
2022-05-04 13:37:29,431-INFO:----------------------result@10--------------------------
2022-05-04 13:37:29,431-INFO:success rate at method level 0.782857
2022-05-04 13:37:29,431-INFO:mean precision:0.223429, mean recall:0.298227
2022-05-04 13:37:29,432-INFO:**********************************************************
2022-05-04 13:37:29,432-INFO:success rate at project level 0.760819
2022-05-04 13:37:29,432-INFO:mean precision:0.219074, mean recall:0.279254
2022-05-04 13:37:29,432-WARNING:method level => top 10 : best suc 0.782857, best pre 0.223429,  best recall 0.298227
2022-05-04 13:37:29,432-WARNING:project level => top 10 : best suc 0.760819, best pre 0.219074,  best recall 0.279254
2022-05-04 13:37:29,433-INFO:----------------------result@11--------------------------
2022-05-04 13:37:29,433-INFO:success rate at method level 0.782857
2022-05-04 13:37:29,433-INFO:mean precision:0.208312, mean recall:0.303570
2022-05-04 13:37:29,434-INFO:**********************************************************
2022-05-04 13:37:29,434-INFO:success rate at project level 0.760819
2022-05-04 13:37:29,434-INFO:mean precision:0.204600, mean recall:0.285586
2022-05-04 13:37:29,435-WARNING:method level => top 11 : best suc 0.782857, best pre 0.208312,  best recall 0.303570
2022-05-04 13:37:29,435-WARNING:project level => top 11 : best suc 0.760819, best pre 0.204600,  best recall 0.285586
2022-05-04 13:37:29,435-INFO:----------------------result@12--------------------------
2022-05-04 13:37:29,436-INFO:success rate at method level 0.794286
2022-05-04 13:37:29,436-INFO:mean precision:0.199524, mean recall:0.314408
2022-05-04 13:37:29,437-INFO:**********************************************************
2022-05-04 13:37:29,437-INFO:success rate at project level 0.776170
2022-05-04 13:37:29,437-INFO:mean precision:0.196014, mean recall:0.297549
2022-05-04 13:37:29,437-WARNING:method level => top 12 : best suc 0.794286, best pre 0.199524,  best recall 0.314408
2022-05-04 13:37:29,437-WARNING:project level => top 12 : best suc 0.776170, best pre 0.196014,  best recall 0.297549
2022-05-04 13:37:29,438-INFO:----------------------result@13--------------------------
2022-05-04 13:37:29,438-INFO:success rate at method level 0.800000
2022-05-04 13:37:29,438-INFO:mean precision:0.192527, mean recall:0.327260
2022-05-04 13:37:29,439-INFO:**********************************************************
2022-05-04 13:37:29,439-INFO:success rate at project level 0.802485
2022-05-04 13:37:29,439-INFO:mean precision:0.188044, mean recall:0.309734
2022-05-04 13:37:29,439-WARNING:method level => top 13 : best suc 0.800000, best pre 0.192527,  best recall 0.327260
2022-05-04 13:37:29,439-WARNING:project level => top 13 : best suc 0.802485, best pre 0.188044,  best recall 0.309734
2022-05-04 13:37:29,440-INFO:----------------------result@14--------------------------
2022-05-04 13:37:29,440-INFO:success rate at method level 0.811429
2022-05-04 13:37:29,440-INFO:mean precision:0.186531, mean recall:0.343445
2022-05-04 13:37:29,441-INFO:**********************************************************
2022-05-04 13:37:29,441-INFO:success rate at project level 0.817836
2022-05-04 13:37:29,441-INFO:mean precision:0.184364, mean recall:0.329130
2022-05-04 13:37:29,442-WARNING:method level => top 14 : best suc 0.811429, best pre 0.186531,  best recall 0.343445
2022-05-04 13:37:29,442-WARNING:project level => top 14 : best suc 0.817836, best pre 0.184364,  best recall 0.329130
2022-05-04 13:37:29,443-INFO:----------------------result@15--------------------------
2022-05-04 13:37:29,443-INFO:success rate at method level 0.811429
2022-05-04 13:37:29,443-INFO:mean precision:0.177905, mean recall:0.348773
2022-05-04 13:37:29,444-INFO:**********************************************************
2022-05-04 13:37:29,444-INFO:success rate at project level 0.817836
2022-05-04 13:37:29,444-INFO:mean precision:0.176109, mean recall:0.335205
2022-05-04 13:37:29,444-WARNING:method level => top 15 : best suc 0.811429, best pre 0.177905,  best recall 0.348773
2022-05-04 13:37:29,444-WARNING:project level => top 15 : best suc 0.817836, best pre 0.176109,  best recall 0.335205
2022-05-04 13:37:29,445-INFO:----------------------result@16--------------------------
2022-05-04 13:37:29,445-INFO:success rate at method level 0.822857
2022-05-04 13:37:29,445-INFO:mean precision:0.171429, mean recall:0.357281
2022-05-04 13:37:29,446-INFO:**********************************************************
2022-05-04 13:37:29,446-INFO:success rate at project level 0.825982
2022-05-04 13:37:29,446-INFO:mean precision:0.170937, mean recall:0.345721
2022-05-04 13:37:29,446-WARNING:method level => top 16 : best suc 0.822857, best pre 0.171429,  best recall 0.357281
2022-05-04 13:37:29,446-WARNING:project level => top 16 : best suc 0.825982, best pre 0.170937,  best recall 0.345721
2022-05-04 13:37:29,447-INFO:----------------------result@17--------------------------
2022-05-04 13:37:29,447-INFO:success rate at method level 0.822857
2022-05-04 13:37:29,447-INFO:mean precision:0.165042, mean recall:0.364913
2022-05-04 13:37:29,448-INFO:**********************************************************
2022-05-04 13:37:29,448-INFO:success rate at project level 0.825982
2022-05-04 13:37:29,448-INFO:mean precision:0.165968, mean recall:0.356243
2022-05-04 13:37:29,449-WARNING:method level => top 17 : best suc 0.822857, best pre 0.165042,  best recall 0.364913
2022-05-04 13:37:29,449-WARNING:project level => top 17 : best suc 0.825982, best pre 0.165968,  best recall 0.356243
2022-05-04 13:37:29,450-INFO:----------------------result@18--------------------------
2022-05-04 13:37:29,450-INFO:success rate at method level 0.840000
2022-05-04 13:37:29,450-INFO:mean precision:0.159048, mean recall:0.370744
2022-05-04 13:37:29,451-INFO:**********************************************************
2022-05-04 13:37:29,451-INFO:success rate at project level 0.837051
2022-05-04 13:37:29,451-INFO:mean precision:0.159412, mean recall:0.360758
2022-05-04 13:37:29,451-WARNING:method level => top 18 : best suc 0.840000, best pre 0.159048,  best recall 0.370744
2022-05-04 13:37:29,451-WARNING:project level => top 18 : best suc 0.837051, best pre 0.159412,  best recall 0.360758
2022-05-04 13:37:29,452-INFO:----------------------result@19--------------------------
2022-05-04 13:37:29,452-INFO:success rate at method level 0.840000
2022-05-04 13:37:29,452-INFO:mean precision:0.153083, mean recall:0.376301
2022-05-04 13:37:29,453-INFO:**********************************************************
2022-05-04 13:37:29,453-INFO:success rate at project level 0.837051
2022-05-04 13:37:29,453-INFO:mean precision:0.153687, mean recall:0.364681
2022-05-04 13:37:29,453-WARNING:method level => top 19 : best suc 0.840000, best pre 0.153083,  best recall 0.376301
2022-05-04 13:37:29,453-WARNING:project level => top 19 : best suc 0.837051, best pre 0.153687,  best recall 0.364681
2022-05-04 13:37:29,454-INFO:----------------------result@20--------------------------
2022-05-04 13:37:29,455-INFO:success rate at method level 0.840000
2022-05-04 13:37:29,455-INFO:mean precision:0.146857, mean recall:0.378757
2022-05-04 13:37:29,456-INFO:**********************************************************
2022-05-04 13:37:29,456-INFO:success rate at project level 0.837051
2022-05-04 13:37:29,456-INFO:mean precision:0.148569, mean recall:0.371448
2022-05-04 13:37:29,456-WARNING:method level => top 20 : best suc 0.840000, best pre 0.146857,  best recall 0.378757
2022-05-04 13:37:29,456-WARNING:project level => top 20 : best suc 0.837051, best pre 0.148569,  best recall 0.371448
2022-05-04 13:37:29,465-INFO:MAP: 0.247626
