2021-08-03 10:03:30,133-INFO:======================adjacency=====================
2021-08-03 10:03:30,133-INFO:test start. test set size: 6844
2021-08-03 10:53:58,468-INFO:test end time: 3028.3345675468445s
2021-08-03 10:53:58,513-INFO:----------------------result@1--------------------------
2021-08-03 10:53:58,513-INFO:success rate at method level 0.617037
2021-08-03 10:53:58,513-INFO:mean precision:0.617037, mean recall:0.108272
2021-08-03 10:53:58,518-INFO:**********************************************************
2021-08-03 10:53:58,518-INFO:success rate at project level 0.631060
2021-08-03 10:53:58,518-INFO:mean precision:0.631060, mean recall:0.104591
2021-08-03 10:53:58,519-WARNING:method level => top 1 : best suc 0.617037, best pre 0.617037,  best recall 0.108272
2021-08-03 10:53:58,520-WARNING:project level => top 1 : best suc 0.631060, best pre 0.631060,  best recall 0.104591
2021-08-03 10:53:58,554-INFO:----------------------result@2--------------------------
2021-08-03 10:53:58,554-INFO:success rate at method level 0.702659
2021-08-03 10:53:58,554-INFO:mean precision:0.528638, mean recall:0.184443
2021-08-03 10:53:58,559-INFO:**********************************************************
2021-08-03 10:53:58,559-INFO:success rate at project level 0.693509
2021-08-03 10:53:58,559-INFO:mean precision:0.553120, mean recall:0.179890
2021-08-03 10:53:58,560-WARNING:method level => top 2 : best suc 0.702659, best pre 0.528638,  best recall 0.184443
2021-08-03 10:53:58,560-WARNING:project level => top 2 : best suc 0.693509, best pre 0.553120,  best recall 0.179890
2021-08-03 10:53:58,596-INFO:----------------------result@3--------------------------
2021-08-03 10:53:58,597-INFO:success rate at method level 0.745617
2021-08-03 10:53:58,597-INFO:mean precision:0.458893, mean recall:0.238029
2021-08-03 10:53:58,603-INFO:**********************************************************
2021-08-03 10:53:58,603-INFO:success rate at project level 0.738183
2021-08-03 10:53:58,603-INFO:mean precision:0.489176, mean recall:0.235680
2021-08-03 10:53:58,605-WARNING:method level => top 3 : best suc 0.745617, best pre 0.458893,  best recall 0.238029
2021-08-03 10:53:58,605-WARNING:project level => top 3 : best suc 0.738183, best pre 0.489176,  best recall 0.235680
2021-08-03 10:53:58,638-INFO:----------------------result@4--------------------------
2021-08-03 10:53:58,638-INFO:success rate at method level 0.775278
2021-08-03 10:53:58,638-INFO:mean precision:0.414122, mean recall:0.285697
2021-08-03 10:53:58,643-INFO:**********************************************************
2021-08-03 10:53:58,643-INFO:success rate at project level 0.770004
2021-08-03 10:53:58,643-INFO:mean precision:0.444402, mean recall:0.284140
2021-08-03 10:53:58,644-WARNING:method level => top 4 : best suc 0.775278, best pre 0.414122,  best recall 0.285697
2021-08-03 10:53:58,644-WARNING:project level => top 4 : best suc 0.770004, best pre 0.444402,  best recall 0.284140
2021-08-03 10:53:58,677-INFO:----------------------result@5--------------------------
2021-08-03 10:53:58,677-INFO:success rate at method level 0.799240
2021-08-03 10:53:58,678-INFO:mean precision:0.380801, mean recall:0.325416
2021-08-03 10:53:58,683-INFO:**********************************************************
2021-08-03 10:53:58,683-INFO:success rate at project level 0.791334
2021-08-03 10:53:58,683-INFO:mean precision:0.406487, mean recall:0.320014
2021-08-03 10:53:58,684-WARNING:method level => top 5 : best suc 0.799240, best pre 0.380801,  best recall 0.325416
2021-08-03 10:53:58,684-WARNING:project level => top 5 : best suc 0.791334, best pre 0.406487,  best recall 0.320014
2021-08-03 10:53:58,716-INFO:----------------------result@6--------------------------
2021-08-03 10:53:58,716-INFO:success rate at method level 0.825248
2021-08-03 10:53:58,717-INFO:mean precision:0.349138, mean recall:0.354054
2021-08-03 10:53:58,721-INFO:**********************************************************
2021-08-03 10:53:58,722-INFO:success rate at project level 0.816474
2021-08-03 10:53:58,722-INFO:mean precision:0.379249, mean recall:0.354090
2021-08-03 10:53:58,723-WARNING:method level => top 6 : best suc 0.825248, best pre 0.349138,  best recall 0.354054
2021-08-03 10:53:58,723-WARNING:project level => top 6 : best suc 0.816474, best pre 0.379249,  best recall 0.354090
2021-08-03 10:53:58,755-INFO:----------------------result@7--------------------------
2021-08-03 10:53:58,755-INFO:success rate at method level 0.849065
2021-08-03 10:53:58,756-INFO:mean precision:0.323579, mean recall:0.379837
2021-08-03 10:53:58,762-INFO:**********************************************************
2021-08-03 10:53:58,762-INFO:success rate at project level 0.844698
2021-08-03 10:53:58,762-INFO:mean precision:0.355215, mean recall:0.383346
2021-08-03 10:53:58,764-WARNING:method level => top 7 : best suc 0.849065, best pre 0.323579,  best recall 0.379837
2021-08-03 10:53:58,764-WARNING:project level => top 7 : best suc 0.844698, best pre 0.355215,  best recall 0.383346
2021-08-03 10:53:58,802-INFO:----------------------result@8--------------------------
2021-08-03 10:53:58,802-INFO:success rate at method level 0.862215
2021-08-03 10:53:58,803-INFO:mean precision:0.301322, mean recall:0.401134
2021-08-03 10:53:58,808-INFO:**********************************************************
2021-08-03 10:53:58,808-INFO:success rate at project level 0.855279
2021-08-03 10:53:58,809-INFO:mean precision:0.332503, mean recall:0.405559
2021-08-03 10:53:58,810-WARNING:method level => top 8 : best suc 0.862215, best pre 0.301322,  best recall 0.401134
2021-08-03 10:53:58,810-WARNING:project level => top 8 : best suc 0.855279, best pre 0.332503,  best recall 0.405559
2021-08-03 10:53:58,848-INFO:----------------------result@9--------------------------
2021-08-03 10:53:58,848-INFO:success rate at method level 0.872151
2021-08-03 10:53:58,849-INFO:mean precision:0.281642, mean recall:0.419108
2021-08-03 10:53:58,855-INFO:**********************************************************
2021-08-03 10:53:58,855-INFO:success rate at project level 0.869591
2021-08-03 10:53:58,855-INFO:mean precision:0.312473, mean recall:0.424302
2021-08-03 10:53:58,856-WARNING:method level => top 9 : best suc 0.872151, best pre 0.281642,  best recall 0.419108
2021-08-03 10:53:58,856-WARNING:project level => top 9 : best suc 0.869591, best pre 0.312473,  best recall 0.424302
2021-08-03 10:53:58,893-INFO:----------------------result@10--------------------------
2021-08-03 10:53:58,893-INFO:success rate at method level 0.881648
2021-08-03 10:53:58,894-INFO:mean precision:0.266365, mean recall:0.438348
2021-08-03 10:53:58,900-INFO:**********************************************************
2021-08-03 10:53:58,900-INFO:success rate at project level 0.878615
2021-08-03 10:53:58,900-INFO:mean precision:0.295552, mean recall:0.442355
2021-08-03 10:53:58,902-WARNING:method level => top 10 : best suc 0.881648, best pre 0.266365,  best recall 0.438348
2021-08-03 10:53:58,902-WARNING:project level => top 10 : best suc 0.878615, best pre 0.295552,  best recall 0.442355
2021-08-03 10:53:58,939-INFO:----------------------result@11--------------------------
2021-08-03 10:53:58,939-INFO:success rate at method level 0.889831
2021-08-03 10:53:58,939-INFO:mean precision:0.251780, mean recall:0.453699
2021-08-03 10:53:58,944-INFO:**********************************************************
2021-08-03 10:53:58,944-INFO:success rate at project level 0.883738
2021-08-03 10:53:58,944-INFO:mean precision:0.279976, mean recall:0.456460
2021-08-03 10:53:58,945-WARNING:method level => top 11 : best suc 0.889831, best pre 0.251780,  best recall 0.453699
2021-08-03 10:53:58,945-WARNING:project level => top 11 : best suc 0.883738, best pre 0.279976,  best recall 0.456460
2021-08-03 10:53:58,977-INFO:----------------------result@12--------------------------
2021-08-03 10:53:58,977-INFO:success rate at method level 0.895675
2021-08-03 10:53:58,978-INFO:mean precision:0.239370, mean recall:0.468352
2021-08-03 10:53:58,984-INFO:**********************************************************
2021-08-03 10:53:58,984-INFO:success rate at project level 0.890180
2021-08-03 10:53:58,984-INFO:mean precision:0.266215, mean recall:0.469656
2021-08-03 10:53:58,986-WARNING:method level => top 12 : best suc 0.895675, best pre 0.239370,  best recall 0.468352
2021-08-03 10:53:58,986-WARNING:project level => top 12 : best suc 0.890180, best pre 0.266215,  best recall 0.469656
2021-08-03 10:53:59,018-INFO:----------------------result@13--------------------------
2021-08-03 10:53:59,019-INFO:success rate at method level 0.902542
2021-08-03 10:53:59,019-INFO:mean precision:0.228701, mean recall:0.482881
2021-08-03 10:53:59,024-INFO:**********************************************************
2021-08-03 10:53:59,024-INFO:success rate at project level 0.896478
2021-08-03 10:53:59,024-INFO:mean precision:0.254497, mean recall:0.484170
2021-08-03 10:53:59,025-WARNING:method level => top 13 : best suc 0.902542, best pre 0.228701,  best recall 0.482881
2021-08-03 10:53:59,025-WARNING:project level => top 13 : best suc 0.896478, best pre 0.254497,  best recall 0.484170
2021-08-03 10:53:59,059-INFO:----------------------result@14--------------------------
2021-08-03 10:53:59,059-INFO:success rate at method level 0.908241
2021-08-03 10:53:59,059-INFO:mean precision:0.218972, mean recall:0.496499
2021-08-03 10:53:59,065-INFO:**********************************************************
2021-08-03 10:53:59,065-INFO:success rate at project level 0.904552
2021-08-03 10:53:59,065-INFO:mean precision:0.245068, mean recall:0.499324
2021-08-03 10:53:59,067-WARNING:method level => top 14 : best suc 0.908241, best pre 0.218972,  best recall 0.496499
2021-08-03 10:53:59,067-WARNING:project level => top 14 : best suc 0.904552, best pre 0.245068,  best recall 0.499324
2021-08-03 10:53:59,100-INFO:----------------------result@15--------------------------
2021-08-03 10:53:59,100-INFO:success rate at method level 0.912332
2021-08-03 10:53:59,100-INFO:mean precision:0.210004, mean recall:0.508749
2021-08-03 10:53:59,105-INFO:**********************************************************
2021-08-03 10:53:59,105-INFO:success rate at project level 0.910450
2021-08-03 10:53:59,105-INFO:mean precision:0.235967, mean recall:0.512495
2021-08-03 10:53:59,106-WARNING:method level => top 15 : best suc 0.912332, best pre 0.210004,  best recall 0.508749
2021-08-03 10:53:59,106-WARNING:project level => top 15 : best suc 0.910450, best pre 0.235967,  best recall 0.512495
2021-08-03 10:53:59,138-INFO:----------------------result@16--------------------------
2021-08-03 10:53:59,138-INFO:success rate at method level 0.917300
2021-08-03 10:53:59,138-INFO:mean precision:0.202057, mean recall:0.520836
2021-08-03 10:53:59,143-INFO:**********************************************************
2021-08-03 10:53:59,143-INFO:success rate at project level 0.918444
2021-08-03 10:53:59,143-INFO:mean precision:0.228191, mean recall:0.526819
2021-08-03 10:53:59,144-WARNING:method level => top 16 : best suc 0.917300, best pre 0.202057,  best recall 0.520836
2021-08-03 10:53:59,144-WARNING:project level => top 16 : best suc 0.918444, best pre 0.228191,  best recall 0.526819
2021-08-03 10:53:59,176-INFO:----------------------result@17--------------------------
2021-08-03 10:53:59,176-INFO:success rate at method level 0.921829
2021-08-03 10:53:59,176-INFO:mean precision:0.194511, mean recall:0.531389
2021-08-03 10:53:59,181-INFO:**********************************************************
2021-08-03 10:53:59,181-INFO:success rate at project level 0.921362
2021-08-03 10:53:59,181-INFO:mean precision:0.219944, mean recall:0.536841
2021-08-03 10:53:59,182-WARNING:method level => top 17 : best suc 0.921829, best pre 0.194511,  best recall 0.531389
2021-08-03 10:53:59,182-WARNING:project level => top 17 : best suc 0.921362, best pre 0.219944,  best recall 0.536841
2021-08-03 10:53:59,214-INFO:----------------------result@18--------------------------
2021-08-03 10:53:59,214-INFO:success rate at method level 0.928697
2021-08-03 10:53:59,214-INFO:mean precision:0.187561, mean recall:0.541941
2021-08-03 10:53:59,219-INFO:**********************************************************
2021-08-03 10:53:59,219-INFO:success rate at project level 0.924389
2021-08-03 10:53:59,219-INFO:mean precision:0.211397, mean recall:0.544937
2021-08-03 10:53:59,220-WARNING:method level => top 18 : best suc 0.928697, best pre 0.187561,  best recall 0.541941
2021-08-03 10:53:59,220-WARNING:project level => top 18 : best suc 0.924389, best pre 0.211397,  best recall 0.544937
2021-08-03 10:53:59,251-INFO:----------------------result@19--------------------------
2021-08-03 10:53:59,252-INFO:success rate at method level 0.932350
2021-08-03 10:53:59,252-INFO:mean precision:0.181150, mean recall:0.551207
2021-08-03 10:53:59,257-INFO:**********************************************************
2021-08-03 10:53:59,257-INFO:success rate at project level 0.928503
2021-08-03 10:53:59,257-INFO:mean precision:0.204350, mean recall:0.554470
2021-08-03 10:53:59,258-WARNING:method level => top 19 : best suc 0.932350, best pre 0.181150,  best recall 0.551207
2021-08-03 10:53:59,258-WARNING:project level => top 19 : best suc 0.928503, best pre 0.204350,  best recall 0.554470
2021-08-03 10:53:59,289-INFO:----------------------result@20--------------------------
2021-08-03 10:53:59,290-INFO:success rate at method level 0.936879
2021-08-03 10:53:59,290-INFO:mean precision:0.175102, mean recall:0.560268
2021-08-03 10:53:59,295-INFO:**********************************************************
2021-08-03 10:53:59,295-INFO:success rate at project level 0.930954
2021-08-03 10:53:59,295-INFO:mean precision:0.197232, mean recall:0.562199
2021-08-03 10:53:59,296-WARNING:method level => top 20 : best suc 0.936879, best pre 0.175102,  best recall 0.560268
2021-08-03 10:53:59,296-WARNING:project level => top 20 : best suc 0.930954, best pre 0.197232,  best recall 0.562199
2021-08-03 10:53:59,679-INFO:MAP: 0.368345
