2021-08-20 06:38:05,564-INFO:test start. test set size: 175
2021-08-20 06:38:18,088-INFO:test end time: 12.523529529571533s
2021-08-20 06:38:18,089-INFO:----------------------result@1--------------------------
2021-08-20 06:38:18,089-INFO:success rate at method level 0.600000
2021-08-20 06:38:18,090-INFO:mean precision:0.600000, mean recall:0.090697
2021-08-20 06:38:18,091-INFO:**********************************************************
2021-08-20 06:38:18,091-INFO:success rate at project level 0.552798
2021-08-20 06:38:18,092-INFO:mean precision:0.552798, mean recall:0.078410
2021-08-20 06:38:18,092-WARNING:method level => top 1 : best suc 0.600000, best pre 0.600000,  best recall 0.090697
2021-08-20 06:38:18,092-WARNING:project level => top 1 : best suc 0.552798, best pre 0.552798,  best recall 0.078410
2021-08-20 06:38:18,093-INFO:----------------------result@2--------------------------
2021-08-20 06:38:18,093-INFO:success rate at method level 0.702857
2021-08-20 06:38:18,093-INFO:mean precision:0.522857, mean recall:0.156356
2021-08-20 06:38:18,094-INFO:**********************************************************
2021-08-20 06:38:18,095-INFO:success rate at project level 0.639066
2021-08-20 06:38:18,095-INFO:mean precision:0.483363, mean recall:0.138822
2021-08-20 06:38:18,095-WARNING:method level => top 2 : best suc 0.702857, best pre 0.522857,  best recall 0.156356
2021-08-20 06:38:18,095-WARNING:project level => top 2 : best suc 0.639066, best pre 0.483363,  best recall 0.138822
2021-08-20 06:38:18,096-INFO:----------------------result@3--------------------------
2021-08-20 06:38:18,096-INFO:success rate at method level 0.748571
2021-08-20 06:38:18,096-INFO:mean precision:0.459048, mean recall:0.201566
2021-08-20 06:38:18,097-INFO:**********************************************************
2021-08-20 06:38:18,097-INFO:success rate at project level 0.701201
2021-08-20 06:38:18,097-INFO:mean precision:0.436261, mean recall:0.184476
2021-08-20 06:38:18,098-WARNING:method level => top 3 : best suc 0.748571, best pre 0.459048,  best recall 0.201566
2021-08-20 06:38:18,098-WARNING:project level => top 3 : best suc 0.701201, best pre 0.436261,  best recall 0.184476
2021-08-20 06:38:18,099-INFO:----------------------result@4--------------------------
2021-08-20 06:38:18,099-INFO:success rate at method level 0.782857
2021-08-20 06:38:18,099-INFO:mean precision:0.427143, mean recall:0.248839
2021-08-20 06:38:18,100-INFO:**********************************************************
2021-08-20 06:38:18,100-INFO:success rate at project level 0.740048
2021-08-20 06:38:18,101-INFO:mean precision:0.403417, mean recall:0.224408
2021-08-20 06:38:18,101-WARNING:method level => top 4 : best suc 0.782857, best pre 0.427143,  best recall 0.248839
2021-08-20 06:38:18,101-WARNING:project level => top 4 : best suc 0.740048, best pre 0.403417,  best recall 0.224408
2021-08-20 06:38:18,102-INFO:----------------------result@5--------------------------
2021-08-20 06:38:18,102-INFO:success rate at method level 0.794286
2021-08-20 06:38:18,102-INFO:mean precision:0.382857, mean recall:0.268992
2021-08-20 06:38:18,103-INFO:**********************************************************
2021-08-20 06:38:18,103-INFO:success rate at project level 0.772943
2021-08-20 06:38:18,104-INFO:mean precision:0.371583, mean recall:0.248693
2021-08-20 06:38:18,104-WARNING:method level => top 5 : best suc 0.794286, best pre 0.382857,  best recall 0.268992
2021-08-20 06:38:18,104-WARNING:project level => top 5 : best suc 0.772943, best pre 0.371583,  best recall 0.248693
2021-08-20 06:38:18,105-INFO:----------------------result@6--------------------------
2021-08-20 06:38:18,105-INFO:success rate at method level 0.794286
2021-08-20 06:38:18,105-INFO:mean precision:0.356190, mean recall:0.295895
2021-08-20 06:38:18,106-INFO:**********************************************************
2021-08-20 06:38:18,106-INFO:success rate at project level 0.772943
2021-08-20 06:38:18,106-INFO:mean precision:0.343928, mean recall:0.271822
2021-08-20 06:38:18,106-WARNING:method level => top 6 : best suc 0.794286, best pre 0.356190,  best recall 0.295895
2021-08-20 06:38:18,107-WARNING:project level => top 6 : best suc 0.772943, best pre 0.343928,  best recall 0.271822
2021-08-20 06:38:18,108-INFO:----------------------result@7--------------------------
2021-08-20 06:38:18,108-INFO:success rate at method level 0.822857
2021-08-20 06:38:18,108-INFO:mean precision:0.328163, mean recall:0.315321
2021-08-20 06:38:18,109-INFO:**********************************************************
2021-08-20 06:38:18,109-INFO:success rate at project level 0.795019
2021-08-20 06:38:18,109-INFO:mean precision:0.316888, mean recall:0.290801
2021-08-20 06:38:18,109-WARNING:method level => top 7 : best suc 0.822857, best pre 0.328163,  best recall 0.315321
2021-08-20 06:38:18,110-WARNING:project level => top 7 : best suc 0.795019, best pre 0.316888,  best recall 0.290801
2021-08-20 06:38:18,110-INFO:----------------------result@8--------------------------
2021-08-20 06:38:18,111-INFO:success rate at method level 0.828571
2021-08-20 06:38:18,111-INFO:mean precision:0.305000, mean recall:0.328631
2021-08-20 06:38:18,112-INFO:**********************************************************
2021-08-20 06:38:18,112-INFO:success rate at project level 0.797212
2021-08-20 06:38:18,112-INFO:mean precision:0.293026, mean recall:0.301427
2021-08-20 06:38:18,112-WARNING:method level => top 8 : best suc 0.828571, best pre 0.305000,  best recall 0.328631
2021-08-20 06:38:18,113-WARNING:project level => top 8 : best suc 0.797212, best pre 0.293026,  best recall 0.301427
2021-08-20 06:38:18,114-INFO:----------------------result@9--------------------------
2021-08-20 06:38:18,114-INFO:success rate at method level 0.828571
2021-08-20 06:38:18,114-INFO:mean precision:0.281270, mean recall:0.337507
2021-08-20 06:38:18,115-INFO:**********************************************************
2021-08-20 06:38:18,115-INFO:success rate at project level 0.797212
2021-08-20 06:38:18,115-INFO:mean precision:0.270717, mean recall:0.309442
2021-08-20 06:38:18,115-WARNING:method level => top 9 : best suc 0.828571, best pre 0.281270,  best recall 0.337507
2021-08-20 06:38:18,115-WARNING:project level => top 9 : best suc 0.797212, best pre 0.270717,  best recall 0.309442
2021-08-20 06:38:18,116-INFO:----------------------result@10--------------------------
2021-08-20 06:38:18,116-INFO:success rate at method level 0.834286
2021-08-20 06:38:18,116-INFO:mean precision:0.263429, mean recall:0.346639
2021-08-20 06:38:18,117-INFO:**********************************************************
2021-08-20 06:38:18,118-INFO:success rate at project level 0.799405
2021-08-20 06:38:18,118-INFO:mean precision:0.253773, mean recall:0.317662
2021-08-20 06:38:18,118-WARNING:method level => top 10 : best suc 0.834286, best pre 0.263429,  best recall 0.346639
2021-08-20 06:38:18,118-WARNING:project level => top 10 : best suc 0.799405, best pre 0.253773,  best recall 0.317662
2021-08-20 06:38:18,119-INFO:----------------------result@11--------------------------
2021-08-20 06:38:18,119-INFO:success rate at method level 0.840000
2021-08-20 06:38:18,119-INFO:mean precision:0.250909, mean recall:0.362536
2021-08-20 06:38:18,120-INFO:**********************************************************
2021-08-20 06:38:18,120-INFO:success rate at project level 0.801598
2021-08-20 06:38:18,120-INFO:mean precision:0.240028, mean recall:0.328356
2021-08-20 06:38:18,120-WARNING:method level => top 11 : best suc 0.840000, best pre 0.250909,  best recall 0.362536
2021-08-20 06:38:18,121-WARNING:project level => top 11 : best suc 0.801598, best pre 0.240028,  best recall 0.328356
2021-08-20 06:38:18,122-INFO:----------------------result@12--------------------------
2021-08-20 06:38:18,122-INFO:success rate at method level 0.845714
2021-08-20 06:38:18,122-INFO:mean precision:0.241429, mean recall:0.380592
2021-08-20 06:38:18,123-INFO:**********************************************************
2021-08-20 06:38:18,123-INFO:success rate at project level 0.814756
2021-08-20 06:38:18,123-INFO:mean precision:0.232938, mean recall:0.349416
2021-08-20 06:38:18,123-WARNING:method level => top 12 : best suc 0.845714, best pre 0.241429,  best recall 0.380592
2021-08-20 06:38:18,124-WARNING:project level => top 12 : best suc 0.814756, best pre 0.232938,  best recall 0.349416
2021-08-20 06:38:18,125-INFO:----------------------result@13--------------------------
2021-08-20 06:38:18,125-INFO:success rate at method level 0.857143
2021-08-20 06:38:18,125-INFO:mean precision:0.232967, mean recall:0.395010
2021-08-20 06:38:18,126-INFO:**********************************************************
2021-08-20 06:38:18,126-INFO:success rate at project level 0.832299
2021-08-20 06:38:18,126-INFO:mean precision:0.224297, mean recall:0.364025
2021-08-20 06:38:18,126-WARNING:method level => top 13 : best suc 0.857143, best pre 0.232967,  best recall 0.395010
2021-08-20 06:38:18,127-WARNING:project level => top 13 : best suc 0.832299, best pre 0.224297,  best recall 0.364025
2021-08-20 06:38:18,127-INFO:----------------------result@14--------------------------
2021-08-20 06:38:18,128-INFO:success rate at method level 0.862857
2021-08-20 06:38:18,128-INFO:mean precision:0.222041, mean recall:0.402324
2021-08-20 06:38:18,129-INFO:**********************************************************
2021-08-20 06:38:18,129-INFO:success rate at project level 0.836059
2021-08-20 06:38:18,129-INFO:mean precision:0.212912, mean recall:0.370025
2021-08-20 06:38:18,130-WARNING:method level => top 14 : best suc 0.862857, best pre 0.222041,  best recall 0.402324
2021-08-20 06:38:18,130-WARNING:project level => top 14 : best suc 0.836059, best pre 0.212912,  best recall 0.370025
2021-08-20 06:38:18,131-INFO:----------------------result@15--------------------------
2021-08-20 06:38:18,131-INFO:success rate at method level 0.868571
2021-08-20 06:38:18,131-INFO:mean precision:0.211429, mean recall:0.408040
2021-08-20 06:38:18,132-INFO:**********************************************************
2021-08-20 06:38:18,132-INFO:success rate at project level 0.840445
2021-08-20 06:38:18,133-INFO:mean precision:0.202606, mean recall:0.375871
2021-08-20 06:38:18,133-WARNING:method level => top 15 : best suc 0.868571, best pre 0.211429,  best recall 0.408040
2021-08-20 06:38:18,133-WARNING:project level => top 15 : best suc 0.840445, best pre 0.202606,  best recall 0.375871
2021-08-20 06:38:18,134-INFO:----------------------result@16--------------------------
2021-08-20 06:38:18,134-INFO:success rate at method level 0.874286
2021-08-20 06:38:18,134-INFO:mean precision:0.202857, mean recall:0.415238
2021-08-20 06:38:18,135-INFO:**********************************************************
2021-08-20 06:38:18,135-INFO:success rate at project level 0.866761
2021-08-20 06:38:18,135-INFO:mean precision:0.196795, mean recall:0.389610
2021-08-20 06:38:18,135-WARNING:method level => top 16 : best suc 0.874286, best pre 0.202857,  best recall 0.415238
2021-08-20 06:38:18,135-WARNING:project level => top 16 : best suc 0.866761, best pre 0.196795,  best recall 0.389610
2021-08-20 06:38:18,136-INFO:----------------------result@17--------------------------
2021-08-20 06:38:18,137-INFO:success rate at method level 0.891429
2021-08-20 06:38:18,137-INFO:mean precision:0.195630, mean recall:0.425423
2021-08-20 06:38:18,138-INFO:**********************************************************
2021-08-20 06:38:18,138-INFO:success rate at project level 0.880650
2021-08-20 06:38:18,138-INFO:mean precision:0.189407, mean recall:0.398092
2021-08-20 06:38:18,139-WARNING:method level => top 17 : best suc 0.891429, best pre 0.195630,  best recall 0.425423
2021-08-20 06:38:18,139-WARNING:project level => top 17 : best suc 0.880650, best pre 0.189407,  best recall 0.398092
2021-08-20 06:38:18,140-INFO:----------------------result@18--------------------------
2021-08-20 06:38:18,140-INFO:success rate at method level 0.897143
2021-08-20 06:38:18,140-INFO:mean precision:0.189841, mean recall:0.439538
2021-08-20 06:38:18,141-INFO:**********************************************************
2021-08-20 06:38:18,141-INFO:success rate at project level 0.884409
2021-08-20 06:38:18,141-INFO:mean precision:0.182183, mean recall:0.406483
2021-08-20 06:38:18,142-WARNING:method level => top 18 : best suc 0.897143, best pre 0.189841,  best recall 0.439538
2021-08-20 06:38:18,142-WARNING:project level => top 18 : best suc 0.884409, best pre 0.182183,  best recall 0.406483
2021-08-20 06:38:18,143-INFO:----------------------result@19--------------------------
2021-08-20 06:38:18,143-INFO:success rate at method level 0.902857
2021-08-20 06:38:18,143-INFO:mean precision:0.184361, mean recall:0.453858
2021-08-20 06:38:18,144-INFO:**********************************************************
2021-08-20 06:38:18,144-INFO:success rate at project level 0.887333
2021-08-20 06:38:18,145-INFO:mean precision:0.176706, mean recall:0.420304
2021-08-20 06:38:18,145-WARNING:method level => top 19 : best suc 0.902857, best pre 0.184361,  best recall 0.453858
2021-08-20 06:38:18,145-WARNING:project level => top 19 : best suc 0.887333, best pre 0.176706,  best recall 0.420304
2021-08-20 06:38:18,146-INFO:----------------------result@20--------------------------
2021-08-20 06:38:18,146-INFO:success rate at method level 0.908571
2021-08-20 06:38:18,146-INFO:mean precision:0.176857, mean recall:0.458880
2021-08-20 06:38:18,147-INFO:**********************************************************
2021-08-20 06:38:18,147-INFO:success rate at project level 0.900491
2021-08-20 06:38:18,147-INFO:mean precision:0.171055, mean recall:0.429703
2021-08-20 06:38:18,147-WARNING:method level => top 20 : best suc 0.908571, best pre 0.176857,  best recall 0.458880
2021-08-20 06:38:18,147-WARNING:project level => top 20 : best suc 0.900491, best pre 0.171055,  best recall 0.429703
2021-08-20 06:38:18,157-INFO:MAP: 0.312971
