ignore edges attribute
2021-08-20 05:10:35,277-INFO:test start. test set size: 175
2021-08-20 05:10:48,352-INFO:test end time: 13.074795484542847s
2021-08-20 05:10:48,354-INFO:----------------------result@1--------------------------
2021-08-20 05:10:48,354-INFO:success rate at method level 0.548571
2021-08-20 05:10:48,355-INFO:mean precision:0.548571, mean recall:0.083739
2021-08-20 05:10:48,356-INFO:**********************************************************
2021-08-20 05:10:48,356-INFO:success rate at project level 0.492397
2021-08-20 05:10:48,357-INFO:mean precision:0.492397, mean recall:0.071576
2021-08-20 05:10:48,357-WARNING:method level => top 1 : best suc 0.548571, best pre 0.548571,  best recall 0.083739
2021-08-20 05:10:48,357-WARNING:project level => top 1 : best suc 0.492397, best pre 0.492397,  best recall 0.071576
2021-08-20 05:10:48,358-INFO:----------------------result@2--------------------------
2021-08-20 05:10:48,358-INFO:success rate at method level 0.640000
2021-08-20 05:10:48,358-INFO:mean precision:0.480000, mean recall:0.144062
2021-08-20 05:10:48,359-INFO:**********************************************************
2021-08-20 05:10:48,360-INFO:success rate at project level 0.567701
2021-08-20 05:10:48,360-INFO:mean precision:0.438783, mean recall:0.127640
2021-08-20 05:10:48,360-WARNING:method level => top 2 : best suc 0.640000, best pre 0.480000,  best recall 0.144062
2021-08-20 05:10:48,360-WARNING:project level => top 2 : best suc 0.567701, best pre 0.438783,  best recall 0.127640
2021-08-20 05:10:48,361-INFO:----------------------result@3--------------------------
2021-08-20 05:10:48,361-INFO:success rate at method level 0.657143
2021-08-20 05:10:48,361-INFO:mean precision:0.413333, mean recall:0.181319
2021-08-20 05:10:48,362-INFO:**********************************************************
2021-08-20 05:10:48,362-INFO:success rate at project level 0.581589
2021-08-20 05:10:48,363-INFO:mean precision:0.383066, mean recall:0.162977
2021-08-20 05:10:48,363-WARNING:method level => top 3 : best suc 0.657143, best pre 0.413333,  best recall 0.181319
2021-08-20 05:10:48,363-WARNING:project level => top 3 : best suc 0.581589, best pre 0.383066,  best recall 0.162977
2021-08-20 05:10:48,364-INFO:----------------------result@4--------------------------
2021-08-20 05:10:48,364-INFO:success rate at method level 0.691429
2021-08-20 05:10:48,364-INFO:mean precision:0.381429, mean recall:0.221853
2021-08-20 05:10:48,365-INFO:**********************************************************
2021-08-20 05:10:48,365-INFO:success rate at project level 0.620437
2021-08-20 05:10:48,365-INFO:mean precision:0.350519, mean recall:0.196051
2021-08-20 05:10:48,366-WARNING:method level => top 4 : best suc 0.691429, best pre 0.381429,  best recall 0.221853
2021-08-20 05:10:48,366-WARNING:project level => top 4 : best suc 0.620437, best pre 0.350519,  best recall 0.196051
2021-08-20 05:10:48,367-INFO:----------------------result@5--------------------------
2021-08-20 05:10:48,367-INFO:success rate at method level 0.697143
2021-08-20 05:10:48,367-INFO:mean precision:0.337143, mean recall:0.235481
2021-08-20 05:10:48,368-INFO:**********************************************************
2021-08-20 05:10:48,368-INFO:success rate at project level 0.646752
2021-08-20 05:10:48,368-INFO:mean precision:0.316546, mean recall:0.211836
2021-08-20 05:10:48,368-WARNING:method level => top 5 : best suc 0.697143, best pre 0.337143,  best recall 0.235481
2021-08-20 05:10:48,368-WARNING:project level => top 5 : best suc 0.646752, best pre 0.316546,  best recall 0.211836
2021-08-20 05:10:48,369-INFO:----------------------result@6--------------------------
2021-08-20 05:10:48,369-INFO:success rate at method level 0.714286
2021-08-20 05:10:48,370-INFO:mean precision:0.313333, mean recall:0.258984
2021-08-20 05:10:48,371-INFO:**********************************************************
2021-08-20 05:10:48,371-INFO:success rate at project level 0.656840
2021-08-20 05:10:48,371-INFO:mean precision:0.293133, mean recall:0.231389
2021-08-20 05:10:48,371-WARNING:method level => top 6 : best suc 0.714286, best pre 0.313333,  best recall 0.258984
2021-08-20 05:10:48,371-WARNING:project level => top 6 : best suc 0.656840, best pre 0.293133,  best recall 0.231389
2021-08-20 05:10:48,372-INFO:----------------------result@7--------------------------
2021-08-20 05:10:48,372-INFO:success rate at method level 0.737143
2021-08-20 05:10:48,372-INFO:mean precision:0.289796, mean recall:0.277061
2021-08-20 05:10:48,374-INFO:**********************************************************
2021-08-20 05:10:48,374-INFO:success rate at project level 0.673653
2021-08-20 05:10:48,374-INFO:mean precision:0.271845, mean recall:0.249125
2021-08-20 05:10:48,374-WARNING:method level => top 7 : best suc 0.737143, best pre 0.289796,  best recall 0.277061
2021-08-20 05:10:48,374-WARNING:project level => top 7 : best suc 0.673653, best pre 0.271845,  best recall 0.249125
2021-08-20 05:10:48,375-INFO:----------------------result@8--------------------------
2021-08-20 05:10:48,375-INFO:success rate at method level 0.742857
2021-08-20 05:10:48,375-INFO:mean precision:0.269286, mean recall:0.288126
2021-08-20 05:10:48,377-INFO:**********************************************************
2021-08-20 05:10:48,377-INFO:success rate at project level 0.675846
2021-08-20 05:10:48,377-INFO:mean precision:0.251828, mean recall:0.257899
2021-08-20 05:10:48,377-WARNING:method level => top 8 : best suc 0.742857, best pre 0.269286,  best recall 0.288126
2021-08-20 05:10:48,377-WARNING:project level => top 8 : best suc 0.675846, best pre 0.251828,  best recall 0.257899
2021-08-20 05:10:48,378-INFO:----------------------result@9--------------------------
2021-08-20 05:10:48,378-INFO:success rate at method level 0.748571
2021-08-20 05:10:48,379-INFO:mean precision:0.251429, mean recall:0.300049
2021-08-20 05:10:48,380-INFO:**********************************************************
2021-08-20 05:10:48,380-INFO:success rate at project level 0.681109
2021-08-20 05:10:48,381-INFO:mean precision:0.232878, mean recall:0.265183
2021-08-20 05:10:48,381-WARNING:method level => top 9 : best suc 0.748571, best pre 0.251429,  best recall 0.300049
2021-08-20 05:10:48,381-WARNING:project level => top 9 : best suc 0.681109, best pre 0.232878,  best recall 0.265183
2021-08-20 05:10:48,382-INFO:----------------------result@10--------------------------
2021-08-20 05:10:48,382-INFO:success rate at method level 0.760000
2021-08-20 05:10:48,382-INFO:mean precision:0.238286, mean recall:0.311359
2021-08-20 05:10:48,383-INFO:**********************************************************
2021-08-20 05:10:48,383-INFO:success rate at project level 0.689881
2021-08-20 05:10:48,384-INFO:mean precision:0.220877, mean recall:0.274700
2021-08-20 05:10:48,384-WARNING:method level => top 10 : best suc 0.760000, best pre 0.238286,  best recall 0.311359
2021-08-20 05:10:48,384-WARNING:project level => top 10 : best suc 0.689881, best pre 0.220877,  best recall 0.274700
2021-08-20 05:10:48,385-INFO:----------------------result@11--------------------------
2021-08-20 05:10:48,385-INFO:success rate at method level 0.765714
2021-08-20 05:10:48,385-INFO:mean precision:0.228571, mean recall:0.327655
2021-08-20 05:10:48,386-INFO:**********************************************************
2021-08-20 05:10:48,386-INFO:success rate at project level 0.692074
2021-08-20 05:10:48,387-INFO:mean precision:0.209923, mean recall:0.284294
2021-08-20 05:10:48,387-WARNING:method level => top 11 : best suc 0.765714, best pre 0.228571,  best recall 0.327655
2021-08-20 05:10:48,387-WARNING:project level => top 11 : best suc 0.692074, best pre 0.209923,  best recall 0.284294
2021-08-20 05:10:48,388-INFO:----------------------result@12--------------------------
2021-08-20 05:10:48,388-INFO:success rate at method level 0.771429
2021-08-20 05:10:48,388-INFO:mean precision:0.221905, mean recall:0.346697
2021-08-20 05:10:48,389-INFO:**********************************************************
2021-08-20 05:10:48,389-INFO:success rate at project level 0.705232
2021-08-20 05:10:48,389-INFO:mean precision:0.206328, mean recall:0.306325
2021-08-20 05:10:48,390-WARNING:method level => top 12 : best suc 0.771429, best pre 0.221905,  best recall 0.346697
2021-08-20 05:10:48,390-WARNING:project level => top 12 : best suc 0.705232, best pre 0.206328,  best recall 0.306325
2021-08-20 05:10:48,391-INFO:----------------------result@13--------------------------
2021-08-20 05:10:48,391-INFO:success rate at method level 0.782857
2021-08-20 05:10:48,391-INFO:mean precision:0.214945, mean recall:0.360434
2021-08-20 05:10:48,392-INFO:**********************************************************
2021-08-20 05:10:48,392-INFO:success rate at project level 0.722776
2021-08-20 05:10:48,392-INFO:mean precision:0.199836, mean recall:0.320370
2021-08-20 05:10:48,392-WARNING:method level => top 13 : best suc 0.782857, best pre 0.214945,  best recall 0.360434
2021-08-20 05:10:48,392-WARNING:project level => top 13 : best suc 0.722776, best pre 0.199836,  best recall 0.320370
2021-08-20 05:10:48,393-INFO:----------------------result@14--------------------------
2021-08-20 05:10:48,393-INFO:success rate at method level 0.788571
2021-08-20 05:10:48,393-INFO:mean precision:0.205714, mean recall:0.367592
2021-08-20 05:10:48,395-INFO:**********************************************************
2021-08-20 05:10:48,395-INFO:success rate at project level 0.726535
2021-08-20 05:10:48,395-INFO:mean precision:0.191013, mean recall:0.327155
2021-08-20 05:10:48,395-WARNING:method level => top 14 : best suc 0.788571, best pre 0.205714,  best recall 0.367592
2021-08-20 05:10:48,395-WARNING:project level => top 14 : best suc 0.726535, best pre 0.191013,  best recall 0.327155
2021-08-20 05:10:48,396-INFO:----------------------result@15--------------------------
2021-08-20 05:10:48,396-INFO:success rate at method level 0.788571
2021-08-20 05:10:48,396-INFO:mean precision:0.195429, mean recall:0.371200
2021-08-20 05:10:48,397-INFO:**********************************************************
2021-08-20 05:10:48,397-INFO:success rate at project level 0.726535
2021-08-20 05:10:48,397-INFO:mean precision:0.181524, mean recall:0.331067
2021-08-20 05:10:48,398-WARNING:method level => top 15 : best suc 0.788571, best pre 0.195429,  best recall 0.371200
2021-08-20 05:10:48,398-WARNING:project level => top 15 : best suc 0.726535, best pre 0.181524,  best recall 0.331067
2021-08-20 05:10:48,399-INFO:----------------------result@16--------------------------
2021-08-20 05:10:48,399-INFO:success rate at method level 0.788571
2021-08-20 05:10:48,399-INFO:mean precision:0.186786, mean recall:0.375384
2021-08-20 05:10:48,400-INFO:**********************************************************
2021-08-20 05:10:48,400-INFO:success rate at project level 0.726535
2021-08-20 05:10:48,400-INFO:mean precision:0.173193, mean recall:0.334647
2021-08-20 05:10:48,400-WARNING:method level => top 16 : best suc 0.788571, best pre 0.186786,  best recall 0.375384
2021-08-20 05:10:48,400-WARNING:project level => top 16 : best suc 0.726535, best pre 0.173193,  best recall 0.334647
2021-08-20 05:10:48,401-INFO:----------------------result@17--------------------------
2021-08-20 05:10:48,401-INFO:success rate at method level 0.805714
2021-08-20 05:10:48,401-INFO:mean precision:0.179160, mean recall:0.382575
2021-08-20 05:10:48,403-INFO:**********************************************************
2021-08-20 05:10:48,403-INFO:success rate at project level 0.735411
2021-08-20 05:10:48,403-INFO:mean precision:0.165630, mean recall:0.339322
2021-08-20 05:10:48,403-WARNING:method level => top 17 : best suc 0.805714, best pre 0.179160,  best recall 0.382575
2021-08-20 05:10:48,403-WARNING:project level => top 17 : best suc 0.735411, best pre 0.165630,  best recall 0.339322
2021-08-20 05:10:48,404-INFO:----------------------result@18--------------------------
2021-08-20 05:10:48,404-INFO:success rate at method level 0.811429
2021-08-20 05:10:48,404-INFO:mean precision:0.175556, mean recall:0.399595
2021-08-20 05:10:48,405-INFO:**********************************************************
2021-08-20 05:10:48,405-INFO:success rate at project level 0.740675
2021-08-20 05:10:48,405-INFO:mean precision:0.160803, mean recall:0.349946
2021-08-20 05:10:48,406-WARNING:method level => top 18 : best suc 0.811429, best pre 0.175556,  best recall 0.399595
2021-08-20 05:10:48,406-WARNING:project level => top 18 : best suc 0.740675, best pre 0.160803,  best recall 0.349946
2021-08-20 05:10:48,407-INFO:----------------------result@19--------------------------
2021-08-20 05:10:48,407-INFO:success rate at method level 0.817143
2021-08-20 05:10:48,407-INFO:mean precision:0.171429, mean recall:0.414759
2021-08-20 05:10:48,408-INFO:**********************************************************
2021-08-20 05:10:48,408-INFO:success rate at project level 0.743599
2021-08-20 05:10:48,408-INFO:mean precision:0.155540, mean recall:0.358606
2021-08-20 05:10:48,408-WARNING:method level => top 19 : best suc 0.817143, best pre 0.171429,  best recall 0.414759
2021-08-20 05:10:48,408-WARNING:project level => top 19 : best suc 0.743599, best pre 0.155540,  best recall 0.358606
2021-08-20 05:10:48,409-INFO:----------------------result@20--------------------------
2021-08-20 05:10:48,409-INFO:success rate at method level 0.822857
2021-08-20 05:10:48,409-INFO:mean precision:0.164857, mean recall:0.420481
2021-08-20 05:10:48,411-INFO:**********************************************************
2021-08-20 05:10:48,411-INFO:success rate at project level 0.756756
2021-08-20 05:10:48,411-INFO:mean precision:0.149864, mean recall:0.365255
2021-08-20 05:10:48,411-WARNING:method level => top 20 : best suc 0.822857, best pre 0.164857,  best recall 0.420481
2021-08-20 05:10:48,411-WARNING:project level => top 20 : best suc 0.756756, best pre 0.149864,  best recall 0.365255
2021-08-20 05:10:48,421-INFO:MAP: 0.282795
