2022-05-04 15:02:04,157-INFO:================================================
2022-05-04 15:02:04,158-INFO:threshold1:0.500000;threshold2:0.500000;
2022-05-04 15:02:04,158-INFO:test start. test set size: 175
2022-05-04 15:02:53,540-INFO:context:{971};rank list:[ 641  893 1908  284  638  644 1994   59 1995 3552 2683 1996  511    5
 2691  189   17 1997 2703  624  651]
2022-05-04 15:02:53,541-INFO:context:{224};rank list:[   5  200  198   66   69  346   43   80  470   14   99  203   30  349
  197  202   74  347 3619  326  357]
2022-05-04 15:02:53,541-INFO:context:{184};rank list:[ 185   64   26  173  193   27  232 2383 2384   63  211  231  186   20
  252 3613  662 1986 5113 1918 2689]
2022-05-04 15:02:53,541-INFO:context:{278};rank list:[ 279  240  289  222 2879  224 4636 3305 2183 4286 3609 4313 3608 3737
 1484 1048 4285 1956 1049 2581 2617]
2022-05-04 15:02:53,541-INFO:context:{184};rank list:[ 185   64   26  173  193   27  232 2383 2384   63  211  231  186   20
  252 3613  662 1986 5113 1918 2689]
2022-05-04 15:02:53,541-INFO:context:{287};rank list:[ 285  206    5  288   43   15  423  286 1647 1326 1327 1329 1324 1325
  726  196 3166 5198 5199 5217 5197]
2022-05-04 15:02:53,542-INFO:context:{66};rank list:[  69   59    5   99  198  195   60  224   17  349  347  426  190  214
 5183 1094 5182  169  254  173 4935]
2022-05-04 15:02:53,542-INFO:context:{66};rank list:[  69   59    5   99  198  195   60  224   17  349  347  426  190  214
 5183 1094 5182  169  254  173 4935]
2022-05-04 15:02:53,542-INFO:context:{66};rank list:[  69   59    5   99  198  195   60  224   17  349  347  426  190  214
 5183 1094 5182  169  254  173 4935]
2022-05-04 15:02:53,542-INFO:context:{66};rank list:[  69   59    5   99  198  195   60  224   17  349  347  426  190  214
 5183 1094 5182  169  254  173 4935]
2022-05-04 15:02:53,542-INFO:context:{12};rank list:[1050  169  617  222  224   80   14   15  294  240 4157  326 1510 1511
 2147   82  291 1483 2129   30 4160]
2022-05-04 15:02:53,542-INFO:context:{289};rank list:[ 224    5 1739 1742 1741  732  250 1740 1738  254  222  285 1506  286
 2507  640 1509   27   29  252 2189]
2022-05-04 15:02:53,543-INFO:context:{287};rank list:[ 285  206    5  288   43   15  423  286 1647 1326 1327 1329 1324 1325
  726  196 3166 5198 5199 5217 5197]
2022-05-04 15:02:53,543-INFO:context:{302};rank list:[  59   88   87   60 2185  675  284  214 1773  807  616  885 3947 4071
 2196  886  250  254 1377   17  300]
2022-05-04 15:02:53,543-INFO:context:{99};rank list:[ 69  66  17   5  59  60 214 224 190  15 173  20  28  27 232 470  26 511
 189  31 169]
2022-05-04 15:02:53,543-INFO:context:{357};rank list:[ 200  197  224  366  198  363  203  348  350  352  359   43  369 2633
  426  632  672 3030  404 4967 5026]
2022-05-04 15:02:53,543-INFO:context:{357};rank list:[ 200  197  224  366  198  363  203  348  350  352  359   43  369 2633
  426  632  672 3030  404 4967 5026]
2022-05-04 15:02:53,543-INFO:context:{224};rank list:[   5  200  198   66   69  346   43   80  470   14   99  203   30  349
  197  202   74  347 3619  326  357]
2022-05-04 15:02:53,543-INFO:context:{224};rank list:[   5  200  198   66   69  346   43   80  470   14   99  203   30  349
  197  202   74  347 3619  326  357]
2022-05-04 15:02:53,544-INFO:context:{224};rank list:[   5  200  198   66   69  346   43   80  470   14   99  203   30  349
  197  202   74  347 3619  326  357]
2022-05-04 15:02:53,544-INFO:context:{361};rank list:[ 367  364  368  362  365  372  370  412 2820 2819 2817 4721 2212 2809
 5154 5152 3330 2815 3801 3329 5231]
2022-05-04 15:02:53,544-INFO:context:{224};rank list:[   5  200  198   66   69  346   43   80  470   14   99  203   30  349
  197  202   74  347 3619  326  357]
2022-05-04 15:02:53,544-INFO:context:{363};rank list:[ 200  224  198  197  203  357  366  369  426 3030 2633  347  632  672
  429 4967  427  512 1100  346  630]
2022-05-04 15:02:53,544-INFO:context:{605};rank list:[ 606  290  603  602 2908 2907  666    5 1773  625 2618 1982 1458 3879
  674 1452 2133  679 2187 3778  241]
2022-05-04 15:02:53,544-INFO:context:{224};rank list:[   5  200  198   66   69  346   43   80  470   14   99  203   30  349
  197  202   74  347 3619  326  357]
2022-05-04 15:02:53,544-INFO:context:{26};rank list:[ 27 232 283  20  29  25  66   5 193  99  69 185  21  59 148  17 173  64
 303 186  61]
2022-05-04 15:02:53,545-INFO:context:{224};rank list:[   5  200  198   66   69  346   43   80  470   14   99  203   30  349
  197  202   74  347 3619  326  357]
2022-05-04 15:02:53,545-INFO:context:{636};rank list:[4309  643 4268 2213 4300 4869 3871 3870 5104 5103 4258  637 2821 1968
 5101 4922 1969 5102 4947 4299 1588]
2022-05-04 15:02:53,545-INFO:context:{644};rank list:[1994 1908  971  893  641 1995 1996  638  511  651 2000 1999 3840 3580
 3579 3581  169 1379  284   59  214]
2022-05-04 15:02:53,545-INFO:context:{637};rank list:[4258 5103 5104 1968 5101 4300 2213 1969  643  636 4947 5102 4309 1588
 4268 1589 3772 4357 2816  277 4299]
2022-05-04 15:02:53,545-INFO:context:{605};rank list:[ 606  290  603  602 2908 2907  666    5 1773  625 2618 1982 1458 3879
  674 1452 2133  679 2187 3778  241]
2022-05-04 15:02:53,545-INFO:context:{74};rank list:[   5  224   76   80  680   78   59   69  608 1464   82  170  654 2107
  470  231  190  511   66  169  236]
2022-05-04 15:02:53,545-INFO:context:{66};rank list:[  69   59    5   99  198  195   60  224   17  349  347  426  190  214
 5183 1094 5182  169  254  173 4935]
2022-05-04 15:02:53,545-INFO:context:{74};rank list:[   5  224   76   80  680   78   59   69  608 1464   82  170  654 2107
  470  231  190  511   66  169  236]
2022-05-04 15:02:53,546-INFO:context:{62};rank list:[  65  185   64 1919  283   26 3344 5068  281   63  425  423  280  424
  282  224  911 2682  487 5069 5067]
2022-05-04 15:02:53,546-INFO:context:{148};rank list:[  25   21  295   14  298   30   23  326  149    5   69 1578   66   59
   26   88  224  339   87  911   60]
2022-05-04 15:02:53,546-INFO:context:{17};rank list:[ 99  69  66  28 190   5  20 284 189 214  29  14  30  59 303 224  43  26
  88  60  87]
2022-05-04 15:02:53,546-INFO:context:{17};rank list:[ 99  69  66  28 190   5  20 284 189 214  29  14  30  59 303 224  43  26
  88  60  87]
2022-05-04 15:02:53,546-INFO:context:{2400};rank list:[1643  899 1644  511 1331 2397  296  173  231  195 3180   74 2790  629
  537 2403 2399  227   59  671 2800]
2022-05-04 15:02:53,546-INFO:context:{4258};rank list:[5103 5104  637 1968 4300 5101 2213  643 1969  636 4947 4309 4268 1588
 1589 5102 3772 4357 2816  277 4299]
2022-05-04 15:02:53,546-INFO:context:{20};rank list:[ 26  99  17  66  69   5  27  30  14 173 224  28 614  31 671  29  80 232
  25  59 595]
2022-05-04 15:02:53,546-INFO:context:{66};rank list:[  69   59    5   99  198  195   60  224   17  349  347  426  190  214
 5183 1094 5182  169  254  173 4935]
2022-05-04 15:02:53,547-INFO:context:{512};rank list:[ 983 1104 1111 1110 1106 1107 1105  982  922 1109 1112 1118 1117  790
 1115   99  224 1125 1770 1127 1132]
2022-05-04 15:02:53,547-INFO:context:{520};rank list:[  26  163  966   74  521  235 2085 2084  185  522  500 4528 3980 2343
 2066 2067 4580 1521  202 1023 1953]
2022-05-04 15:02:53,547-INFO:context:{1584};rank list:[ 284  206   17 1908  286  971  641 2942 1647  285 2940  893 2943 2941
  911  613 1661 1583 1586 1585 1558]
2022-05-04 15:02:53,547-INFO:context:{4268};rank list:[4309  636  643 4869 2213 4300 3871 3870 2821 5104 5103 4258  637 1968
 4922 5101 5102 1969 4947 4299 1588]
2022-05-04 15:02:53,547-INFO:context:{1661};rank list:[  18   69   66  224  677 5000 1586 4995 4999 4993 4991 4992 4994 4996
  828 4739 4998  233 3088 4997   88]
2022-05-04 15:02:53,547-INFO:context:{209};rank list:[1406    5  224 1096  345  423   15  426   43    8 1093  346 1094   99
  197 1095  202  198   66   69  208]
2022-05-04 15:02:53,547-INFO:context:{209};rank list:[1406    5  224 1096  345  423   15  426   43    8 1093  346 1094   99
  197 1095  202  198   66   69  208]
2022-05-04 15:02:53,547-INFO:context:{209};rank list:[1406    5  224 1096  345  423   15  426   43    8 1093  346 1094   99
  197 1095  202  198   66   69  208]
2022-05-04 15:02:53,548-INFO:context:{80};rank list:[  82    5  224  617   43 1045  237   66   69   99 1511 1050 1385   17
   15 1951   81 1448  169  214 1956]
2022-05-04 15:02:53,548-INFO:context:{557};rank list:[565 569 568 556 574 564 561 547 570 543 577 579 573 560 580 553 552 575
 542 541 545]
2022-05-04 15:02:53,548-INFO:context:{2922};rank list:[ 214    5 2140  284  190   99 1468  790 2001 2906 1467 1773   69   18
   15  208   43 4126   33 1512   17]
2022-05-04 15:02:53,548-INFO:context:{662};rank list:[ 665  663  283  664  173  624  184  667 2541 3884   23 2958 2081 2976
 3883 1986 4278 2383 3821 2208 2185]
2022-05-04 15:02:53,548-INFO:context:{662};rank list:[ 665  663  283  664  173  624  184  667 2541 3884   23 2958 2081 2976
 3883 1986 4278 2383 3821 2208 2185]
2022-05-04 15:02:53,548-INFO:context:{662};rank list:[ 665  663  283  664  173  624  184  667 2541 3884   23 2958 2081 2976
 3883 1986 4278 2383 3821 2208 2185]
2022-05-04 15:02:53,548-INFO:context:{4357};rank list:[3772 1589 1588 2816  277 2807 4947 4312 5112 5147 4948 1596 1969 5109
 4918 4302 5101 1591 2806 4305 2805]
2022-05-04 15:02:53,548-INFO:context:{1583};rank list:[1585 1558 1559 1555 1586 1584 1861 1844  323 5249 1865 5247 5244  322
 4472 1879 5240  325 2745 2011 2009]
2022-05-04 15:02:53,549-INFO:context:{1583};rank list:[1585 1558 1559 1555 1586 1584 1861 1844  323 5249 1865 5247 5244  322
 4472 1879 5240  325 2745 2011 2009]
2022-05-04 15:02:53,549-INFO:context:{1583};rank list:[1585 1558 1559 1555 1586 1584 1861 1844  323 5249 1865 5247 5244  322
 4472 1879 5240  325 2745 2011 2009]
2022-05-04 15:02:53,549-INFO:context:{1555};rank list:[1559 1556 1558 1553   43 1557 1554 1585 1561 1583 1560  208 1586 1584
 2830 2856 2860 2857 2877 2855 1855]
2022-05-04 15:02:53,549-INFO:context:{1593};rank list:[4923 5154 2809 5153 3330 5102 4721 2212 3329 2815 3801 5152 5145 2803
 2805  637 2806 4258 5103 5104 1968]
2022-05-04 15:02:53,549-INFO:context:{1555};rank list:[1559 1556 1558 1553   43 1557 1554 1585 1561 1583 1560  208 1586 1584
 2830 2856 2860 2857 2877 2855 1855]
2022-05-04 15:02:53,549-INFO:context:{1583};rank list:[1585 1558 1559 1555 1586 1584 1861 1844  323 5249 1865 5247 5244  322
 4472 1879 5240  325 2745 2011 2009]
2022-05-04 15:02:53,549-INFO:context:{677};rank list:[ 234  123  235   69 1906   66   78  224   99  233   18   59  214 2132
  284   20   26    5   21  169 1650]
2022-05-04 15:02:53,549-INFO:context:{224};rank list:[   5  200  198   66   69  346   43   80  470   14   99  203   30  349
  197  202   74  347 3619  326  357]
2022-05-04 15:02:53,550-INFO:context:{2376};rank list:[1669 2375 1896 2381   30   14  326 2380 2378 1667  148 2048   21  222
 2475 2476 2474 2379 2382 2374 2797]
2022-05-04 15:02:53,550-INFO:context:{278};rank list:[ 279  240  289  222 2879  224 4636 3305 2183 4286 3609 4313 3608 3737
 1484 1048 4285 1956 1049 2581 2617]
2022-05-04 15:02:53,550-INFO:context:{4684};rank list:[1511 4686 4685 1050 4703 1513 4697 4702 1510 4683  224 4704 4688 4705
 4687 4681 4682  294 4698 4696 1873]
2022-05-04 15:02:53,550-INFO:context:{3000};rank list:[  82   80  222 4713 1047 3178 4714 2979  292 2797  242 4715 1052 1296
 1896 1045 4193 1510 2381 1511  240]
2022-05-04 15:02:53,550-INFO:context:{1458};rank list:[1456 1457 1455 1454  646   12  624  235 2618 1466  674 1453  679  605
  321 4544 2995 3777  668 1982 1509]
2022-05-04 15:02:53,550-INFO:context:{1374};rank list:[  17  898   66  173   69 1705 1701 1704 1697 1700 1698 1706 1708 1707
 1703 1699 1702 2979  224 1332 1331]
2022-05-04 15:02:53,550-INFO:context:{1458};rank list:[1456 1457 1455 1454  646   12  624  235 2618 1466  674 1453  679  605
  321 4544 2995 3777  668 1982 1509]
2022-05-04 15:02:53,550-INFO:context:{74};rank list:[   5  224   76   80  680   78   59   69  608 1464   82  170  654 2107
  470  231  190  511   66  169  236]
2022-05-04 15:02:53,551-INFO:context:{17};rank list:[ 99  69  66  28 190   5  20 284 189 214  29  14  30  59 303 224  43  26
  88  60  87]
2022-05-04 15:02:53,551-INFO:context:{148};rank list:[  25   21  295   14  298   30   23  326  149    5   69 1578   66   59
   26   88  224  339   87  911   60]
2022-05-04 15:02:53,551-INFO:context:{5};rank list:[ 224  470  426   66   43 5183 5182  169  198   69 1094   59   99   74
   78  170   30   14   80  195  347]
2022-05-04 15:02:53,551-INFO:context:{1944};rank list:[1946 1947 1945  263  264 3275 2268 5191 2266 2270 2265 2269 2267  151
  150  155  157  156  153  158  159]
2022-05-04 15:02:53,551-INFO:context:{17};rank list:[ 99  69  66  28 190   5  20 284 189 214  29  14  30  59 303 224  43  26
  88  60  87]
2022-05-04 15:02:53,551-INFO:context:{66};rank list:[  69   59    5   99  198  195   60  224   17  349  347  426  190  214
 5183 1094 5182  169  254  173 4935]
2022-05-04 15:02:53,551-INFO:context:{1483};rank list:[ 291 2129  222 1050  240  292   80  224 1448 1510  617   12   82  169
 1045 1511 1882  293 1296 1647 2130]
2022-05-04 15:02:53,551-INFO:context:{1385};rank list:[  80 1510   66   69  618  254   43  617 1511  615  470 3397 2391  208
 2394 3394 4497 3400 3399 4494 3395]
2022-05-04 15:02:53,552-INFO:context:{66};rank list:[  69   59    5   99  198  195   60  224   17  349  347  426  190  214
 5183 1094 5182  169  254  173 4935]
2022-05-04 15:02:53,552-INFO:context:{66};rank list:[  69   59    5   99  198  195   60  224   17  349  347  426  190  214
 5183 1094 5182  169  254  173 4935]
2022-05-04 15:02:53,552-INFO:context:{1961};rank list:[  15 1960 1962  423  613  224  239  237 3320  291    5  292 1957  294
 3305   99 4596 4594 4554 4595  286]
2022-05-04 15:02:53,552-INFO:context:{214};rank list:[190 299 189 807  69  99  66  60   5  59 254  17 250 252 871  88 300  89
  83  28  87]
2022-05-04 15:02:53,552-INFO:context:{1961};rank list:[  15 1960 1962  423  613  224  239  237 3320  291    5  292 1957  294
 3305   99 4596 4594 4554 4595  286]
2022-05-04 15:02:53,552-INFO:context:{1482};rank list:[ 160  222   14  237   13  326  290    5   16   59 3088 4847 4839 4842
 4838 4846 4840 2509  240 3566 4845]
2022-05-04 15:02:53,553-INFO:context:{206};rank list:[  17  286  285  252   43 1647 1646   99  680  287    5  284   25  222
 1648   80   85  726  190   69   66]
2022-05-04 15:02:53,553-INFO:context:{66};rank list:[  69   59    5   99  198  195   60  224   17  349  347  426  190  214
 5183 1094 5182  169  254  173 4935]
2022-05-04 15:02:53,553-INFO:context:{66};rank list:[  69   59    5   99  198  195   60  224   17  349  347  426  190  214
 5183 1094 5182  169  254  173 4935]
2022-05-04 15:02:53,553-INFO:context:{66};rank list:[  69   59    5   99  198  195   60  224   17  349  347  426  190  214
 5183 1094 5182  169  254  173 4935]
2022-05-04 15:02:53,553-INFO:context:{173};rank list:[  99   66   69  303   26   20  232  193  185   64   27   17  671   60
  537  169   59 4866   29  214   14]
2022-05-04 15:02:53,553-INFO:context:{4867};rank list:[4866  537  173  246  303    5  627   19 3362 3115 2910 2919 3674  595
 3363  297  893  532 3378 4228 1787]
2022-05-04 15:02:53,554-INFO:context:{4867};rank list:[4866  537  173  246  303    5  627   19 3362 3115 2910 2919 3674  595
 3363  297  893  532 3378 4228 1787]
2022-05-04 15:02:53,554-INFO:context:{66};rank list:[  69   59    5   99  198  195   60  224   17  349  347  426  190  214
 5183 1094 5182  169  254  173 4935]
2022-05-04 15:02:53,554-INFO:context:{66};rank list:[  69   59    5   99  198  195   60  224   17  349  347  426  190  214
 5183 1094 5182  169  254  173 4935]
2022-05-04 15:02:53,554-INFO:context:{66};rank list:[  69   59    5   99  198  195   60  224   17  349  347  426  190  214
 5183 1094 5182  169  254  173 4935]
2022-05-04 15:02:53,554-INFO:context:{66};rank list:[  69   59    5   99  198  195   60  224   17  349  347  426  190  214
 5183 1094 5182  169  254  173 4935]
2022-05-04 15:02:53,554-INFO:context:{66};rank list:[  69   59    5   99  198  195   60  224   17  349  347  426  190  214
 5183 1094 5182  169  254  173 4935]
2022-05-04 15:02:53,554-INFO:context:{4867};rank list:[4866  537  173  246  303    5  627   19 3362 3115 2910 2919 3674  595
 3363  297  893  532 3378 4228 1787]
2022-05-04 15:02:53,555-INFO:context:{4867};rank list:[4866  537  173  246  303    5  627   19 3362 3115 2910 2919 3674  595
 3363  297  893  532 3378 4228 1787]
2022-05-04 15:02:53,555-INFO:context:{4868};rank list:[ 276 4945  870 4946 4943 5111 4942 4944 4941 3774 1592 5110 4360 2817
 4917 3775 5146 5150 4924 3803 4919]
2022-05-04 15:02:53,555-INFO:context:{4868};rank list:[ 276 4945  870 4946 4943 5111 4942 4944 4941 3774 1592 5110 4360 2817
 4917 3775 5146 5150 4924 3803 4919]
2022-05-04 15:02:53,555-INFO:context:{4906};rank list:[4914 4907 4911 4915 4909 4908 4913 4910 4912 1797 4903 1795 1794 4905
 4904 1796 1014 1013 1798 1829 1012]
2022-05-04 15:02:53,555-INFO:context:{4307};rank list:[1958 1692 2186 2174  326   71  608 4308   14   76  614   81    5 2631
 4812 2002  973  670 4559 4240 1579]
2022-05-04 15:02:53,555-INFO:context:{4923};rank list:[5153 1593 5145 5154 5102 2809 1591 3329 3801 2815 5152 2803 2805 2806
  637 5101 1968 1969 4258 5103 4947]
2022-05-04 15:02:53,555-INFO:context:{4906};rank list:[4914 4907 4911 4915 4909 4908 4913 4910 4912 1797 4903 1795 1794 4905
 4904 1796 1014 1013 1798 1829 1012]
2022-05-04 15:02:53,555-INFO:context:{4941};rank list:[4942 4944 4946 4943 4360 4945 3774 5111 3775 5110 2817 2819 2820 4358
 3330 5154 4721 5152 2809 2212 4923]
2022-05-04 15:02:53,556-INFO:context:{4822};rank list:[4832 4833  906 4829 4823 4827 4831  903 4824 4830 4826 4825 4828  215
 4255  288  235  908  904  912  909]
2022-05-04 15:02:53,556-INFO:context:{224};rank list:[   5  200  198   66   69  346   43   80  470   14   99  203   30  349
  197  202   74  347 3619  326  357]
2022-05-04 15:02:53,556-INFO:context:{670};rank list:[ 30  14 326   5 224  66 728 160 226 221  69 261 245  65  78 185  17 511
  20  64 613]
2022-05-04 15:02:53,556-INFO:context:{283};rank list:[  26   25   23   27  232   21  173   20  148 2918  149  662  595  664
  663   62 1202 2985  665   29  597]
2022-05-04 15:02:53,556-INFO:context:{224};rank list:[   5  200  198   66   69  346   43   80  470   14   99  203   30  349
  197  202   74  347 3619  326  357]
2022-05-04 15:02:53,556-INFO:context:{224};rank list:[   5  200  198   66   69  346   43   80  470   14   99  203   30  349
  197  202   74  347 3619  326  357]
2022-05-04 15:02:53,556-INFO:context:{224};rank list:[   5  200  198   66   69  346   43   80  470   14   99  203   30  349
  197  202   74  347 3619  326  357]
2022-05-04 15:02:53,557-INFO:context:{224};rank list:[   5  200  198   66   69  346   43   80  470   14   99  203   30  349
  197  202   74  347 3619  326  357]
2022-05-04 15:02:53,557-INFO:context:{5103};rank list:[4258 5104  637 1968 4300 2213 5101  643 1969  636 4309 4947 4268 1588
 1589 5102 3772 4357 2816  277 4299]
2022-05-04 15:02:53,557-INFO:context:{5085};rank list:[5088 5087 5086 5089   26 3754 3769 3730 3753  687 1302 3749 3770 3729
 3750 3751 3766 3762 3752  437 3761]
2022-05-04 15:02:53,557-INFO:context:{1961};rank list:[  15 1960 1962  423  613  224  239  237 3320  291    5  292 1957  294
 3305   99 4596 4594 4554 4595  286]
2022-05-04 15:02:53,557-INFO:context:{671};rank list:[   5  595   20   30  594   21   17   14  148 2022  592  173   28  597
  224 4964   59  234  828  233  326]
2022-05-04 15:02:53,557-INFO:context:{2879};rank list:[ 224    5  470   74  240  222 4001 3000   12  289   80 1378   82 1045
 1448  419  343 1098  279  278 1957]
2022-05-04 15:02:53,558-INFO:context:{197};rank list:[ 200  426  198  346  224  202  357  203 1094 2633  363  369    5  366
  347   69   66  672 4967 1095   43]
2022-05-04 15:02:53,558-INFO:context:{3025};rank list:[4108 4106 4107 3026  430  284   85   43  423 2048  169   74  505 1099
 2331  205  210   24  207 5294  504]
2022-05-04 15:02:53,558-INFO:context:{2997};rank list:[2999 2998  346    8 1520 5107 4292  373 3187 1654 4291 1096 1099  207
 1656  205 1718  631 3186 3549 2632]
2022-05-04 15:02:53,558-INFO:context:{287};rank list:[ 285  206    5  288   43   15  423  286 1647 1326 1327 1329 1324 1325
  726  196 3166 5198 5199 5217 5197]
2022-05-04 15:02:53,558-INFO:context:{670};rank list:[ 30  14 326   5 224  66 728 160 226 221  69 261 245  65  78 185  17 511
  20  64 613]
2022-05-04 15:02:53,558-INFO:context:{1697};rank list:[1708 1706 1704 1705 1707 1733 1702 1701 1703 1734 1735 1731 3647    5
 3783 1698 1732 2538  911 1700 2539]
2022-05-04 15:02:53,559-INFO:context:{5145};rank list:[1591 4947 1588 1589 3772 4357 4302 4918 1969 2816  277 2807 4305 4312
 5112 4948 1596 5147 4299 5101 5109]
2022-05-04 15:02:53,559-INFO:context:{5152};rank list:[3329 3801 2815 2803 2805 2806 5102 5109 2212 3772 1589 4357 1588 2816
 4947  277 2807 5112 4312 1969 5147]
2022-05-04 15:02:53,559-INFO:context:{5135};rank list:[5137 5143 5136 5141 5140 5142 5139 5138  123  677 1906    5 1251 5144
 1232   59   60  624 1000 5330 4767]
2022-05-04 15:02:53,559-INFO:context:{670};rank list:[ 30  14 326   5 224  66 728 160 226 221  69 261 245  65  78 185  17 511
  20  64 613]
2022-05-04 15:02:53,559-INFO:context:{214};rank list:[190 299 189 807  69  99  66  60   5  59 254  17 250 252 871  88 300  89
  83  28  87]
2022-05-04 15:02:53,559-INFO:context:{670};rank list:[ 30  14 326   5 224  66 728 160 226 221  69 261 245  65  78 185  17 511
  20  64 613]
2022-05-04 15:02:53,559-INFO:context:{798};rank list:[  28   14   17   66   30   29 3363  170   20  214 2139  190  249    5
   69  189 2199 2198  595   25   21]
2022-05-04 15:02:53,559-INFO:context:{17};rank list:[ 99  69  66  28 190   5  20 284 189 214  29  14  30  59 303 224  43  26
  88  60  87]
2022-05-04 15:02:53,560-INFO:context:{798};rank list:[  28   14   17   66   30   29 3363  170   20  214 2139  190  249    5
   69  189 2199 2198  595   25   21]
2022-05-04 15:02:53,560-INFO:context:{2203};rank list:[2205  827 2206 2204   25   21  148 2209    5 4277 2060 1885 2207 5134
  601 3239 2911 3163 3164 4124 1447]
2022-05-04 15:02:53,560-INFO:context:{2234};rank list:[2238 2235 2236 2237 2232 2227 2229 2239  189  190  224    5 1547 1545
 1550 1546 1372 2580  857 3765  905]
2022-05-04 15:02:53,560-INFO:context:{2240};rank list:[2242 2223 2230 2243 2231 2229 2226 2225 2232 2227 2228  189   60  190
    5 2224 2251 2252 2248 2249 2239]
2022-05-04 15:02:53,560-INFO:context:{5};rank list:[ 224  470  426   66   43 5183 5182  169  198   69 1094   59   99   74
   78  170   30   14   80  195  347]
2022-05-04 15:02:53,560-INFO:context:{2215};rank list:[2217 2218 2219 2220 2222 2221 2216 2247 3851 3852 3853 3334 3855 3345
  495  497 3850 2112 4624  491 4623]
2022-05-04 15:02:53,560-INFO:context:{2244};rank list:[1770 2246 2245  512   59 3342 4724  983  982   60  214  583 2253   69
  249   99  189  537   66    5   28]
2022-05-04 15:02:53,560-INFO:context:{5226};rank list:[5227 5229 1593 4916 4303 5149 5230 5153 5148 1597 5228 5154 5151 4924
 4923 4723 4720 4295 5231 4722 5145]
2022-05-04 15:02:53,560-INFO:context:{17};rank list:[ 99  69  66  28 190   5  20 284 189 214  29  14  30  59 303 224  43  26
  88  60  87]
2022-05-04 15:02:53,561-INFO:context:{66};rank list:[  69   59    5   99  198  195   60  224   17  349  347  426  190  214
 5183 1094 5182  169  254  173 4935]
2022-05-04 15:02:53,561-INFO:context:{2801};rank list:[3906 2812 2814 3909 2810 2808 2811    5   99 3940 3938 3937 2802 3942
 3945 3944 3943 3946 3941 3939 2210]
2022-05-04 15:02:53,561-INFO:context:{2817};rank list:[2819 2820 3774 3775 4358 5110 4944 4942 2818 5111 4360 4941 5154 5152
  368 4946  361  364  365  372  362]
2022-05-04 15:02:53,561-INFO:context:{163};rank list:[  99    5  913  224   26   20   69  425   66   17  214  235 3566  423
  160  537   31  828  189  726 1646]
2022-05-04 15:02:53,561-INFO:context:{5};rank list:[ 224  470  426   66   43 5183 5182  169  198   69 1094   59   99   74
   78  170   30   14   80  195  347]
2022-05-04 15:02:53,561-INFO:context:{670};rank list:[ 30  14 326   5 224  66 728 160 226 221  69 261 245  65  78 185  17 511
  20  64 613]
2022-05-04 15:02:53,561-INFO:context:{3276};rank list:[1947 3277 3275  266   99  264  166  164  168 1917 3229 2241 4253  167
 3273 2226 3233 2228 4254 2719 3621]
2022-05-04 15:02:53,561-INFO:context:{266};rank list:[ 264  274  273 2513   66  263 3191 3192   69 3196 3198  249   99 2509
 3275 2510 2514 3193 3197 3194 3195]
2022-05-04 15:02:53,562-INFO:context:{1883};rank list:[ 233  234  828 1847 1857 3278 1993 1906   99   78   43 3325 3324 2678
 4933 3891 2668 2684  533 3001 4289]
2022-05-04 15:02:53,562-INFO:context:{17};rank list:[ 99  69  66  28 190   5  20 284 189 214  29  14  30  59 303 224  43  26
  88  60  87]
2022-05-04 15:02:53,562-INFO:context:{224};rank list:[   5  200  198   66   69  346   43   80  470   14   99  203   30  349
  197  202   74  347 3619  326  357]
2022-05-04 15:02:53,562-INFO:context:{1483};rank list:[ 291 2129  222 1050  240  292   80  224 1448 1510  617   12   82  169
 1045 1511 1882  293 1296 1647 2130]
2022-05-04 15:02:53,562-INFO:context:{178};rank list:[  15  177  181  183  179 4669  180 1528  182 2886   25  224  911 1202
 2952  229 4555  149  176  423 4670]
2022-05-04 15:02:53,562-INFO:context:{670};rank list:[ 30  14 326   5 224  66 728 160 226 221  69 261 245  65  78 185  17 511
  20  64 613]
2022-05-04 15:02:53,562-INFO:context:{66};rank list:[  69   59    5   99  198  195   60  224   17  349  347  426  190  214
 5183 1094 5182  169  254  173 4935]
2022-05-04 15:02:53,562-INFO:context:{813};rank list:[ 820  282  818 2141  817  816  815  814    8  819   65  224 5348  232
 2634 2477   16   25  511    5  185]
2022-05-04 15:02:53,563-INFO:context:{813};rank list:[ 820  282  818 2141  817  816  815  814    8  819   65  224 5348  232
 2634 2477   16   25  511    5  185]
2022-05-04 15:02:53,563-INFO:context:{1437};rank list:[ 250  254  251 1441 1438 1443 1442 1444 1439 1422 1494 1433    5  818
 1500 1418 1495 1493 1497 1440 1420]
2022-05-04 15:02:53,563-INFO:context:{1433};rank list:[1442 1422 1493 1490 1500 1503 1441 1495 1438 1437  251    5  250  254
 1497 1491 1436 1494 1435 1496 1501]
2022-05-04 15:02:53,563-INFO:context:{621};rank list:[   5 1413 1430 1410 1411 1428 1416 1422 1429 1449 1415  237 1407 3314
 3313 1461 3311 1459 1462 3312 1450]
2022-05-04 15:02:53,563-INFO:context:{670};rank list:[ 30  14 326   5 224  66 728 160 226 221  69 261 245  65  78 185  17 511
  20  64 613]
2022-05-04 15:02:53,563-INFO:context:{3417};rank list:[4861 4860 4862 4865 3419 4863 3418  643  636 2213 4300 4309 4268 4299
 5104 4869 5103 4258 3871 3870  637]
2022-05-04 15:02:53,563-INFO:context:{3411};rank list:[3413 3410 1967 3414  616 1787 2022 3412  595  594  597  193  284   27
   59   66  671   20   26   60   69]
2022-05-04 15:02:53,563-INFO:context:{66};rank list:[  69   59    5   99  198  195   60  224   17  349  347  426  190  214
 5183 1094 5182  169  254  173 4935]
2022-05-04 15:02:53,564-INFO:context:{66};rank list:[  69   59    5   99  198  195   60  224   17  349  347  426  190  214
 5183 1094 5182  169  254  173 4935]
2022-05-04 15:02:53,564-INFO:context:{66};rank list:[  69   59    5   99  198  195   60  224   17  349  347  426  190  214
 5183 1094 5182  169  254  173 4935]
2022-05-04 15:02:53,564-INFO:context:{224};rank list:[   5  200  198   66   69  346   43   80  470   14   99  203   30  349
  197  202   74  347 3619  326  357]
2022-05-04 15:02:53,564-INFO:context:{2130};rank list:[ 224  237  617 3364   82   80 3366   59   78   29 3365    1 1381 3367
 1483    7    0 1534  186   66   26]
2022-05-04 15:02:53,564-INFO:context:{802};rank list:[ 595  597  592   69   28  511   66  250  254  224   20  252   14   29
  174   30  798 1520 2646  801  123]
2022-05-04 15:02:53,564-INFO:context:{1716};rank list:[   5 1717 3648 3649 3789 3785 3786 3800 3788 3797 3790 3791 3793 3650
 3795 3798 3794 3799 3792 3787 3319]
2022-05-04 15:02:53,564-INFO:test end time: 49.40594744682312s
2022-05-04 15:02:53,566-INFO:----------------------result@1--------------------------
2022-05-04 15:02:53,566-INFO:success rate at method level 0.497143
2022-05-04 15:02:53,566-INFO:mean precision:0.497143, mean recall:0.078811
2022-05-04 15:02:53,567-INFO:**********************************************************
2022-05-04 15:02:53,567-INFO:success rate at project level 0.453685
2022-05-04 15:02:53,567-INFO:mean precision:0.453685, mean recall:0.069416
2022-05-04 15:02:53,567-WARNING:method level => top 1 : best suc 0.497143, best pre 0.497143,  best recall 0.078811
2022-05-04 15:02:53,567-WARNING:project level => top 1 : best suc 0.453685, best pre 0.453685,  best recall 0.069416
2022-05-04 15:02:53,568-INFO:----------------------result@2--------------------------
2022-05-04 15:02:53,568-INFO:success rate at method level 0.645714
2022-05-04 15:02:53,568-INFO:mean precision:0.434286, mean recall:0.131532
2022-05-04 15:02:53,569-INFO:**********************************************************
2022-05-04 15:02:53,569-INFO:success rate at project level 0.591070
2022-05-04 15:02:53,569-INFO:mean precision:0.419107, mean recall:0.121434
2022-05-04 15:02:53,570-WARNING:method level => top 2 : best suc 0.645714, best pre 0.434286,  best recall 0.131532
2022-05-04 15:02:53,570-WARNING:project level => top 2 : best suc 0.591070, best pre 0.419107,  best recall 0.121434
2022-05-04 15:02:53,571-INFO:----------------------result@3--------------------------
2022-05-04 15:02:53,571-INFO:success rate at method level 0.685714
2022-05-04 15:02:53,571-INFO:mean precision:0.384762, mean recall:0.171261
2022-05-04 15:02:53,572-INFO:**********************************************************
2022-05-04 15:02:53,572-INFO:success rate at project level 0.621345
2022-05-04 15:02:53,572-INFO:mean precision:0.355612, mean recall:0.153493
2022-05-04 15:02:53,573-WARNING:method level => top 3 : best suc 0.685714, best pre 0.384762,  best recall 0.171261
2022-05-04 15:02:53,573-WARNING:project level => top 3 : best suc 0.621345, best pre 0.355612,  best recall 0.153493
2022-05-04 15:02:53,574-INFO:----------------------result@4--------------------------
2022-05-04 15:02:53,574-INFO:success rate at method level 0.720000
2022-05-04 15:02:53,574-INFO:mean precision:0.357143, mean recall:0.210442
2022-05-04 15:02:53,575-INFO:**********************************************************
2022-05-04 15:02:53,575-INFO:success rate at project level 0.660923
2022-05-04 15:02:53,575-INFO:mean precision:0.330690, mean recall:0.188956
2022-05-04 15:02:53,575-WARNING:method level => top 4 : best suc 0.720000, best pre 0.357143,  best recall 0.210442
2022-05-04 15:02:53,576-WARNING:project level => top 4 : best suc 0.660923, best pre 0.330690,  best recall 0.188956
2022-05-04 15:02:53,577-INFO:----------------------result@5--------------------------
2022-05-04 15:02:53,577-INFO:success rate at method level 0.731429
2022-05-04 15:02:53,577-INFO:mean precision:0.318857, mean recall:0.229809
2022-05-04 15:02:53,578-INFO:**********************************************************
2022-05-04 15:02:53,578-INFO:success rate at project level 0.676274
2022-05-04 15:02:53,578-INFO:mean precision:0.292560, mean recall:0.202855
2022-05-04 15:02:53,578-WARNING:method level => top 5 : best suc 0.731429, best pre 0.318857,  best recall 0.229809
2022-05-04 15:02:53,578-WARNING:project level => top 5 : best suc 0.676274, best pre 0.292560,  best recall 0.202855
2022-05-04 15:02:53,579-INFO:----------------------result@6--------------------------
2022-05-04 15:02:53,579-INFO:success rate at method level 0.760000
2022-05-04 15:02:53,579-INFO:mean precision:0.286667, mean recall:0.246601
2022-05-04 15:02:53,580-INFO:**********************************************************
2022-05-04 15:02:53,580-INFO:success rate at project level 0.733292
2022-05-04 15:02:53,580-INFO:mean precision:0.275390, mean recall:0.229385
2022-05-04 15:02:53,580-WARNING:method level => top 6 : best suc 0.760000, best pre 0.286667,  best recall 0.246601
2022-05-04 15:02:53,581-WARNING:project level => top 6 : best suc 0.733292, best pre 0.275390,  best recall 0.229385
2022-05-04 15:02:53,582-INFO:----------------------result@7--------------------------
2022-05-04 15:02:53,582-INFO:success rate at method level 0.771429
2022-05-04 15:02:53,582-INFO:mean precision:0.266122, mean recall:0.261538
2022-05-04 15:02:53,583-INFO:**********************************************************
2022-05-04 15:02:53,583-INFO:success rate at project level 0.739140
2022-05-04 15:02:53,583-INFO:mean precision:0.264527, mean recall:0.250669
2022-05-04 15:02:53,583-WARNING:method level => top 7 : best suc 0.771429, best pre 0.266122,  best recall 0.261538
2022-05-04 15:02:53,583-WARNING:project level => top 7 : best suc 0.739140, best pre 0.264527,  best recall 0.250669
2022-05-04 15:02:53,584-INFO:----------------------result@8--------------------------
2022-05-04 15:02:53,584-INFO:success rate at method level 0.777143
2022-05-04 15:02:53,584-INFO:mean precision:0.249286, mean recall:0.274469
2022-05-04 15:02:53,585-INFO:**********************************************************
2022-05-04 15:02:53,585-INFO:success rate at project level 0.741332
2022-05-04 15:02:53,585-INFO:mean precision:0.246430, mean recall:0.261779
2022-05-04 15:02:53,585-WARNING:method level => top 8 : best suc 0.777143, best pre 0.249286,  best recall 0.274469
2022-05-04 15:02:53,586-WARNING:project level => top 8 : best suc 0.741332, best pre 0.246430,  best recall 0.261779
2022-05-04 15:02:53,587-INFO:----------------------result@9--------------------------
2022-05-04 15:02:53,587-INFO:success rate at method level 0.782857
2022-05-04 15:02:53,587-INFO:mean precision:0.234286, mean recall:0.286131
2022-05-04 15:02:53,588-INFO:**********************************************************
2022-05-04 15:02:53,588-INFO:success rate at project level 0.754490
2022-05-04 15:02:53,588-INFO:mean precision:0.232675, mean recall:0.273830
2022-05-04 15:02:53,588-WARNING:method level => top 9 : best suc 0.782857, best pre 0.234286,  best recall 0.286131
2022-05-04 15:02:53,588-WARNING:project level => top 9 : best suc 0.754490, best pre 0.232675,  best recall 0.273830
2022-05-04 15:02:53,589-INFO:----------------------result@10--------------------------
2022-05-04 15:02:53,589-INFO:success rate at method level 0.782857
2022-05-04 15:02:53,589-INFO:mean precision:0.220571, mean recall:0.297891
2022-05-04 15:02:53,590-INFO:**********************************************************
2022-05-04 15:02:53,590-INFO:success rate at project level 0.754490
2022-05-04 15:02:53,590-INFO:mean precision:0.217978, mean recall:0.284609
2022-05-04 15:02:53,591-WARNING:method level => top 10 : best suc 0.782857, best pre 0.220571,  best recall 0.297891
2022-05-04 15:02:53,591-WARNING:project level => top 10 : best suc 0.754490, best pre 0.217978,  best recall 0.284609
2022-05-04 15:02:53,592-INFO:----------------------result@11--------------------------
2022-05-04 15:02:53,592-INFO:success rate at method level 0.782857
2022-05-04 15:02:53,592-INFO:mean precision:0.209351, mean recall:0.306607
2022-05-04 15:02:53,593-INFO:**********************************************************
2022-05-04 15:02:53,593-INFO:success rate at project level 0.754490
2022-05-04 15:02:53,593-INFO:mean precision:0.207368, mean recall:0.294195
2022-05-04 15:02:53,593-WARNING:method level => top 11 : best suc 0.782857, best pre 0.209351,  best recall 0.306607
2022-05-04 15:02:53,593-WARNING:project level => top 11 : best suc 0.754490, best pre 0.207368,  best recall 0.294195
2022-05-04 15:02:53,594-INFO:----------------------result@12--------------------------
2022-05-04 15:02:53,594-INFO:success rate at method level 0.794286
2022-05-04 15:02:53,594-INFO:mean precision:0.201429, mean recall:0.317836
2022-05-04 15:02:53,595-INFO:**********************************************************
2022-05-04 15:02:53,595-INFO:success rate at project level 0.769841
2022-05-04 15:02:53,595-INFO:mean precision:0.199064, mean recall:0.304193
2022-05-04 15:02:53,596-WARNING:method level => top 12 : best suc 0.794286, best pre 0.201429,  best recall 0.317836
2022-05-04 15:02:53,596-WARNING:project level => top 12 : best suc 0.769841, best pre 0.199064,  best recall 0.304193
2022-05-04 15:02:53,597-INFO:----------------------result@13--------------------------
2022-05-04 15:02:53,597-INFO:success rate at method level 0.800000
2022-05-04 15:02:53,597-INFO:mean precision:0.196923, mean recall:0.334654
2022-05-04 15:02:53,598-INFO:**********************************************************
2022-05-04 15:02:53,598-INFO:success rate at project level 0.772034
2022-05-04 15:02:53,598-INFO:mean precision:0.192288, mean recall:0.316031
2022-05-04 15:02:53,598-WARNING:method level => top 13 : best suc 0.800000, best pre 0.196923,  best recall 0.334654
2022-05-04 15:02:53,598-WARNING:project level => top 13 : best suc 0.772034, best pre 0.192288,  best recall 0.316031
2022-05-04 15:02:53,599-INFO:----------------------result@14--------------------------
2022-05-04 15:02:53,599-INFO:success rate at method level 0.805714
2022-05-04 15:02:53,599-INFO:mean precision:0.188571, mean recall:0.345931
2022-05-04 15:02:53,600-INFO:**********************************************************
2022-05-04 15:02:53,600-INFO:success rate at project level 0.785192
2022-05-04 15:02:53,600-INFO:mean precision:0.183979, mean recall:0.327456
2022-05-04 15:02:53,600-WARNING:method level => top 14 : best suc 0.805714, best pre 0.188571,  best recall 0.345931
2022-05-04 15:02:53,601-WARNING:project level => top 14 : best suc 0.785192, best pre 0.183979,  best recall 0.327456
2022-05-04 15:02:53,601-INFO:----------------------result@15--------------------------
2022-05-04 15:02:53,602-INFO:success rate at method level 0.805714
2022-05-04 15:02:53,602-INFO:mean precision:0.179810, mean recall:0.351785
2022-05-04 15:02:53,603-INFO:**********************************************************
2022-05-04 15:02:53,603-INFO:success rate at project level 0.785192
2022-05-04 15:02:53,603-INFO:mean precision:0.176769, mean recall:0.334485
2022-05-04 15:02:53,603-WARNING:method level => top 15 : best suc 0.805714, best pre 0.179810,  best recall 0.351785
2022-05-04 15:02:53,603-WARNING:project level => top 15 : best suc 0.785192, best pre 0.176769,  best recall 0.334485
2022-05-04 15:02:53,604-INFO:----------------------result@16--------------------------
2022-05-04 15:02:53,604-INFO:success rate at method level 0.811429
2022-05-04 15:02:53,604-INFO:mean precision:0.172143, mean recall:0.359609
2022-05-04 15:02:53,605-INFO:**********************************************************
2022-05-04 15:02:53,605-INFO:success rate at project level 0.789578
2022-05-04 15:02:53,605-INFO:mean precision:0.168750, mean recall:0.340085
2022-05-04 15:02:53,605-WARNING:method level => top 16 : best suc 0.811429, best pre 0.172143,  best recall 0.359609
2022-05-04 15:02:53,605-WARNING:project level => top 16 : best suc 0.789578, best pre 0.168750,  best recall 0.340085
2022-05-04 15:02:53,607-INFO:----------------------result@17--------------------------
2022-05-04 15:02:53,607-INFO:success rate at method level 0.817143
2022-05-04 15:02:53,607-INFO:mean precision:0.165714, mean recall:0.367406
2022-05-04 15:02:53,608-INFO:**********************************************************
2022-05-04 15:02:53,608-INFO:success rate at project level 0.798350
2022-05-04 15:02:53,608-INFO:mean precision:0.163832, mean recall:0.351139
2022-05-04 15:02:53,608-WARNING:method level => top 17 : best suc 0.817143, best pre 0.165714,  best recall 0.367406
2022-05-04 15:02:53,608-WARNING:project level => top 17 : best suc 0.798350, best pre 0.163832,  best recall 0.351139
2022-05-04 15:02:53,609-INFO:----------------------result@18--------------------------
2022-05-04 15:02:53,609-INFO:success rate at method level 0.822857
2022-05-04 15:02:53,609-INFO:mean precision:0.158730, mean recall:0.370174
2022-05-04 15:02:53,610-INFO:**********************************************************
2022-05-04 15:02:53,610-INFO:success rate at project level 0.804929
2022-05-04 15:02:53,610-INFO:mean precision:0.157094, mean recall:0.354203
2022-05-04 15:02:53,611-WARNING:method level => top 18 : best suc 0.822857, best pre 0.158730,  best recall 0.370174
2022-05-04 15:02:53,611-WARNING:project level => top 18 : best suc 0.804929, best pre 0.157094,  best recall 0.354203
2022-05-04 15:02:53,612-INFO:----------------------result@19--------------------------
2022-05-04 15:02:53,612-INFO:success rate at method level 0.834286
2022-05-04 15:02:53,612-INFO:mean precision:0.153083, mean recall:0.376510
2022-05-04 15:02:53,613-INFO:**********************************************************
2022-05-04 15:02:53,613-INFO:success rate at project level 0.811612
2022-05-04 15:02:53,613-INFO:mean precision:0.152840, mean recall:0.365185
2022-05-04 15:02:53,613-WARNING:method level => top 19 : best suc 0.834286, best pre 0.153083,  best recall 0.376510
2022-05-04 15:02:53,613-WARNING:project level => top 19 : best suc 0.811612, best pre 0.152840,  best recall 0.365185
2022-05-04 15:02:53,614-INFO:----------------------result@20--------------------------
2022-05-04 15:02:53,614-INFO:success rate at method level 0.834286
2022-05-04 15:02:53,614-INFO:mean precision:0.147143, mean recall:0.381970
2022-05-04 15:02:53,615-INFO:**********************************************************
2022-05-04 15:02:53,615-INFO:success rate at project level 0.811612
2022-05-04 15:02:53,615-INFO:mean precision:0.146044, mean recall:0.367269
2022-05-04 15:02:53,616-WARNING:method level => top 20 : best suc 0.834286, best pre 0.147143,  best recall 0.381970
2022-05-04 15:02:53,616-WARNING:project level => top 20 : best suc 0.811612, best pre 0.146044,  best recall 0.367269
2022-05-04 15:02:53,625-INFO:MAP: 0.248444
