2022-05-28 14:59:35,725-INFO:================================================
2022-05-28 14:59:35,725-INFO:threshold1:0.500000;threshold2:0.500000;
2022-05-28 14:59:35,725-INFO:test start. test set size: 175
2022-05-28 15:00:28,427-INFO:context:{971};rank list:[ 641  893 1908  284  638  644 1994   59  189 3552 1995 2683  511    5
 1996 2691 3550 2703  624   17   60]
2022-05-28 15:00:28,427-INFO:context:{224};rank list:[   5  200  198   66   69  346   43   80  470  203   14   99   30  197
  349  202  347   74 3619  357  326]
2022-05-28 15:00:28,428-INFO:context:{184};rank list:[ 185   64   26  173  193   27  232  211 2383   63 2384   20  231  186
  252  248 2061  247 1919  667 2972]
2022-05-28 15:00:28,756-INFO:context:{278};rank list:[ 279  240  289  222  224 2879 1869 3301 3064 1870 1872 4707 4708 3421
 4198 4197 1049 4706 3262 3913 3910]
2022-05-28 15:00:28,756-INFO:context:{184};rank list:[ 185   64   26  173  193   27  232  211 2383   63 2384   20  231  186
  252  248 2061  247 1919  667 2972]
2022-05-28 15:00:28,756-INFO:context:{287};rank list:[ 285  206    5   43  423   15  288  286 1647 1327 1326 1329 1324 1325
  280  196   17  160  726   28   27]
2022-05-28 15:00:28,756-INFO:context:{66};rank list:[  69   59    5   99  198  195   60  224   17  349  347  426  190  214
 1094 5182 5183  169  173  254 4935]
2022-05-28 15:00:28,757-INFO:context:{66};rank list:[  69   59    5   99  198  195   60  224   17  349  347  426  190  214
 1094 5182 5183  169  173  254 4935]
2022-05-28 15:00:28,757-INFO:context:{66};rank list:[  69   59    5   99  198  195   60  224   17  349  347  426  190  214
 1094 5182 5183  169  173  254 4935]
2022-05-28 15:00:28,757-INFO:context:{66};rank list:[  69   59    5   99  198  195   60  224   17  349  347  426  190  214
 1094 5182 5183  169  173  254 4935]
2022-05-28 15:00:28,757-INFO:context:{12};rank list:[1050  169  224   14   15  222  617   80  294  240 4157 1510 2147  291
   30  326   82   25  148 1483 2129]
2022-05-28 15:00:28,757-INFO:context:{289};rank list:[ 224    5  254 1738 1740 1742  250 1741  732 1739 1509  222 2507 1506
  640  286   29   27  285 2188  252]
2022-05-28 15:00:28,757-INFO:context:{287};rank list:[ 285  206    5   43  423   15  288  286 1647 1327 1326 1329 1324 1325
  280  196   17  160  726   28   27]
2022-05-28 15:00:28,757-INFO:context:{302};rank list:[  59   60   87   88  284  675  214 2185 1773  807  885 1377  886  250
  616 3947   17 1383  300 2196  254]
2022-05-28 15:00:28,757-INFO:context:{99};rank list:[ 69  66  17   5  59  60 214 224 190  20 173  15  28  27 232 470  26 511
  31 189 169]
2022-05-28 15:00:28,758-INFO:context:{357};rank list:[ 200  197  224  366  198  363  203  350  348   43  352  359  369  426
 2633  672  632 3030  349 1095  404]
2022-05-28 15:00:28,758-INFO:context:{357};rank list:[ 200  197  224  366  198  363  203  350  348   43  352  359  369  426
 2633  672  632 3030  349 1095  404]
2022-05-28 15:00:28,758-INFO:context:{224};rank list:[   5  200  198   66   69  346   43   80  470  203   14   99   30  197
  349  202  347   74 3619  357  326]
2022-05-28 15:00:28,758-INFO:context:{224};rank list:[   5  200  198   66   69  346   43   80  470  203   14   99   30  197
  349  202  347   74 3619  357  326]
2022-05-28 15:00:28,758-INFO:context:{224};rank list:[   5  200  198   66   69  346   43   80  470  203   14   99   30  197
  349  202  347   74 3619  357  326]
2022-05-28 15:00:28,758-INFO:context:{361};rank list:[ 367  362  365  364  372  370  368  412 2820 2819 5231 5154 2815 2817
 5230 5228 5152 1593 4923 2809 5153]
2022-05-28 15:00:28,758-INFO:context:{224};rank list:[   5  200  198   66   69  346   43   80  470  203   14   99   30  197
  349  202  347   74 3619  357  326]
2022-05-28 15:00:28,758-INFO:context:{363};rank list:[ 200  224  198  203  197  357  366  426  369 3030  347 2633  632  672
  429 1095 4967 1100  423  346 2516]
2022-05-28 15:00:28,759-INFO:context:{605};rank list:[ 606  290  603  602  666 2907 2908 1773    5  625  679  293 2187 1453
  972 2923 4207 3177  674 4242 3311]
2022-05-28 15:00:28,759-INFO:context:{224};rank list:[   5  200  198   66   69  346   43   80  470  203   14   99   30  197
  349  202  347   74 3619  357  326]
2022-05-28 15:00:28,759-INFO:context:{26};rank list:[ 27 232 283  20  29  25  66   5  99 193 185  69  21  59  17 148 173  64
 303 186  23]
2022-05-28 15:00:28,759-INFO:context:{224};rank list:[   5  200  198   66   69  346   43   80  470  203   14   99   30  197
  349  202  347   74 3619  357  326]
2022-05-28 15:00:28,759-INFO:context:{636};rank list:[ 643  637 4258 5102 4721 3329 3801 4869 4357 1968 4300 4309 4268 4312
 4720 1969 2821 5104 3870 3871 5103]
2022-05-28 15:00:28,759-INFO:context:{644};rank list:[1994 1908  893  971  641 1996 1995  638 1999 2000  651  511 3840 2002
 1993  973  284 4556   61 2683 2900]
2022-05-28 15:00:28,759-INFO:context:{637};rank list:[ 643  636 4258 5102 4721 3329 3801 4357 4312 4869 1968 4720 4300 4309
 1969 4268 2805 2803 3772 5104 2821]
2022-05-28 15:00:28,760-INFO:context:{605};rank list:[ 606  290  603  602  666 2907 2908 1773    5  625  679  293 2187 1453
  972 2923 4207 3177  674 4242 3311]
2022-05-28 15:00:28,760-INFO:context:{74};rank list:[   5  224   76   80  680   78 1464  608   69   59   82  170  654 2107
  470  511  231   66  190  911  236]
2022-05-28 15:00:28,760-INFO:context:{66};rank list:[  69   59    5   99  198  195   60  224   17  349  347  426  190  214
 1094 5182 5183  169  173  254 4935]
2022-05-28 15:00:28,760-INFO:context:{74};rank list:[   5  224   76   80  680   78 1464  608   69   59   82  170  654 2107
  470  511  231   66  190  911  236]
2022-05-28 15:00:28,760-INFO:context:{62};rank list:[  65  185   64   26 1919  283  424  280  425  423 2682 3344   63  911
  282  224  487 5068  281 5066 5067]
2022-05-28 15:00:28,760-INFO:context:{148};rank list:[  25   21  295  298   14   30   23  326  149 1578   69    5   66   59
   26   88  339   87  224   60  911]
2022-05-28 15:00:28,760-INFO:context:{17};rank list:[ 99  69  66  28 190   5  20 284 189  29 214 303  14  30  59  43 224  26
  60  88  87]
2022-05-28 15:00:28,760-INFO:context:{17};rank list:[ 99  69  66  28 190   5  20 284 189  29 214 303  14  30  59  43 224  26
  60  88  87]
2022-05-28 15:00:28,761-INFO:context:{2400};rank list:[1643  899 1644  511 2397 1331  296  231  195  629   78   74  173 3180
  227  671  790   99 2790 1138 2403]
2022-05-28 15:00:28,761-INFO:context:{4258};rank list:[5102  637  643  636 4721 3329 3801 4720 1968 4357 4312 4300 4869 4309
 4268 2805 2803 1969 3870 3871 2213]
2022-05-28 15:00:28,761-INFO:context:{20};rank list:[ 26  99  17  66  69   5 173  27  30  14 224  28 614  31 671  29  80 232
  25  18 595]
2022-05-28 15:00:28,761-INFO:context:{66};rank list:[  69   59    5   99  198  195   60  224   17  349  347  426  190  214
 1094 5182 5183  169  173  254 4935]
2022-05-28 15:00:28,761-INFO:context:{512};rank list:[ 983 1104 1111 1105 1110 1106 1107  922  982 1109 1112 1118 1117  790
 1115   99  224 1125 1770 1127 2527]
2022-05-28 15:00:28,761-INFO:context:{520};rank list:[ 966  163   26  521  522 2084  500   74  185  235 2085  919 2245 1912
 2253 2246 4009  874 2837 4724  866]
2022-05-28 15:00:28,761-INFO:context:{1584};rank list:[  17  284  206 1661 1908  641  893  285  971 2941  911 2942 2943  286
 1647  613 2940 1586 1559 1585 1555]
2022-05-28 15:00:28,761-INFO:context:{4268};rank list:[4869 2821 4922 5103 5104 1969 4309 3772 4300 3870 3871 4357 2213 1968
  636  637 4312  643 4258 5101 2212]
2022-05-28 15:00:28,762-INFO:context:{1661};rank list:[  66   18   69  224   17  163 1584  190 3096  231 2001  284  893  641
 1908  189  828  285   89  677  234]
2022-05-28 15:00:28,762-INFO:context:{209};rank list:[1406    5  224  345 1096  423   15   43  426    8  346  197 1094 1093
   99  198  202   66 1095   69  208]
2022-05-28 15:00:28,762-INFO:context:{209};rank list:[1406    5  224  345 1096  423   15   43  426    8  346  197 1094 1093
   99  198  202   66 1095   69  208]
2022-05-28 15:00:28,762-INFO:context:{209};rank list:[1406    5  224  345 1096  423   15   43  426    8  346  197 1094 1093
   99  198  202   66 1095   69  208]
2022-05-28 15:00:28,762-INFO:context:{80};rank list:[  82    5  224  617   43 1045   66  237   99   69 1511 1050 1385   17
   15 1951 1956  676 1448   74   81]
2022-05-28 15:00:28,762-INFO:context:{557};rank list:[577 541 580 545 568 549 574 554 565 572 556 569 550 566 552 553 559 575
 562 578 544]
2022-05-28 15:00:28,762-INFO:context:{2922};rank list:[ 214    5 2140  190  790   99  284 2001 2906 1468 1467 1512   69  208
  801  423  189   43   17   15  177]
2022-05-28 15:00:28,762-INFO:context:{662};rank list:[ 283  664  173  663  665  624 2383 2070 1918  667 2977  211 2384 3821
 3203 2069  603 2973 2957 3204 2971]
2022-05-28 15:00:28,763-INFO:context:{662};rank list:[ 283  664  173  663  665  624 2383 2070 1918  667 2977  211 2384 3821
 3203 2069  603 2973 2957 3204 2971]
2022-05-28 15:00:28,763-INFO:context:{662};rank list:[ 283  664  173  663  665  624 2383 2070 1918  667 2977  211 2384 3821
 3203 2069  603 2973 2957 3204 2971]
2022-05-28 15:00:28,763-INFO:context:{4357};rank list:[4312 1969 3772 5104 5103 4869 3801 1968  637 4268  643 2821 4309  636
 4300 4258 4922 5102 3871 3870 5101]
2022-05-28 15:00:28,763-INFO:context:{1583};rank list:[1585 1558 1555 1586 1559 1584 1554 1861 1880 1847 1553 1858 1854 1560
 1879 1867 2011 1876 5215 2084 5194]
2022-05-28 15:00:28,763-INFO:context:{1583};rank list:[1585 1558 1555 1586 1559 1584 1554 1861 1880 1847 1553 1858 1854 1560
 1879 1867 2011 1876 5215 2084 5194]
2022-05-28 15:00:28,763-INFO:context:{1583};rank list:[1585 1558 1555 1586 1559 1584 1554 1861 1880 1847 1553 1858 1854 1560
 1879 1867 2011 1876 5215 2084 5194]
2022-05-28 15:00:28,763-INFO:context:{1555};rank list:[1559 1558 1556 1553   43  208 1557 1586 1560 1561 1554 1583 1584 1585
 2831 2830 1259 1257 4320 2795 5009]
2022-05-28 15:00:28,763-INFO:context:{1593};rank list:[4923 1597 5151 5149 4919 4916 5152 5154 5226 5146 5150 5148 2809 4924
 1590 1598 4917 1587 5153 1595 2815]
2022-05-28 15:00:28,763-INFO:context:{1555};rank list:[1559 1558 1556 1553   43  208 1557 1586 1560 1561 1554 1583 1584 1585
 2831 2830 1259 1257 4320 2795 5009]
2022-05-28 15:00:28,764-INFO:context:{1583};rank list:[1585 1558 1555 1586 1559 1584 1554 1861 1880 1847 1553 1858 1854 1560
 1879 1867 2011 1876 5215 2084 5194]
2022-05-28 15:00:28,764-INFO:context:{677};rank list:[ 234  123  235   78   66 1906   69  224  233   20   18  295  148   99
   26  284 1737  214 2132 1649  169]
2022-05-28 15:00:28,764-INFO:context:{224};rank list:[   5  200  198   66   69  346   43   80  470  203   14   99   30  197
  349  202  347   74 3619  357  326]
2022-05-28 15:00:28,764-INFO:context:{2376};rank list:[1669 1896 2375 2381   30  326   14 2378 2380  148 1667  222 2048   21
 2797 2379 4713 2475 4714  898 4715]
2022-05-28 15:00:28,764-INFO:context:{278};rank list:[ 279  240  289  222  224 2879 1869 3301 3064 1870 1872 4707 4708 3421
 4198 4197 1049 4706 3262 3913 3910]
2022-05-28 15:00:28,764-INFO:context:{4684};rank list:[4686 4685 1511 1050 4683 4703 4702 4697 1510  224 1513 4696 4687 4682
 4698 4704 4681 4688 4705  294  818]
2022-05-28 15:00:28,764-INFO:context:{3000};rank list:[  82   80  222  292 1047 3178  244  326  240  289 1511  290   30 1045
 1052 1448 1296 1510  242   14 4193]
2022-05-28 15:00:28,764-INFO:context:{1458};rank list:[1457 1455 1454 1456  646  624   12  235  290 1509  600 3202 3085  321
 3087 1511 1842 1392 1448 4204 2133]
2022-05-28 15:00:28,765-INFO:context:{1374};rank list:[ 898   17   66   69  173  997 1724  899  224  303   28 1723 2979   60
 2796 4712   20   59 1332 1003  950]
2022-05-28 15:00:28,765-INFO:context:{1458};rank list:[1457 1455 1454 1456  646  624   12  235  290 1509  600 3202 3085  321
 3087 1511 1842 1392 1448 4204 2133]
2022-05-28 15:00:28,765-INFO:context:{74};rank list:[   5  224   76   80  680   78 1464  608   69   59   82  170  654 2107
  470  511  231   66  190  911  236]
2022-05-28 15:00:28,765-INFO:context:{17};rank list:[ 99  69  66  28 190   5  20 284 189  29 214 303  14  30  59  43 224  26
  60  88  87]
2022-05-28 15:00:28,765-INFO:context:{148};rank list:[  25   21  295  298   14   30   23  326  149 1578   69    5   66   59
   26   88  339   87  224   60  911]
2022-05-28 15:00:28,765-INFO:context:{5};rank list:[ 224  470  426   66   43 5182 5183  169  198   69 1094   59   74   99
   78  170   30   80   14  195  347]
2022-05-28 15:00:28,765-INFO:context:{1944};rank list:[1945 1946 1947  264  263 2855 2876 4816 4815 5260 3637 4657 5258 2857
 4650 5256 5259 4647 4648 5261 5273]
2022-05-28 15:00:28,766-INFO:context:{17};rank list:[ 99  69  66  28 190   5  20 284 189  29 214 303  14  30  59  43 224  26
  60  88  87]
2022-05-28 15:00:28,766-INFO:context:{66};rank list:[  69   59    5   99  198  195   60  224   17  349  347  426  190  214
 1094 5182 5183  169  173  254 4935]
2022-05-28 15:00:28,766-INFO:context:{1483};rank list:[ 291 2129  222  240 1050  292   80  224 1448   82  617 1510   12  169
 1045 1511 1882 1296  293 2130 1647]
2022-05-28 15:00:28,766-INFO:context:{1385};rank list:[  80 1510   66   69  618  254   43  617  615 1511 2394 4494  470 2391
 3397 3399 4497 3396 3394 3395 3400]
2022-05-28 15:00:28,766-INFO:context:{66};rank list:[  69   59    5   99  198  195   60  224   17  349  347  426  190  214
 1094 5182 5183  169  173  254 4935]
2022-05-28 15:00:28,766-INFO:context:{66};rank list:[  69   59    5   99  198  195   60  224   17  349  347  426  190  214
 1094 5182 5183  169  173  254 4935]
2022-05-28 15:00:28,766-INFO:context:{1961};rank list:[  15 1962 1960  423  613 3305  239  291  292 3320  294   99 1957  224
  237    5 1431 2630 3109 4310  213]
2022-05-28 15:00:28,766-INFO:context:{214};rank list:[190 299 189 807  69  99  66  60   5  59 254  17 250 252 300 871  89  88
  83  28  87]
2022-05-28 15:00:28,766-INFO:context:{1961};rank list:[  15 1962 1960  423  613 3305  239  291  292 3320  294   99 1957  224
  237    5 1431 2630 3109 4310  213]
2022-05-28 15:00:28,767-INFO:context:{1482};rank list:[ 160   14  222  237   16  326  290   13    5   59 3088  826 1407   30
  670  170  291 3879   65 4841 3880]
2022-05-28 15:00:28,767-INFO:context:{206};rank list:[ 286   17  285  252 1647 1646   43  680  287   99    5 1648  284   25
  222   80   85   66 1882   60   82]
2022-05-28 15:00:28,767-INFO:context:{66};rank list:[  69   59    5   99  198  195   60  224   17  349  347  426  190  214
 1094 5182 5183  169  173  254 4935]
2022-05-28 15:00:28,767-INFO:context:{66};rank list:[  69   59    5   99  198  195   60  224   17  349  347  426  190  214
 1094 5182 5183  169  173  254 4935]
2022-05-28 15:00:28,767-INFO:context:{66};rank list:[  69   59    5   99  198  195   60  224   17  349  347  426  190  214
 1094 5182 5183  169  173  254 4935]
2022-05-28 15:00:28,767-INFO:context:{173};rank list:[  99   66   69  303   26   20  232  193  185   64   27  671   17   60
  169  537   59   29  184   30 4866]
2022-05-28 15:00:28,767-INFO:context:{4867};rank list:[4866  537  173  246  303    5 5189 5264 3347 4545 1687 3270 5183 3302
 4546 1386  611 2923 1623 4101 3082]
2022-05-28 15:00:28,768-INFO:context:{4867};rank list:[4866  537  173  246  303    5 5189 5264 3347 4545 1687 3270 5183 3302
 4546 1386  611 2923 1623 4101 3082]
2022-05-28 15:00:28,768-INFO:context:{66};rank list:[  69   59    5   99  198  195   60  224   17  349  347  426  190  214
 1094 5182 5183  169  173  254 4935]
2022-05-28 15:00:28,768-INFO:context:{66};rank list:[  69   59    5   99  198  195   60  224   17  349  347  426  190  214
 1094 5182 5183  169  173  254 4935]
2022-05-28 15:00:28,768-INFO:context:{66};rank list:[  69   59    5   99  198  195   60  224   17  349  347  426  190  214
 1094 5182 5183  169  173  254 4935]
2022-05-28 15:00:28,768-INFO:context:{66};rank list:[  69   59    5   99  198  195   60  224   17  349  347  426  190  214
 1094 5182 5183  169  173  254 4935]
2022-05-28 15:00:28,768-INFO:context:{66};rank list:[  69   59    5   99  198  195   60  224   17  349  347  426  190  214
 1094 5182 5183  169  173  254 4935]
2022-05-28 15:00:28,768-INFO:context:{4867};rank list:[4866  537  173  246  303    5 5189 5264 3347 4545 1687 3270 5183 3302
 4546 1386  611 2923 1623 4101 3082]
2022-05-28 15:00:28,768-INFO:context:{4867};rank list:[4866  537  173  246  303    5 5189 5264 3347 4545 1687 3270 5183 3302
 4546 1386  611 2923 1623 4101 3082]
2022-05-28 15:00:28,768-INFO:context:{4868};rank list:[ 276 3775 5110 1592 4360 3774 5111 4946  870 4358 4945 4941 2817 4917
 5150 4942 5148 4943 4916 2818 1595]
2022-05-28 15:00:28,769-INFO:context:{4868};rank list:[ 276 3775 5110 1592 4360 3774 5111 4946  870 4358 4945 4941 2817 4917
 5150 4942 5148 4943 4916 2818 1595]
2022-05-28 15:00:28,769-INFO:context:{4906};rank list:[4914 4915 4908 4911 4909 4907 4913 4910 4912 1794 4905 1795 4903 1797
 4904 1798 1796 1012 1821 1822 1820]
2022-05-28 15:00:28,769-INFO:context:{4307};rank list:[ 608 2186 1958 4308   71 2174 1692   76  614   14  326   81    5  616
 2002 1437  286 4562 1467 3553  299]
2022-05-28 15:00:28,769-INFO:context:{4923};rank list:[1593 5226 1597 5151 2809 5152 5154 1590 5149 1598 4919 4916 1587 1595
 5146 5148 2815 4924 5150 5153 5231]
2022-05-28 15:00:28,769-INFO:context:{4906};rank list:[4914 4915 4908 4911 4909 4907 4913 4910 4912 1794 4905 1795 4903 1797
 4904 1798 1796 1012 1821 1822 1820]
2022-05-28 15:00:28,769-INFO:context:{4941};rank list:[4946 4942 4945 4943 4944 2817 3774 3775 5111 2820 2819 4358 5150 5110
 5148 5152 4916 3330  870 1592 1593]
2022-05-28 15:00:28,769-INFO:context:{4822};rank list:[4826 4831 4829 4833 4828 4823 4827  906 4825  903 4824 4830 4832 4255
  215  288  235 4519 4520 4525 4524]
2022-05-28 15:00:28,769-INFO:context:{224};rank list:[   5  200  198   66   69  346   43   80  470  203   14   99   30  197
  349  202  347   74 3619  357  326]
2022-05-28 15:00:28,770-INFO:context:{670};rank list:[ 30  14 326   5 224 728 160  66 221 226  69 261 245  65  78 511 185  20
  17  64 809]
2022-05-28 15:00:28,770-INFO:context:{283};rank list:[  26   25   23   27  232   21  173   20  148 2984  662  664 2985 2918
  595  597 1202 2131  663  149   29]
2022-05-28 15:00:28,770-INFO:context:{224};rank list:[   5  200  198   66   69  346   43   80  470  203   14   99   30  197
  349  202  347   74 3619  357  326]
2022-05-28 15:00:28,770-INFO:context:{224};rank list:[   5  200  198   66   69  346   43   80  470  203   14   99   30  197
  349  202  347   74 3619  357  326]
2022-05-28 15:00:28,770-INFO:context:{224};rank list:[   5  200  198   66   69  346   43   80  470  203   14   99   30  197
  349  202  347   74 3619  357  326]
2022-05-28 15:00:28,770-INFO:context:{224};rank list:[   5  200  198   66   69  346   43   80  470  203   14   99   30  197
  349  202  347   74 3619  357  326]
2022-05-28 15:00:28,770-INFO:context:{5103};rank list:[5104 4922 2821 4268 1969 4869 3772 4357 4309 4300 4312 1968 3871 3870
 2212 2213  637  636  643 3801 5101]
2022-05-28 15:00:28,770-INFO:context:{5085};rank list:[5089 5087 5088 5086   26 3743 3738 2411 2392 4499 3744 3740 4859 4858
 3241 3400 2491 2418 3228 2442 2463]
2022-05-28 15:00:28,771-INFO:context:{1961};rank list:[  15 1962 1960  423  613 3305  239  291  292 3320  294   99 1957  224
  237    5 1431 2630 3109 4310  213]
2022-05-28 15:00:28,771-INFO:context:{671};rank list:[   5  595   20  594   30  148   17 2022   21  592   14   28  173  597
  224 4964  234  233  828 4963  326]
2022-05-28 15:00:28,771-INFO:context:{2879};rank list:[ 224    5  470   74  222  240   12   80 3000  289 1045   82 1448 4001
  279  278 1098  419 1378  343 3044]
2022-05-28 15:00:28,771-INFO:context:{197};rank list:[ 200  426  198  346  224  202  357  203 1094 2633  369  363    5  347
   66   69  366  672 4967   43 1095]
2022-05-28 15:00:28,771-INFO:context:{3025};rank list:[4108 4106 4107 3026  430  423 2048   43   74  284   85  169  503 4377
  210 3765  978  205 1550 2238 3298]
2022-05-28 15:00:28,771-INFO:context:{2997};rank list:[2999 2998  346    8 1520 1095 5107 1096  373  207  426 1093 4290 3548
  204 1654 1099  202 4936  349  873]
2022-05-28 15:00:28,771-INFO:context:{287};rank list:[ 285  206    5   43  423   15  288  286 1647 1327 1326 1329 1324 1325
  280  196   17  160  726   28   27]
2022-05-28 15:00:28,771-INFO:context:{670};rank list:[ 30  14 326   5 224 728 160  66 221 226  69 261 245  65  78 511 185  20
  17  64 809]
2022-05-28 15:00:28,771-INFO:context:{1697};rank list:[1706 1708 1704 1705 1707 1733 1702 1703 1701 1734 1735 1731 3647    5
 1732 3783 1698 2538  911 2539 1699]
2022-05-28 15:00:28,772-INFO:context:{5145};rank list:[5147 4948 1591 4296 4723 4918 1596 4722 4295 4303 5229 5228 5227 2815
 4304 5230 4305 4298 5231 1594 4297]
2022-05-28 15:00:28,772-INFO:context:{5152};rank list:[5153 4924 5154 1593 4923 5226 5150 2817 5231 5151 5146 1595 5228 4919
 5227 4916 5148 4917 5230 2820 2819]
2022-05-28 15:00:28,772-INFO:context:{5135};rank list:[5136 5137 5142 5140 5141 5143 5139 5138 1906  123    5  677 1251 1232
   59   60  624 5144 1004 1801 4656]
2022-05-28 15:00:28,772-INFO:context:{670};rank list:[ 30  14 326   5 224 728 160  66 221 226  69 261 245  65  78 511 185  20
  17  64 809]
2022-05-28 15:00:28,772-INFO:context:{214};rank list:[190 299 189 807  69  99  66  60   5  59 254  17 250 252 300 871  89  88
  83  28  87]
2022-05-28 15:00:28,772-INFO:context:{670};rank list:[ 30  14 326   5 224 728 160  66 221 226  69 261 245  65  78 511 185  20
  17  64 809]
2022-05-28 15:00:28,772-INFO:context:{798};rank list:[  28   30   66   14   17   29   20  170 3363 2139  249  190  214  189
    5   69  802  595 2199 2198  148]
2022-05-28 15:00:28,772-INFO:context:{17};rank list:[ 99  69  66  28 190   5  20 284 189  29 214 303  14  30  59  43 224  26
  60  88  87]
2022-05-28 15:00:28,773-INFO:context:{798};rank list:[  28   30   66   14   17   29   20  170 3363 2139  249  190  214  189
    5   69  802  595 2199 2198  148]
2022-05-28 15:00:28,773-INFO:context:{2203};rank list:[2205 2206  827 2204  148   25   21 2209    5 4183 4182  338 3268 4961
  879  335   37 4277 3739 2169   75]
2022-05-28 15:00:28,773-INFO:context:{2234};rank list:[2237 2238 2236 2232 2239 2227 2229 2235  224  189  190    5 5008  504
  978 2874  502 5012  977 2870 5007]
2022-05-28 15:00:28,773-INFO:context:{2240};rank list:[2242 2225 2228 2223 2232 2226 2229 2227 2230 2243 2231   60  190  189
    5 2251 2249 2250 2252 2224 2233]
2022-05-28 15:00:28,773-INFO:context:{5};rank list:[ 224  470  426   66   43 5182 5183  169  198   69 1094   59   74   99
   78  170   30   80   14  195  347]
2022-05-28 15:00:28,773-INFO:context:{2215};rank list:[2220 2219 2221 2217 2218 2222 2216 2247 5192 3855  493 5191  495 3852
  491  492 3857  497 2112 3861 5190]
2022-05-28 15:00:28,773-INFO:context:{2244};rank list:[1770 2246 2245  512   59 4724  982  983 3342   60  214  583 2253  537
   69  189  249    5   66   99   28]
2022-05-28 15:00:28,773-INFO:context:{5226};rank list:[5227 5154 4923 5153 1593 5152 5230 5228 5231 1595 4924 5229 5151 5146
 4919 4916 1598 5150 1590 4917 5148]
2022-05-28 15:00:28,774-INFO:context:{17};rank list:[ 99  69  66  28 190   5  20 284 189  29 214 303  14  30  59  43 224  26
  60  88  87]
2022-05-28 15:00:28,774-INFO:context:{66};rank list:[  69   59    5   99  198  195   60  224   17  349  347  426  190  214
 1094 5182 5183  169  173  254 4935]
2022-05-28 15:00:28,774-INFO:context:{2801};rank list:[3906 2808 3909 2810 2811 2812   99 2814    5 3945 2804 3943 2802 3942
 3944 3940 2198 3937 3938 2941 3946]
2022-05-28 15:00:28,774-INFO:context:{2817};rank list:[2820 2819 4945 5152 3774 4358 4946 5154 4944 2818 4942 5153 4924 1593
 4943 4941 5150 5231 3775 4923  372]
2022-05-28 15:00:28,774-INFO:context:{163};rank list:[  99    5  913   26  224   20   69   31   17   66  214  779  160  425
  423  189  828  235  970  537 1646]
2022-05-28 15:00:28,774-INFO:context:{5};rank list:[ 224  470  426   66   43 5182 5183  169  198   69 1094   59   74   99
   78  170   30   80   14  195  347]
2022-05-28 15:00:28,774-INFO:context:{670};rank list:[ 30  14 326   5 224 728 160  66 221 226  69 261 245  65  78 511 185  20
  17  64 809]
2022-05-28 15:00:28,774-INFO:context:{3276};rank list:[3277 3275 1947  264  266   99 3273 5276 5266 5275 3272 4646 5278  996
  988 4472 1000  992 5267 4654  991]
2022-05-28 15:00:28,775-INFO:context:{266};rank list:[ 264  274  273 2513   66  263 3192 3196   69  249 3191 3198 2509   99
 3275 2510  224  827 3199 2512 3195]
2022-05-28 15:00:28,775-INFO:context:{1883};rank list:[ 233  234  828 1857 1847 3278 1993   78   99 1906   43 3325 2588  540
 3324 2556 2329 2347 2350 2172 4112]
2022-05-28 15:00:28,775-INFO:context:{17};rank list:[ 99  69  66  28 190   5  20 284 189  29 214 303  14  30  59  43 224  26
  60  88  87]
2022-05-28 15:00:28,775-INFO:context:{224};rank list:[   5  200  198   66   69  346   43   80  470  203   14   99   30  197
  349  202  347   74 3619  357  326]
2022-05-28 15:00:28,775-INFO:context:{1483};rank list:[ 291 2129  222  240 1050  292   80  224 1448   82  617 1510   12  169
 1045 1511 1882 1296  293 2130 1647]
2022-05-28 15:00:28,775-INFO:context:{178};rank list:[  15  177  181  183  179  180 2886 1528  182  911 4669   25  224 1202
 2913  176 4555 4672  295  239  229]
2022-05-28 15:00:28,775-INFO:context:{670};rank list:[ 30  14 326   5 224 728 160  66 221 226  69 261 245  65  78 511 185  20
  17  64 809]
2022-05-28 15:00:28,775-INFO:context:{66};rank list:[  69   59    5   99  198  195   60  224   17  349  347  426  190  214
 1094 5182 5183  169  173  254 4935]
2022-05-28 15:00:28,776-INFO:context:{813};rank list:[ 820  282  818 2141 2477  814   16  232 2634  815 2979  816  511  148
   65  819   25  817  185    8   43]
2022-05-28 15:00:28,776-INFO:context:{813};rank list:[ 820  282  818 2141 2477  814   16  232 2634  815 2979  816  511  148
   65  819   25  817  185    8   43]
2022-05-28 15:00:28,776-INFO:context:{1437};rank list:[ 250  254  251 1438 1441 1444 1443 1442 1494 1433 1439 1422    5  532
 1440 1421 1425 1418  885 1495  818]
2022-05-28 15:00:28,776-INFO:context:{1433};rank list:[1442 1422 1438 1441 1495 1500 1490 1503 1493 1437  250  251  254    5
 1501 1494 1502 1444 1496 1443 1491]
2022-05-28 15:00:28,776-INFO:context:{621};rank list:[   5 1430 1413 1428 1411 1410 1416 1422 1449 1429 1407 1415  237  805
 4719 4718 1419 3370 3313 3314 3382]
2022-05-28 15:00:28,776-INFO:context:{670};rank list:[ 30  14 326   5 224 728 160  66 221 226  69 261 245  65  78 511 185  20
  17  64 809]
2022-05-28 15:00:28,776-INFO:context:{3417};rank list:[3419 3418 4864 4863 4861 4862 4865 4860 5101 1588 1589 4947  277 2816
 2807 2818  276 4299 4918 1591 4297]
2022-05-28 15:00:28,776-INFO:context:{3411};rank list:[3412 3410 3414 2022 3413 1787  616  597  594  595  193 1967   27  284
   20  671   66   26   60   80   69]
2022-05-28 15:00:28,776-INFO:context:{66};rank list:[  69   59    5   99  198  195   60  224   17  349  347  426  190  214
 1094 5182 5183  169  173  254 4935]
2022-05-28 15:00:28,777-INFO:context:{66};rank list:[  69   59    5   99  198  195   60  224   17  349  347  426  190  214
 1094 5182 5183  169  173  254 4935]
2022-05-28 15:00:28,777-INFO:context:{66};rank list:[  69   59    5   99  198  195   60  224   17  349  347  426  190  214
 1094 5182 5183  169  173  254 4935]
2022-05-28 15:00:28,777-INFO:context:{224};rank list:[   5  200  198   66   69  346   43   80  470  203   14   99   30  197
  349  202  347   74 3619  357  326]
2022-05-28 15:00:28,777-INFO:context:{2130};rank list:[ 224  617  237   80 1381   82 1483   78   29 3364   59 3365 3367 3366
    7    1    0 1534  291 1050  676]
2022-05-28 15:00:28,777-INFO:context:{802};rank list:[ 595  597  592   69  798  254  250   20   29  511   28   30   66   14
  174  224  252  194 1646  206  286]
2022-05-28 15:00:28,777-INFO:context:{1716};rank list:[   5 1717 3648 3649 3795 3800 1415 3650 3794 3785 3790 3789 3799 3319
 3792 3788 3797  799 3787 3786 3791]
2022-05-28 15:00:28,777-INFO:test end time: 53.05203151702881s
2022-05-28 15:00:28,779-INFO:----------------------result@1--------------------------
2022-05-28 15:00:28,779-INFO:success rate at method level 0.525714
2022-05-28 15:00:28,779-INFO:mean precision:0.525714, mean recall:0.081978
2022-05-28 15:00:28,780-INFO:**********************************************************
2022-05-28 15:00:28,780-INFO:success rate at project level 0.482257
2022-05-28 15:00:28,780-INFO:mean precision:0.482257, mean recall:0.071166
2022-05-28 15:00:28,780-WARNING:method level => top 1 : best suc 0.525714, best pre 0.525714,  best recall 0.081978
2022-05-28 15:00:28,780-WARNING:project level => top 1 : best suc 0.482257, best pre 0.482257,  best recall 0.071166
2022-05-28 15:00:28,781-INFO:----------------------result@2--------------------------
2022-05-28 15:00:28,781-INFO:success rate at method level 0.662857
2022-05-28 15:00:28,781-INFO:mean precision:0.451429, mean recall:0.133821
2022-05-28 15:00:28,782-INFO:**********************************************************
2022-05-28 15:00:28,782-INFO:success rate at project level 0.615193
2022-05-28 15:00:28,782-INFO:mean precision:0.427258, mean recall:0.120359
2022-05-28 15:00:28,783-WARNING:method level => top 2 : best suc 0.662857, best pre 0.451429,  best recall 0.133821
2022-05-28 15:00:28,783-WARNING:project level => top 2 : best suc 0.615193, best pre 0.427258,  best recall 0.120359
2022-05-28 15:00:28,784-INFO:----------------------result@3--------------------------
2022-05-28 15:00:28,784-INFO:success rate at method level 0.708571
2022-05-28 15:00:28,784-INFO:mean precision:0.388571, mean recall:0.170106
2022-05-28 15:00:28,785-INFO:**********************************************************
2022-05-28 15:00:28,785-INFO:success rate at project level 0.660819
2022-05-28 15:00:28,785-INFO:mean precision:0.360652, mean recall:0.151469
2022-05-28 15:00:28,785-WARNING:method level => top 3 : best suc 0.708571, best pre 0.388571,  best recall 0.170106
2022-05-28 15:00:28,785-WARNING:project level => top 3 : best suc 0.660819, best pre 0.360652,  best recall 0.151469
2022-05-28 15:00:28,786-INFO:----------------------result@4--------------------------
2022-05-28 15:00:28,786-INFO:success rate at method level 0.748571
2022-05-28 15:00:28,786-INFO:mean precision:0.352857, mean recall:0.205947
2022-05-28 15:00:28,787-INFO:**********************************************************
2022-05-28 15:00:28,787-INFO:success rate at project level 0.719403
2022-05-28 15:00:28,787-INFO:mean precision:0.325448, mean recall:0.182608
2022-05-28 15:00:28,788-WARNING:method level => top 4 : best suc 0.748571, best pre 0.352857,  best recall 0.205947
2022-05-28 15:00:28,788-WARNING:project level => top 4 : best suc 0.719403, best pre 0.325448,  best recall 0.182608
2022-05-28 15:00:28,789-INFO:----------------------result@5--------------------------
2022-05-28 15:00:28,789-INFO:success rate at method level 0.771429
2022-05-28 15:00:28,789-INFO:mean precision:0.330286, mean recall:0.236673
2022-05-28 15:00:28,790-INFO:**********************************************************
2022-05-28 15:00:28,790-INFO:success rate at project level 0.732665
2022-05-28 15:00:28,790-INFO:mean precision:0.306071, mean recall:0.209624
2022-05-28 15:00:28,790-WARNING:method level => top 5 : best suc 0.771429, best pre 0.330286,  best recall 0.236673
2022-05-28 15:00:28,790-WARNING:project level => top 5 : best suc 0.732665, best pre 0.306071,  best recall 0.209624
2022-05-28 15:00:28,791-INFO:----------------------result@6--------------------------
2022-05-28 15:00:28,791-INFO:success rate at method level 0.788571
2022-05-28 15:00:28,791-INFO:mean precision:0.297143, mean recall:0.252133
2022-05-28 15:00:28,792-INFO:**********************************************************
2022-05-28 15:00:28,792-INFO:success rate at project level 0.772139
2022-05-28 15:00:28,792-INFO:mean precision:0.286945, mean recall:0.232347
2022-05-28 15:00:28,792-WARNING:method level => top 6 : best suc 0.788571, best pre 0.297143,  best recall 0.252133
2022-05-28 15:00:28,793-WARNING:project level => top 6 : best suc 0.772139, best pre 0.286945,  best recall 0.232347
2022-05-28 15:00:28,793-INFO:----------------------result@7--------------------------
2022-05-28 15:00:28,794-INFO:success rate at method level 0.800000
2022-05-28 15:00:28,794-INFO:mean precision:0.274286, mean recall:0.266778
2022-05-28 15:00:28,795-INFO:**********************************************************
2022-05-28 15:00:28,795-INFO:success rate at project level 0.777987
2022-05-28 15:00:28,795-INFO:mean precision:0.269427, mean recall:0.249696
2022-05-28 15:00:28,795-WARNING:method level => top 7 : best suc 0.800000, best pre 0.274286,  best recall 0.266778
2022-05-28 15:00:28,795-WARNING:project level => top 7 : best suc 0.777987, best pre 0.269427,  best recall 0.249696
2022-05-28 15:00:28,796-INFO:----------------------result@8--------------------------
2022-05-28 15:00:28,796-INFO:success rate at method level 0.805714
2022-05-28 15:00:28,796-INFO:mean precision:0.254286, mean recall:0.278249
2022-05-28 15:00:28,797-INFO:**********************************************************
2022-05-28 15:00:28,797-INFO:success rate at project level 0.780180
2022-05-28 15:00:28,797-INFO:mean precision:0.251918, mean recall:0.262469
2022-05-28 15:00:28,797-WARNING:method level => top 8 : best suc 0.805714, best pre 0.254286,  best recall 0.278249
2022-05-28 15:00:28,797-WARNING:project level => top 8 : best suc 0.780180, best pre 0.251918,  best recall 0.262469
2022-05-28 15:00:28,798-INFO:----------------------result@9--------------------------
2022-05-28 15:00:28,798-INFO:success rate at method level 0.822857
2022-05-28 15:00:28,798-INFO:mean precision:0.243810, mean recall:0.296227
2022-05-28 15:00:28,799-INFO:**********************************************************
2022-05-28 15:00:28,800-INFO:success rate at project level 0.800856
2022-05-28 15:00:28,800-INFO:mean precision:0.243747, mean recall:0.282349
2022-05-28 15:00:28,800-WARNING:method level => top 9 : best suc 0.822857, best pre 0.243810,  best recall 0.296227
2022-05-28 15:00:28,800-WARNING:project level => top 9 : best suc 0.800856, best pre 0.243747,  best recall 0.282349
2022-05-28 15:00:28,801-INFO:----------------------result@10--------------------------
2022-05-28 15:00:28,801-INFO:success rate at method level 0.822857
2022-05-28 15:00:28,801-INFO:mean precision:0.229143, mean recall:0.306056
2022-05-28 15:00:28,802-INFO:**********************************************************
2022-05-28 15:00:28,802-INFO:success rate at project level 0.800856
2022-05-28 15:00:28,802-INFO:mean precision:0.229174, mean recall:0.292804
2022-05-28 15:00:28,802-WARNING:method level => top 10 : best suc 0.822857, best pre 0.229143,  best recall 0.306056
2022-05-28 15:00:28,802-WARNING:project level => top 10 : best suc 0.800856, best pre 0.229174,  best recall 0.292804
2022-05-28 15:00:28,803-INFO:----------------------result@11--------------------------
2022-05-28 15:00:28,803-INFO:success rate at method level 0.822857
2022-05-28 15:00:28,803-INFO:mean precision:0.214026, mean recall:0.311751
2022-05-28 15:00:28,804-INFO:**********************************************************
2022-05-28 15:00:28,804-INFO:success rate at project level 0.800856
2022-05-28 15:00:28,804-INFO:mean precision:0.214885, mean recall:0.299268
2022-05-28 15:00:28,805-WARNING:method level => top 11 : best suc 0.822857, best pre 0.214026,  best recall 0.311751
2022-05-28 15:00:28,805-WARNING:project level => top 11 : best suc 0.800856, best pre 0.214885,  best recall 0.299268
2022-05-28 15:00:28,806-INFO:----------------------result@12--------------------------
2022-05-28 15:00:28,806-INFO:success rate at method level 0.822857
2022-05-28 15:00:28,806-INFO:mean precision:0.204762, mean recall:0.321481
2022-05-28 15:00:28,807-INFO:**********************************************************
2022-05-28 15:00:28,807-INFO:success rate at project level 0.800856
2022-05-28 15:00:28,807-INFO:mean precision:0.206574, mean recall:0.311109
2022-05-28 15:00:28,807-WARNING:method level => top 12 : best suc 0.822857, best pre 0.204762,  best recall 0.321481
2022-05-28 15:00:28,807-WARNING:project level => top 12 : best suc 0.800856, best pre 0.206574,  best recall 0.311109
2022-05-28 15:00:28,808-INFO:----------------------result@13--------------------------
2022-05-28 15:00:28,808-INFO:success rate at method level 0.828571
2022-05-28 15:00:28,808-INFO:mean precision:0.200000, mean recall:0.338527
2022-05-28 15:00:28,809-INFO:**********************************************************
2022-05-28 15:00:28,809-INFO:success rate at project level 0.803049
2022-05-28 15:00:28,809-INFO:mean precision:0.198898, mean recall:0.322165
2022-05-28 15:00:28,809-WARNING:method level => top 13 : best suc 0.828571, best pre 0.200000,  best recall 0.338527
2022-05-28 15:00:28,809-WARNING:project level => top 13 : best suc 0.803049, best pre 0.198898,  best recall 0.322165
2022-05-28 15:00:28,810-INFO:----------------------result@14--------------------------
2022-05-28 15:00:28,811-INFO:success rate at method level 0.834286
2022-05-28 15:00:28,811-INFO:mean precision:0.192245, mean recall:0.352118
2022-05-28 15:00:28,811-INFO:**********************************************************
2022-05-28 15:00:28,812-INFO:success rate at project level 0.816207
2022-05-28 15:00:28,812-INFO:mean precision:0.192205, mean recall:0.337433
2022-05-28 15:00:28,812-WARNING:method level => top 14 : best suc 0.834286, best pre 0.192245,  best recall 0.352118
2022-05-28 15:00:28,812-WARNING:project level => top 14 : best suc 0.816207, best pre 0.192205,  best recall 0.337433
2022-05-28 15:00:28,813-INFO:----------------------result@15--------------------------
2022-05-28 15:00:28,813-INFO:success rate at method level 0.834286
2022-05-28 15:00:28,813-INFO:mean precision:0.182476, mean recall:0.356095
2022-05-28 15:00:28,814-INFO:**********************************************************
2022-05-28 15:00:28,814-INFO:success rate at project level 0.816207
2022-05-28 15:00:28,814-INFO:mean precision:0.182158, mean recall:0.341687
2022-05-28 15:00:28,814-WARNING:method level => top 15 : best suc 0.834286, best pre 0.182476,  best recall 0.356095
2022-05-28 15:00:28,814-WARNING:project level => top 15 : best suc 0.816207, best pre 0.182158,  best recall 0.341687
2022-05-28 15:00:28,815-INFO:----------------------result@16--------------------------
2022-05-28 15:00:28,815-INFO:success rate at method level 0.845714
2022-05-28 15:00:28,815-INFO:mean precision:0.174643, mean recall:0.363733
2022-05-28 15:00:28,816-INFO:**********************************************************
2022-05-28 15:00:28,816-INFO:success rate at project level 0.822786
2022-05-28 15:00:28,817-INFO:mean precision:0.173947, mean recall:0.347569
2022-05-28 15:00:28,817-WARNING:method level => top 16 : best suc 0.845714, best pre 0.174643,  best recall 0.363733
2022-05-28 15:00:28,817-WARNING:project level => top 16 : best suc 0.822786, best pre 0.173947,  best recall 0.347569
2022-05-28 15:00:28,818-INFO:----------------------result@17--------------------------
2022-05-28 15:00:28,818-INFO:success rate at method level 0.845714
2022-05-28 15:00:28,818-INFO:mean precision:0.167731, mean recall:0.368141
2022-05-28 15:00:28,819-INFO:**********************************************************
2022-05-28 15:00:28,819-INFO:success rate at project level 0.822786
2022-05-28 15:00:28,819-INFO:mean precision:0.167176, mean recall:0.352398
2022-05-28 15:00:28,819-WARNING:method level => top 17 : best suc 0.845714, best pre 0.167731,  best recall 0.368141
2022-05-28 15:00:28,819-WARNING:project level => top 17 : best suc 0.822786, best pre 0.167176,  best recall 0.352398
2022-05-28 15:00:28,820-INFO:----------------------result@18--------------------------
2022-05-28 15:00:28,820-INFO:success rate at method level 0.862857
2022-05-28 15:00:28,820-INFO:mean precision:0.160635, mean recall:0.373527
2022-05-28 15:00:28,821-INFO:**********************************************************
2022-05-28 15:00:28,821-INFO:success rate at project level 0.838868
2022-05-28 15:00:28,821-INFO:mean precision:0.159491, mean recall:0.356099
2022-05-28 15:00:28,821-WARNING:method level => top 18 : best suc 0.862857, best pre 0.160635,  best recall 0.373527
2022-05-28 15:00:28,822-WARNING:project level => top 18 : best suc 0.838868, best pre 0.159491,  best recall 0.356099
2022-05-28 15:00:28,823-INFO:----------------------result@19--------------------------
2022-05-28 15:00:28,823-INFO:success rate at method level 0.862857
2022-05-28 15:00:28,823-INFO:mean precision:0.156090, mean recall:0.381257
2022-05-28 15:00:28,824-INFO:**********************************************************
2022-05-28 15:00:28,824-INFO:success rate at project level 0.838868
2022-05-28 15:00:28,824-INFO:mean precision:0.155236, mean recall:0.362307
2022-05-28 15:00:28,824-WARNING:method level => top 19 : best suc 0.862857, best pre 0.156090,  best recall 0.381257
2022-05-28 15:00:28,824-WARNING:project level => top 19 : best suc 0.838868, best pre 0.155236,  best recall 0.362307
2022-05-28 15:00:28,825-INFO:----------------------result@20--------------------------
2022-05-28 15:00:28,825-INFO:success rate at method level 0.862857
2022-05-28 15:00:28,825-INFO:mean precision:0.151429, mean recall:0.388320
2022-05-28 15:00:28,826-INFO:**********************************************************
2022-05-28 15:00:28,826-INFO:success rate at project level 0.838868
2022-05-28 15:00:28,826-INFO:mean precision:0.151677, mean recall:0.374475
2022-05-28 15:00:28,826-WARNING:method level => top 20 : best suc 0.862857, best pre 0.151429,  best recall 0.388320
2022-05-28 15:00:28,826-WARNING:project level => top 20 : best suc 0.838868, best pre 0.151677,  best recall 0.374475
2022-05-28 15:00:28,836-INFO:MAP: 0.251830
