文件夹:java
文件夹:ThreadPoolExecutorDemo
文件夹:.idea
文件夹:out
文件夹:production
文件夹:ThreadPoolExecutorDemo
文件夹:callable
文件名:CallableDemo.class
文件名:MyCallable.class
文件夹:common
文件名:ThreadPoolConstants.class
文件夹:META-INF
文件名:ThreadPoolExecutorDemo.kotlin_module
文件夹:scheduledThreadPoolExecutor
文件名:ScheduledThreadPoolExecutorDemo.class
文件名:Task.class
文件夹:threadPoolExecutor
文件名:MyRunnable.class
文件名:ThreadPoolExecutorDemo.class
文件夹:src
文件夹:callable
文件名:CallableDemo.java
文件名:MyCallable.java
文件夹:common
文件名:ThreadPoolConstants.java
Empty
文件夹:threadPoolExecutor
文件名:MyRunnable.java
文件名:ThreadPoolExecutorDemo.java
文件名:ThreadPoolExecutorDemo.iml
key=CallableDemo.main;value=ThreadPoolExecutor.<init>;ArrayBlockingQueue.<init>;ArrayList.<init>;ThreadPoolExecutor.submit;List<Future<String>>.add;Future<String>.get;Date.<init>;ThreadPoolExecutor.shutdown;
key=ThreadPoolExecutorDemo.main;value=ThreadPoolExecutor.<init>;ArrayBlockingQueue.<init>;ThreadPoolExecutor.execute;ThreadPoolExecutor.shutdown;ThreadPoolExecutor.isTerminated;
key=MyRunnable.processCommand;value=Thread.sleep;
key=MyRunnable.run;value=Date.<init>;Thread.currentThread;
key=MyCallable.call;value=Thread.sleep;Thread.currentThread;
api count:12
ThreadPoolExecutor.<init> ArrayBlockingQueue.<init> ArrayList.<init> ThreadPoolExecutor.submit List<Future<String>>.add Future<String>.get Date.<init> ThreadPoolExecutor.shutdown Thread.sleep Thread.currentThread ThreadPoolExecutor.execute ThreadPoolExecutor.isTerminated 
[0, 2, 1, 1, 1, 1, 1, 2, 0, 0, 1, 1]
[2, 0, 1, 1, 1, 1, 1, 2, 0, 0, 1, 1]
[1, 1, 0, 1, 1, 1, 1, 1, 0, 0, 0, 0]
[1, 1, 1, 0, 1, 1, 1, 1, 0, 0, 0, 0]
[1, 1, 1, 1, 0, 1, 1, 1, 0, 0, 0, 0]
[1, 1, 1, 1, 1, 0, 1, 1, 0, 0, 0, 0]
[1, 1, 1, 1, 1, 1, 0, 1, 0, 1, 0, 0]
[2, 2, 1, 1, 1, 1, 1, 0, 0, 0, 1, 1]
[0, 0, 0, 0, 0, 0, 0, 0, 0, 1, 0, 0]
[0, 0, 0, 0, 0, 0, 1, 0, 1, 0, 0, 0]
[1, 1, 0, 0, 0, 0, 0, 1, 0, 0, 0, 1]
[1, 1, 0, 0, 0, 0, 0, 1, 0, 0, 1, 0]
保存成功！路径：dots/1597929061610.dot
dot path:dots/1597929061610.dot
png path:pngs/1597929061610.png
