文件名:.classpath
文件名:.project
文件夹:data
文件名:iris.txt
文件名:test.txt
文件名:train.txt
文件夹:pictures
文件名:BP.png
文件名:BPNN.png
文件名:Node.png
文件名:README.md
文件夹:src
文件夹:com
文件夹:jingchen
文件夹:ann
文件名:AnnClassifier.java
DataNode.getAttribList AnnClassifier.forward CONTROL.FOR CONTROL.IF List<NetworkNode>.get mOutputNodes.get(i).getForwardOutputValue List<NetworkNode>.get mOutputNodes.get(i).getForwardOutputValue
List<NetworkNode>.clear List<NetworkNode>.clear List<NetworkNode>.clear CONTROL.FOR NetworkNode.<init> List<NetworkNode>.add CONTROL.FOR NetworkNode.<init> List<NetworkNode>.add CONTROL.FOR NetworkNode.<init> List<NetworkNode>.add CONTROL.FOR CONTROL.FOR Math.random float.cast CONTROL.FOR CONTROL.FOR Math.random float.cast
AnnClassifier.reset CONTROL.FOR CONTROL.FOR List<DataNode>.size List<DataNode>.get trainNodes.get(j).getAttribList AnnClassifier.forward List<DataNode>.get trainNodes.get(j).getType AnnClassifier.backward AnnClassifier.updateWeights
CONTROL.FOR CONTROL.IF List<NetworkNode>.get mOutputNodes.get(j).setBackwardInputValue List<NetworkNode>.get mOutputNodes.get(j).getForwardOutputValue CONTROL.FOR CONTROL.FOR List<NetworkNode>.get mOutputNodes.get(k).getBackwardOutputValue List<NetworkNode>.get mHiddenNodes.get(j).setBackwardInputValue
CONTROL.FOR List<Float>.size List<Float>.get List<NetworkNode>.get mInputNodes.get(k).setForwardInputValue CONTROL.FOR CONTROL.FOR List<NetworkNode>.get mInputNodes.get(k).getForwardOutputValue List<NetworkNode>.get mHiddenNodes.get(j).setForwardInputValue CONTROL.FOR CONTROL.FOR List<NetworkNode>.get mHiddenNodes.get(k).getForwardOutputValue List<NetworkNode>.get mOutputNodes.get(j).setForwardInputValue
CONTROL.FOR CONTROL.FOR List<NetworkNode>.get mInputNodes.get(i).getForwardOutputValue List<NetworkNode>.get mHiddenNodes.get(j).getBackwardOutputValue CONTROL.FOR CONTROL.FOR List<NetworkNode>.get mHiddenNodes.get(i).getForwardOutputValue List<NetworkNode>.get mOutputNodes.get(j).getBackwardOutputValue
ArrayList<DataNode>.<init> ArrayList<NetworkNode>.<init> ArrayList<NetworkNode>.<init> ArrayList<NetworkNode>.<init>
文件名:DataNode.java
ArrayList<Float>.<init>
List<Float>.add
文件名:MainClass.java
CONTROL.IF ConsoleHelper.<init> ConsoleHelper.getArg ConsoleHelper.getArg ConsoleHelper.getArg ConsoleHelper.getArg ConsoleHelper.getArg ConsoleHelper.getArg DataUtil.getInstance DataUtil.getDataList DataUtil.getDataList File.<init> FileWriter.<init> BufferedWriter.<init> DataUtil.getTypeCount List<DataNode>.get trainList.get(0).getAttribList trainList.get(0).getAttribList().size AnnClassifier.<init> List<DataNode>.get trainList.get(0).getAttribList trainList.get(0).getAttribList().size AnnClassifier.setTrainNodes AnnClassifier.train CONTROL.FOR List<DataNode>.size List<DataNode>.get AnnClassifier.test DataNode.getAttribList CONTROL.FOR List<Float>.size List<Float>.get BufferedWriter.write BufferedWriter.flush DataUtil.getTypeName BufferedWriter.write BufferedWriter.flush BufferedWriter.close
文件名:NetworkNode.java
NetworkNode.backwardPropagate
NetworkNode.setBackwardOutputValue
NetworkNode.forwardSigmoid
NetworkNode.setForwardOutputValue
CONTROL.SWITCH NetworkNode.tanhSDerivative
Math.pow float.cast
Math.exp Math.exp Math.exp Math.exp float.cast
Math.exp float.cast
CONTROL.SWITCH NetworkNode.tanhS
文件夹:util
文件名:BioclipseManager.java
ArrayList<String>.<init> List<String>.add List<String>.add
CONTROL.IF VersionNumberComparator.compare BioclipseManager.version BioclipseManager.version e.getMessage
Pattern.matcher Pattern.matcher CONTROL.IF Matcher.matches Matcher.matches CONTROL.IF Matcher.matches CONTROL.IF Matcher.matches Matcher.groupCount Matcher.groupCount Math.max CONTROL.FOR CONTROL.IF CONTROL.IF Matcher.group Matcher.group CONTROL.IF Matcher.group Matcher.group String.compareTo CONTROL.IF Matcher.group Matcher.group CONTROL.IF Matcher.group Matcher.group Integer.parseInt Integer.parseInt CONTROL.IF CONTROL.IF
URL.<init> e.getMessage
BioclipseManager.createURL URL.openConnection CONTROL.IF CONTROL.FOR Map<String,String>.keySet Map<String,String>.get URLConnection.addRequestProperty CONTROL.IF URLConnection.addRequestProperty Paths.get URLConnection.getInputStream Files.copy CONTROL.IF exception.getMessage exception.getMessage().contains
BioclipseManager.downloadAsFile
BioclipseManager.downloadAsFile
StringBuffer.<init> BioclipseManager.createURL URL.openConnection CONTROL.IF URLConnection.addRequestProperty BufferedReader.<init> URLConnection.getInputStream InputStreamReader.<init> BufferedReader.readLine CONTROL.WHILE StringBuffer.append content.append(line).append BufferedReader.readLine StringBuffer.toString
BioclipseManager.download
HttpClientBuilder.create HttpClientBuilder.create().build ArrayList<NameValuePair>.<init> BasicNameValuePair.<init> List<NameValuePair>.add UrlEncodedFormEntity.<init> HttpPost.<init> HttpPost.setEntity HttpClient.execute HttpResponse.getStatusLine StatusLine.getStatusCode CONTROL.IF StatusLine.getReasonPhrase HttpResponse.getEntity ByteArrayOutputStream.<init> HttpEntity.writeTo ByteArrayOutputStream.flush ByteArrayOutputStream.toByteArray exception.getMessage exception.getMessage
CONTROL.IF BioclipseManager.isOnline
CONTROL.FOR URL.<init> URL.openConnection URLConnection.connect
文件名:ConsoleHelper.java
CONTROL.IF Map<String,String>.containsKey Map<String,String>.get Float.valueOf
CONTROL.IF Map<String,String>.containsKey Map<String,String>.get Integer.valueOf
CONTROL.IF Map<String,String>.containsKey Map<String,String>.get
HashMap<String,String>.<init> CONTROL.FOR Map<String,String>.put
文件名:DataUtil.java
ArrayList<DataNode>.<init> FileReader.<init> BufferedReader.<init> File.<init> CONTROL.WHILE BufferedReader.readLine String.split DataNode.<init> CONTROL.FOR Float.valueOf DataNode.addAttrib CONTROL.IF Map<String,Integer>.containsKey Map<String,Integer>.put Map<String,Integer>.get DataNode.setType List<DataNode>.add
CONTROL.IF String.<init> Map<String,Integer>.keySet mTypes.keySet().iterator CONTROL.WHILE Iterator<String>.hasNext Iterator<String>.next CONTROL.IF Map<String,Integer>.get
CONTROL.IF DataUtil.<init>
HashMap<String,Integer>.<init>
key=AnnClassifier.AnnClassifier;value=ArrayList.<init>;
key=BioclipseManager.downloadAsFile;value=
key=AnnClassifier.backward;value=List.get;
key=DataUtil.DataUtil;value=HashMap<String,Integer>.<init>;
key=AnnClassifier.test;value=List.get;
key=BioclipseManager.createURL;value=URL.<init>;
key=BioclipseManager.download;value=
key=ConsoleHelper.ConsoleHelper;value=HashMap<String,String>.<init>;Map<String,String>.put;
key=DataUtil.getTypeName;value=String.<init>;Map<String,Integer>.keySet;Iterator<String>.hasNext;Iterator<String>.next;Map<String,Integer>.get;
key=BioclipseManager.compare;value=Pattern.matcher;Matcher.matches;Matcher.groupCount;Math.max;Matcher.group;String.compareTo;Integer.parseInt;
key=DataNode.DataNode;value=ArrayList<Float>.<init>;
key=BioclipseManager.requireVersion;value=
key=NetworkNode.forwardSigmoid;value=
key=NetworkNode.tanhSDerivative;value=Math.pow;
key=AnnClassifier.forward;value=List<Float>.size;List<Float>.get;List.get;
key=DataUtil.getDataList;value=ArrayList.<init>;FileReader.<init>;BufferedReader.<init>;File.<init>;BufferedReader.readLine;String.split;Float.valueOf;Map<String,Integer>.containsKey;Map<String,Integer>.put;Map<String,Integer>.get;List.add;
key=AnnClassifier.updateWeights;value=List.get;
key=MainClass.main;value=File.<init>;FileWriter.<init>;BufferedWriter.<init>;List.get;List.size;List<Float>.size;List<Float>.get;BufferedWriter.write;BufferedWriter.flush;BufferedWriter.close;
key=NetworkNode.setForwardInputValue;value=
key=NetworkNode.setBackwardOutputValue;value=
key=AnnClassifier.train;value=List.size;List.get;
key=NetworkNode.backwardPropagate;value=
key=ConsoleHelper.getArg;value=Map<String,String>.containsKey;Map<String,String>.get;
key=NetworkNode.setForwardOutputValue;value=
key=BioclipseManager.doi;value=ArrayList<String>.<init>;List<String>.add;
key=DataNode.addAttrib;value=List<Float>.add;
key=AnnClassifier.reset;value=List.clear;List.add;Math.random;
key=DataUtil.getInstance;value=
key=NetworkNode.tanhS;value=Math.exp;
key=NetworkNode.setBackwardInputValue;value=
key=NetworkNode.logS;value=Math.exp;
key=BioclipseManager.isOnline;value=URL.<init>;URL.openConnection;URLConnection.connect;
key=BioclipseManager.sparqlRemote;value=ArrayList<NameValuePair>.<init>;List<NameValuePair>.add;ByteArrayOutputStream.<init>;ByteArrayOutputStream.flush;ByteArrayOutputStream.toByteArray;
key=BioclipseManager.assumeOnline;value=
api count:62
1.List.get 2.List.clear 3.List.add 4.Math.random 5.List.size 6.List<Float>.size 7.List<Float>.get 8.ArrayList.<init> 9.ArrayList<Float>.<init> 10.List<Float>.add 11.File.<init> 12.FileWriter.<init> 13.BufferedWriter.<init> 14.BufferedWriter.write 15.BufferedWriter.flush 16.BufferedWriter.close 17.Math.pow 18.Math.exp 19.ArrayList<String>.<init> 20.List<String>.add 21.Pattern.matcher 22.Matcher.matches 23.Matcher.groupCount 24.Math.max 25.Matcher.group 26.String.compareTo 27.Integer.parseInt 28.URL.<init> 29.URL.openConnection 30.Map<String,String>.keySet 31.Map<String,String>.get 32.URLConnection.addRequestProperty 33.Paths.get 34.URLConnection.getInputStream 35.Files.copy 36.StringBuffer.<init> 37.BufferedReader.<init> 38.InputStreamReader.<init> 39.BufferedReader.readLine 40.StringBuffer.append 41.StringBuffer.toString 42.ArrayList<NameValuePair>.<init> 43.List<NameValuePair>.add 44.ByteArrayOutputStream.<init> 45.ByteArrayOutputStream.flush 46.ByteArrayOutputStream.toByteArray 47.URLConnection.connect 48.Map<String,String>.containsKey 49.Float.valueOf 50.Integer.valueOf 51.HashMap<String,String>.<init> 52.Map<String,String>.put 53.FileReader.<init> 54.String.split 55.Map<String,Integer>.containsKey 56.Map<String,Integer>.put 57.Map<String,Integer>.get 58.String.<init> 59.Map<String,Integer>.keySet 60.Iterator<String>.hasNext 61.Iterator<String>.next 62.HashMap<String,Integer>.<init> 
[0, 0, 0, 0, 2, 2, 2, 0, 0, 0, 1, 1, 1, 1, 1, 1, 0, 0, 0, 0, 0, 0, 0, 0, 0, 0, 0, 0, 0, 0, 0, 0, 0, 0, 0, 0, 0, 0, 0, 0, 0, 0, 0, 0, 0, 0, 0, 0, 0, 0, 0, 0, 0, 0, 0, 0, 0, 0, 0, 0, 0, 0]
[0, 0, 1, 1, 0, 0, 0, 0, 0, 0, 0, 0, 0, 0, 0, 0, 0, 0, 0, 0, 0, 0, 0, 0, 0, 0, 0, 0, 0, 0, 0, 0, 0, 0, 0, 0, 0, 0, 0, 0, 0, 0, 0, 0, 0, 0, 0, 0, 0, 0, 0, 0, 0, 0, 0, 0, 0, 0, 0, 0, 0, 0]
[0, 1, 0, 1, 0, 0, 0, 1, 0, 0, 1, 0, 0, 0, 0, 0, 0, 0, 0, 0, 0, 0, 0, 0, 0, 0, 0, 0, 0, 0, 0, 0, 0, 0, 0, 0, 1, 0, 1, 0, 0, 0, 0, 0, 0, 0, 0, 0, 1, 0, 0, 0, 1, 1, 1, 1, 1, 0, 0, 0, 0, 0]
[0, 1, 1, 0, 0, 0, 0, 0, 0, 0, 0, 0, 0, 0, 0, 0, 0, 0, 0, 0, 0, 0, 0, 0, 0, 0, 0, 0, 0, 0, 0, 0, 0, 0, 0, 0, 0, 0, 0, 0, 0, 0, 0, 0, 0, 0, 0, 0, 0, 0, 0, 0, 0, 0, 0, 0, 0, 0, 0, 0, 0, 0]
[2, 0, 0, 0, 0, 1, 1, 0, 0, 0, 1, 1, 1, 1, 1, 1, 0, 0, 0, 0, 0, 0, 0, 0, 0, 0, 0, 0, 0, 0, 0, 0, 0, 0, 0, 0, 0, 0, 0, 0, 0, 0, 0, 0, 0, 0, 0, 0, 0, 0, 0, 0, 0, 0, 0, 0, 0, 0, 0, 0, 0, 0]
[2, 0, 0, 0, 1, 0, 2, 0, 0, 0, 1, 1, 1, 1, 1, 1, 0, 0, 0, 0, 0, 0, 0, 0, 0, 0, 0, 0, 0, 0, 0, 0, 0, 0, 0, 0, 0, 0, 0, 0, 0, 0, 0, 0, 0, 0, 0, 0, 0, 0, 0, 0, 0, 0, 0, 0, 0, 0, 0, 0, 0, 0]
[2, 0, 0, 0, 1, 2, 0, 0, 0, 0, 1, 1, 1, 1, 1, 1, 0, 0, 0, 0, 0, 0, 0, 0, 0, 0, 0, 0, 0, 0, 0, 0, 0, 0, 0, 0, 0, 0, 0, 0, 0, 0, 0, 0, 0, 0, 0, 0, 0, 0, 0, 0, 0, 0, 0, 0, 0, 0, 0, 0, 0, 0]
[0, 0, 1, 0, 0, 0, 0, 0, 0, 0, 1, 0, 0, 0, 0, 0, 0, 0, 0, 0, 0, 0, 0, 0, 0, 0, 0, 0, 0, 0, 0, 0, 0, 0, 0, 0, 1, 0, 1, 0, 0, 0, 0, 0, 0, 0, 0, 0, 1, 0, 0, 0, 1, 1, 1, 1, 1, 0, 0, 0, 0, 0]
[0, 0, 0, 0, 0, 0, 0, 0, 0, 0, 0, 0, 0, 0, 0, 0, 0, 0, 0, 0, 0, 0, 0, 0, 0, 0, 0, 0, 0, 0, 0, 0, 0, 0, 0, 0, 0, 0, 0, 0, 0, 0, 0, 0, 0, 0, 0, 0, 0, 0, 0, 0, 0, 0, 0, 0, 0, 0, 0, 0, 0, 0]
[0, 0, 0, 0, 0, 0, 0, 0, 0, 0, 0, 0, 0, 0, 0, 0, 0, 0, 0, 0, 0, 0, 0, 0, 0, 0, 0, 0, 0, 0, 0, 0, 0, 0, 0, 0, 0, 0, 0, 0, 0, 0, 0, 0, 0, 0, 0, 0, 0, 0, 0, 0, 0, 0, 0, 0, 0, 0, 0, 0, 0, 0]
[1, 0, 1, 0, 1, 1, 1, 1, 0, 0, 0, 1, 1, 1, 1, 1, 0, 0, 0, 0, 0, 0, 0, 0, 0, 0, 0, 0, 0, 0, 0, 0, 0, 0, 0, 0, 1, 0, 1, 0, 0, 0, 0, 0, 0, 0, 0, 0, 1, 0, 0, 0, 1, 1, 1, 1, 1, 0, 0, 0, 0, 0]
[1, 0, 0, 0, 1, 1, 1, 0, 0, 0, 1, 0, 1, 1, 1, 1, 0, 0, 0, 0, 0, 0, 0, 0, 0, 0, 0, 0, 0, 0, 0, 0, 0, 0, 0, 0, 0, 0, 0, 0, 0, 0, 0, 0, 0, 0, 0, 0, 0, 0, 0, 0, 0, 0, 0, 0, 0, 0, 0, 0, 0, 0]
[1, 0, 0, 0, 1, 1, 1, 0, 0, 0, 1, 1, 0, 1, 1, 1, 0, 0, 0, 0, 0, 0, 0, 0, 0, 0, 0, 0, 0, 0, 0, 0, 0, 0, 0, 0, 0, 0, 0, 0, 0, 0, 0, 0, 0, 0, 0, 0, 0, 0, 0, 0, 0, 0, 0, 0, 0, 0, 0, 0, 0, 0]
[1, 0, 0, 0, 1, 1, 1, 0, 0, 0, 1, 1, 1, 0, 1, 1, 0, 0, 0, 0, 0, 0, 0, 0, 0, 0, 0, 0, 0, 0, 0, 0, 0, 0, 0, 0, 0, 0, 0, 0, 0, 0, 0, 0, 0, 0, 0, 0, 0, 0, 0, 0, 0, 0, 0, 0, 0, 0, 0, 0, 0, 0]
[1, 0, 0, 0, 1, 1, 1, 0, 0, 0, 1, 1, 1, 1, 0, 1, 0, 0, 0, 0, 0, 0, 0, 0, 0, 0, 0, 0, 0, 0, 0, 0, 0, 0, 0, 0, 0, 0, 0, 0, 0, 0, 0, 0, 0, 0, 0, 0, 0, 0, 0, 0, 0, 0, 0, 0, 0, 0, 0, 0, 0, 0]
[1, 0, 0, 0, 1, 1, 1, 0, 0, 0, 1, 1, 1, 1, 1, 0, 0, 0, 0, 0, 0, 0, 0, 0, 0, 0, 0, 0, 0, 0, 0, 0, 0, 0, 0, 0, 0, 0, 0, 0, 0, 0, 0, 0, 0, 0, 0, 0, 0, 0, 0, 0, 0, 0, 0, 0, 0, 0, 0, 0, 0, 0]
[0, 0, 0, 0, 0, 0, 0, 0, 0, 0, 0, 0, 0, 0, 0, 0, 0, 0, 0, 0, 0, 0, 0, 0, 0, 0, 0, 0, 0, 0, 0, 0, 0, 0, 0, 0, 0, 0, 0, 0, 0, 0, 0, 0, 0, 0, 0, 0, 0, 0, 0, 0, 0, 0, 0, 0, 0, 0, 0, 0, 0, 0]
[0, 0, 0, 0, 0, 0, 0, 0, 0, 0, 0, 0, 0, 0, 0, 0, 0, 0, 0, 0, 0, 0, 0, 0, 0, 0, 0, 0, 0, 0, 0, 0, 0, 0, 0, 0, 0, 0, 0, 0, 0, 0, 0, 0, 0, 0, 0, 0, 0, 0, 0, 0, 0, 0, 0, 0, 0, 0, 0, 0, 0, 0]
[0, 0, 0, 0, 0, 0, 0, 0, 0, 0, 0, 0, 0, 0, 0, 0, 0, 0, 0, 1, 0, 0, 0, 0, 0, 0, 0, 0, 0, 0, 0, 0, 0, 0, 0, 0, 0, 0, 0, 0, 0, 0, 0, 0, 0, 0, 0, 0, 0, 0, 0, 0, 0, 0, 0, 0, 0, 0, 0, 0, 0, 0]
[0, 0, 0, 0, 0, 0, 0, 0, 0, 0, 0, 0, 0, 0, 0, 0, 0, 0, 1, 0, 0, 0, 0, 0, 0, 0, 0, 0, 0, 0, 0, 0, 0, 0, 0, 0, 0, 0, 0, 0, 0, 0, 0, 0, 0, 0, 0, 0, 0, 0, 0, 0, 0, 0, 0, 0, 0, 0, 0, 0, 0, 0]
[0, 0, 0, 0, 0, 0, 0, 0, 0, 0, 0, 0, 0, 0, 0, 0, 0, 0, 0, 0, 0, 1, 1, 1, 1, 1, 1, 0, 0, 0, 0, 0, 0, 0, 0, 0, 0, 0, 0, 0, 0, 0, 0, 0, 0, 0, 0, 0, 0, 0, 0, 0, 0, 0, 0, 0, 0, 0, 0, 0, 0, 0]
[0, 0, 0, 0, 0, 0, 0, 0, 0, 0, 0, 0, 0, 0, 0, 0, 0, 0, 0, 0, 1, 0, 1, 1, 1, 1, 1, 0, 0, 0, 0, 0, 0, 0, 0, 0, 0, 0, 0, 0, 0, 0, 0, 0, 0, 0, 0, 0, 0, 0, 0, 0, 0, 0, 0, 0, 0, 0, 0, 0, 0, 0]
[0, 0, 0, 0, 0, 0, 0, 0, 0, 0, 0, 0, 0, 0, 0, 0, 0, 0, 0, 0, 1, 1, 0, 1, 1, 1, 1, 0, 0, 0, 0, 0, 0, 0, 0, 0, 0, 0, 0, 0, 0, 0, 0, 0, 0, 0, 0, 0, 0, 0, 0, 0, 0, 0, 0, 0, 0, 0, 0, 0, 0, 0]
[0, 0, 0, 0, 0, 0, 0, 0, 0, 0, 0, 0, 0, 0, 0, 0, 0, 0, 0, 0, 1, 1, 1, 0, 1, 1, 1, 0, 0, 0, 0, 0, 0, 0, 0, 0, 0, 0, 0, 0, 0, 0, 0, 0, 0, 0, 0, 0, 0, 0, 0, 0, 0, 0, 0, 0, 0, 0, 0, 0, 0, 0]
[0, 0, 0, 0, 0, 0, 0, 0, 0, 0, 0, 0, 0, 0, 0, 0, 0, 0, 0, 0, 1, 1, 1, 1, 0, 1, 1, 0, 0, 0, 0, 0, 0, 0, 0, 0, 0, 0, 0, 0, 0, 0, 0, 0, 0, 0, 0, 0, 0, 0, 0, 0, 0, 0, 0, 0, 0, 0, 0, 0, 0, 0]
[0, 0, 0, 0, 0, 0, 0, 0, 0, 0, 0, 0, 0, 0, 0, 0, 0, 0, 0, 0, 1, 1, 1, 1, 1, 0, 1, 0, 0, 0, 0, 0, 0, 0, 0, 0, 0, 0, 0, 0, 0, 0, 0, 0, 0, 0, 0, 0, 0, 0, 0, 0, 0, 0, 0, 0, 0, 0, 0, 0, 0, 0]
[0, 0, 0, 0, 0, 0, 0, 0, 0, 0, 0, 0, 0, 0, 0, 0, 0, 0, 0, 0, 1, 1, 1, 1, 1, 1, 0, 0, 0, 0, 0, 0, 0, 0, 0, 0, 0, 0, 0, 0, 0, 0, 0, 0, 0, 0, 0, 0, 0, 0, 0, 0, 0, 0, 0, 0, 0, 0, 0, 0, 0, 0]
[0, 0, 0, 0, 0, 0, 0, 0, 0, 0, 0, 0, 0, 0, 0, 0, 0, 0, 0, 0, 0, 0, 0, 0, 0, 0, 0, 0, 1, 0, 0, 0, 0, 0, 0, 0, 0, 0, 0, 0, 0, 0, 0, 0, 0, 0, 1, 0, 0, 0, 0, 0, 0, 0, 0, 0, 0, 0, 0, 0, 0, 0]
[0, 0, 0, 0, 0, 0, 0, 0, 0, 0, 0, 0, 0, 0, 0, 0, 0, 0, 0, 0, 0, 0, 0, 0, 0, 0, 0, 1, 0, 0, 0, 0, 0, 0, 0, 0, 0, 0, 0, 0, 0, 0, 0, 0, 0, 0, 1, 0, 0, 0, 0, 0, 0, 0, 0, 0, 0, 0, 0, 0, 0, 0]
[0, 0, 0, 0, 0, 0, 0, 0, 0, 0, 0, 0, 0, 0, 0, 0, 0, 0, 0, 0, 0, 0, 0, 0, 0, 0, 0, 0, 0, 0, 0, 0, 0, 0, 0, 0, 0, 0, 0, 0, 0, 0, 0, 0, 0, 0, 0, 0, 0, 0, 0, 0, 0, 0, 0, 0, 0, 0, 0, 0, 0, 0]
[0, 0, 0, 0, 0, 0, 0, 0, 0, 0, 0, 0, 0, 0, 0, 0, 0, 0, 0, 0, 0, 0, 0, 0, 0, 0, 0, 0, 0, 0, 0, 0, 0, 0, 0, 0, 0, 0, 0, 0, 0, 0, 0, 0, 0, 0, 0, 1, 0, 0, 0, 0, 0, 0, 0, 0, 0, 0, 0, 0, 0, 0]
[0, 0, 0, 0, 0, 0, 0, 0, 0, 0, 0, 0, 0, 0, 0, 0, 0, 0, 0, 0, 0, 0, 0, 0, 0, 0, 0, 0, 0, 0, 0, 0, 0, 0, 0, 0, 0, 0, 0, 0, 0, 0, 0, 0, 0, 0, 0, 0, 0, 0, 0, 0, 0, 0, 0, 0, 0, 0, 0, 0, 0, 0]
[0, 0, 0, 0, 0, 0, 0, 0, 0, 0, 0, 0, 0, 0, 0, 0, 0, 0, 0, 0, 0, 0, 0, 0, 0, 0, 0, 0, 0, 0, 0, 0, 0, 0, 0, 0, 0, 0, 0, 0, 0, 0, 0, 0, 0, 0, 0, 0, 0, 0, 0, 0, 0, 0, 0, 0, 0, 0, 0, 0, 0, 0]
[0, 0, 0, 0, 0, 0, 0, 0, 0, 0, 0, 0, 0, 0, 0, 0, 0, 0, 0, 0, 0, 0, 0, 0, 0, 0, 0, 0, 0, 0, 0, 0, 0, 0, 0, 0, 0, 0, 0, 0, 0, 0, 0, 0, 0, 0, 0, 0, 0, 0, 0, 0, 0, 0, 0, 0, 0, 0, 0, 0, 0, 0]
[0, 0, 0, 0, 0, 0, 0, 0, 0, 0, 0, 0, 0, 0, 0, 0, 0, 0, 0, 0, 0, 0, 0, 0, 0, 0, 0, 0, 0, 0, 0, 0, 0, 0, 0, 0, 0, 0, 0, 0, 0, 0, 0, 0, 0, 0, 0, 0, 0, 0, 0, 0, 0, 0, 0, 0, 0, 0, 0, 0, 0, 0]
[0, 0, 0, 0, 0, 0, 0, 0, 0, 0, 0, 0, 0, 0, 0, 0, 0, 0, 0, 0, 0, 0, 0, 0, 0, 0, 0, 0, 0, 0, 0, 0, 0, 0, 0, 0, 0, 0, 0, 0, 0, 0, 0, 0, 0, 0, 0, 0, 0, 0, 0, 0, 0, 0, 0, 0, 0, 0, 0, 0, 0, 0]
[0, 0, 1, 0, 0, 0, 0, 1, 0, 0, 1, 0, 0, 0, 0, 0, 0, 0, 0, 0, 0, 0, 0, 0, 0, 0, 0, 0, 0, 0, 0, 0, 0, 0, 0, 0, 0, 0, 1, 0, 0, 0, 0, 0, 0, 0, 0, 0, 1, 0, 0, 0, 1, 1, 1, 1, 1, 0, 0, 0, 0, 0]
[0, 0, 0, 0, 0, 0, 0, 0, 0, 0, 0, 0, 0, 0, 0, 0, 0, 0, 0, 0, 0, 0, 0, 0, 0, 0, 0, 0, 0, 0, 0, 0, 0, 0, 0, 0, 0, 0, 0, 0, 0, 0, 0, 0, 0, 0, 0, 0, 0, 0, 0, 0, 0, 0, 0, 0, 0, 0, 0, 0, 0, 0]
[0, 0, 1, 0, 0, 0, 0, 1, 0, 0, 1, 0, 0, 0, 0, 0, 0, 0, 0, 0, 0, 0, 0, 0, 0, 0, 0, 0, 0, 0, 0, 0, 0, 0, 0, 0, 1, 0, 0, 0, 0, 0, 0, 0, 0, 0, 0, 0, 1, 0, 0, 0, 1, 1, 1, 1, 1, 0, 0, 0, 0, 0]
[0, 0, 0, 0, 0, 0, 0, 0, 0, 0, 0, 0, 0, 0, 0, 0, 0, 0, 0, 0, 0, 0, 0, 0, 0, 0, 0, 0, 0, 0, 0, 0, 0, 0, 0, 0, 0, 0, 0, 0, 0, 0, 0, 0, 0, 0, 0, 0, 0, 0, 0, 0, 0, 0, 0, 0, 0, 0, 0, 0, 0, 0]
[0, 0, 0, 0, 0, 0, 0, 0, 0, 0, 0, 0, 0, 0, 0, 0, 0, 0, 0, 0, 0, 0, 0, 0, 0, 0, 0, 0, 0, 0, 0, 0, 0, 0, 0, 0, 0, 0, 0, 0, 0, 0, 0, 0, 0, 0, 0, 0, 0, 0, 0, 0, 0, 0, 0, 0, 0, 0, 0, 0, 0, 0]
[0, 0, 0, 0, 0, 0, 0, 0, 0, 0, 0, 0, 0, 0, 0, 0, 0, 0, 0, 0, 0, 0, 0, 0, 0, 0, 0, 0, 0, 0, 0, 0, 0, 0, 0, 0, 0, 0, 0, 0, 0, 0, 1, 1, 1, 1, 0, 0, 0, 0, 0, 0, 0, 0, 0, 0, 0, 0, 0, 0, 0, 0]
[0, 0, 0, 0, 0, 0, 0, 0, 0, 0, 0, 0, 0, 0, 0, 0, 0, 0, 0, 0, 0, 0, 0, 0, 0, 0, 0, 0, 0, 0, 0, 0, 0, 0, 0, 0, 0, 0, 0, 0, 0, 1, 0, 1, 1, 1, 0, 0, 0, 0, 0, 0, 0, 0, 0, 0, 0, 0, 0, 0, 0, 0]
[0, 0, 0, 0, 0, 0, 0, 0, 0, 0, 0, 0, 0, 0, 0, 0, 0, 0, 0, 0, 0, 0, 0, 0, 0, 0, 0, 0, 0, 0, 0, 0, 0, 0, 0, 0, 0, 0, 0, 0, 0, 1, 1, 0, 1, 1, 0, 0, 0, 0, 0, 0, 0, 0, 0, 0, 0, 0, 0, 0, 0, 0]
[0, 0, 0, 0, 0, 0, 0, 0, 0, 0, 0, 0, 0, 0, 0, 0, 0, 0, 0, 0, 0, 0, 0, 0, 0, 0, 0, 0, 0, 0, 0, 0, 0, 0, 0, 0, 0, 0, 0, 0, 0, 1, 1, 1, 0, 1, 0, 0, 0, 0, 0, 0, 0, 0, 0, 0, 0, 0, 0, 0, 0, 0]
[0, 0, 0, 0, 0, 0, 0, 0, 0, 0, 0, 0, 0, 0, 0, 0, 0, 0, 0, 0, 0, 0, 0, 0, 0, 0, 0, 0, 0, 0, 0, 0, 0, 0, 0, 0, 0, 0, 0, 0, 0, 1, 1, 1, 1, 0, 0, 0, 0, 0, 0, 0, 0, 0, 0, 0, 0, 0, 0, 0, 0, 0]
[0, 0, 0, 0, 0, 0, 0, 0, 0, 0, 0, 0, 0, 0, 0, 0, 0, 0, 0, 0, 0, 0, 0, 0, 0, 0, 0, 1, 1, 0, 0, 0, 0, 0, 0, 0, 0, 0, 0, 0, 0, 0, 0, 0, 0, 0, 0, 0, 0, 0, 0, 0, 0, 0, 0, 0, 0, 0, 0, 0, 0, 0]
[0, 0, 0, 0, 0, 0, 0, 0, 0, 0, 0, 0, 0, 0, 0, 0, 0, 0, 0, 0, 0, 0, 0, 0, 0, 0, 0, 0, 0, 0, 1, 0, 0, 0, 0, 0, 0, 0, 0, 0, 0, 0, 0, 0, 0, 0, 0, 0, 0, 0, 0, 0, 0, 0, 0, 0, 0, 0, 0, 0, 0, 0]
[0, 0, 1, 0, 0, 0, 0, 1, 0, 0, 1, 0, 0, 0, 0, 0, 0, 0, 0, 0, 0, 0, 0, 0, 0, 0, 0, 0, 0, 0, 0, 0, 0, 0, 0, 0, 1, 0, 1, 0, 0, 0, 0, 0, 0, 0, 0, 0, 0, 0, 0, 0, 1, 1, 1, 1, 1, 0, 0, 0, 0, 0]
[0, 0, 0, 0, 0, 0, 0, 0, 0, 0, 0, 0, 0, 0, 0, 0, 0, 0, 0, 0, 0, 0, 0, 0, 0, 0, 0, 0, 0, 0, 0, 0, 0, 0, 0, 0, 0, 0, 0, 0, 0, 0, 0, 0, 0, 0, 0, 0, 0, 0, 0, 0, 0, 0, 0, 0, 0, 0, 0, 0, 0, 0]
[0, 0, 0, 0, 0, 0, 0, 0, 0, 0, 0, 0, 0, 0, 0, 0, 0, 0, 0, 0, 0, 0, 0, 0, 0, 0, 0, 0, 0, 0, 0, 0, 0, 0, 0, 0, 0, 0, 0, 0, 0, 0, 0, 0, 0, 0, 0, 0, 0, 0, 0, 1, 0, 0, 0, 0, 0, 0, 0, 0, 0, 0]
[0, 0, 0, 0, 0, 0, 0, 0, 0, 0, 0, 0, 0, 0, 0, 0, 0, 0, 0, 0, 0, 0, 0, 0, 0, 0, 0, 0, 0, 0, 0, 0, 0, 0, 0, 0, 0, 0, 0, 0, 0, 0, 0, 0, 0, 0, 0, 0, 0, 0, 1, 0, 0, 0, 0, 0, 0, 0, 0, 0, 0, 0]
[0, 0, 1, 0, 0, 0, 0, 1, 0, 0, 1, 0, 0, 0, 0, 0, 0, 0, 0, 0, 0, 0, 0, 0, 0, 0, 0, 0, 0, 0, 0, 0, 0, 0, 0, 0, 1, 0, 1, 0, 0, 0, 0, 0, 0, 0, 0, 0, 1, 0, 0, 0, 0, 1, 1, 1, 1, 0, 0, 0, 0, 0]
[0, 0, 1, 0, 0, 0, 0, 1, 0, 0, 1, 0, 0, 0, 0, 0, 0, 0, 0, 0, 0, 0, 0, 0, 0, 0, 0, 0, 0, 0, 0, 0, 0, 0, 0, 0, 1, 0, 1, 0, 0, 0, 0, 0, 0, 0, 0, 0, 1, 0, 0, 0, 1, 0, 1, 1, 1, 0, 0, 0, 0, 0]
[0, 0, 1, 0, 0, 0, 0, 1, 0, 0, 1, 0, 0, 0, 0, 0, 0, 0, 0, 0, 0, 0, 0, 0, 0, 0, 0, 0, 0, 0, 0, 0, 0, 0, 0, 0, 1, 0, 1, 0, 0, 0, 0, 0, 0, 0, 0, 0, 1, 0, 0, 0, 1, 1, 0, 1, 1, 0, 0, 0, 0, 0]
[0, 0, 1, 0, 0, 0, 0, 1, 0, 0, 1, 0, 0, 0, 0, 0, 0, 0, 0, 0, 0, 0, 0, 0, 0, 0, 0, 0, 0, 0, 0, 0, 0, 0, 0, 0, 1, 0, 1, 0, 0, 0, 0, 0, 0, 0, 0, 0, 1, 0, 0, 0, 1, 1, 1, 0, 1, 0, 0, 0, 0, 0]
[0, 0, 1, 0, 0, 0, 0, 1, 0, 0, 1, 0, 0, 0, 0, 0, 0, 0, 0, 0, 0, 0, 0, 0, 0, 0, 0, 0, 0, 0, 0, 0, 0, 0, 0, 0, 1, 0, 1, 0, 0, 0, 0, 0, 0, 0, 0, 0, 1, 0, 0, 0, 1, 1, 1, 1, 0, 1, 1, 1, 1, 0]
[0, 0, 0, 0, 0, 0, 0, 0, 0, 0, 0, 0, 0, 0, 0, 0, 0, 0, 0, 0, 0, 0, 0, 0, 0, 0, 0, 0, 0, 0, 0, 0, 0, 0, 0, 0, 0, 0, 0, 0, 0, 0, 0, 0, 0, 0, 0, 0, 0, 0, 0, 0, 0, 0, 0, 0, 1, 0, 1, 1, 1, 0]
[0, 0, 0, 0, 0, 0, 0, 0, 0, 0, 0, 0, 0, 0, 0, 0, 0, 0, 0, 0, 0, 0, 0, 0, 0, 0, 0, 0, 0, 0, 0, 0, 0, 0, 0, 0, 0, 0, 0, 0, 0, 0, 0, 0, 0, 0, 0, 0, 0, 0, 0, 0, 0, 0, 0, 0, 1, 1, 0, 1, 1, 0]
[0, 0, 0, 0, 0, 0, 0, 0, 0, 0, 0, 0, 0, 0, 0, 0, 0, 0, 0, 0, 0, 0, 0, 0, 0, 0, 0, 0, 0, 0, 0, 0, 0, 0, 0, 0, 0, 0, 0, 0, 0, 0, 0, 0, 0, 0, 0, 0, 0, 0, 0, 0, 0, 0, 0, 0, 1, 1, 1, 0, 1, 0]
[0, 0, 0, 0, 0, 0, 0, 0, 0, 0, 0, 0, 0, 0, 0, 0, 0, 0, 0, 0, 0, 0, 0, 0, 0, 0, 0, 0, 0, 0, 0, 0, 0, 0, 0, 0, 0, 0, 0, 0, 0, 0, 0, 0, 0, 0, 0, 0, 0, 0, 0, 0, 0, 0, 0, 0, 1, 1, 1, 1, 0, 0]
[0, 0, 0, 0, 0, 0, 0, 0, 0, 0, 0, 0, 0, 0, 0, 0, 0, 0, 0, 0, 0, 0, 0, 0, 0, 0, 0, 0, 0, 0, 0, 0, 0, 0, 0, 0, 0, 0, 0, 0, 0, 0, 0, 0, 0, 0, 0, 0, 0, 0, 0, 0, 0, 0, 0, 0, 0, 0, 0, 0, 0, 0]
C:\Users\Administrator\git\repository\Code2APISeq\pngs\1598970099696.png
