文件名:.classpath
文件名:.project
文件夹:data
文件名:iris.txt
文件名:test.txt
文件名:train.txt
文件夹:pictures
文件名:BP.png
文件名:BPNN.png
文件名:Node.png
文件名:README.md
文件夹:src
文件夹:com
文件夹:jingchen
文件夹:ann
文件名:AnnClassifier.java
文件名:DataNode.java
文件名:MainClass.java
文件名:NetworkNode.java
文件夹:util
文件名:BioclipseManager.java
文件名:ConsoleHelper.java
文件名:DataUtil.java
key=AnnClassifier.AnnClassifier;value=
key=BioclipseManager.downloadAsFile;value=
key=AnnClassifier.backward;value=
key=DataUtil.DataUtil;value=
key=AnnClassifier.test;value=
key=BioclipseManager.createURL;value=
key=BioclipseManager.download;value=
key=ConsoleHelper.ConsoleHelper;value=
key=DataUtil.getTypeName;value=
key=BioclipseManager.compare;value=
key=DataNode.DataNode;value=
key=BioclipseManager.requireVersion;value=
key=NetworkNode.forwardSigmoid;value=
key=NetworkNode.tanhSDerivative;value=
key=AnnClassifier.forward;value=
key=DataUtil.getDataList;value=
key=AnnClassifier.updateWeights;value=
key=MainClass.main;value=
key=NetworkNode.setForwardInputValue;value=
key=NetworkNode.setBackwardOutputValue;value=
key=AnnClassifier.train;value=
key=NetworkNode.backwardPropagate;value=
key=ConsoleHelper.getArg;value=
key=NetworkNode.setForwardOutputValue;value=
key=BioclipseManager.doi;value=
key=DataNode.addAttrib;value=
key=AnnClassifier.reset;value=
key=DataUtil.getInstance;value=
key=NetworkNode.tanhS;value=
key=NetworkNode.setBackwardInputValue;value=
key=NetworkNode.logS;value=
key=BioclipseManager.isOnline;value=
key=BioclipseManager.sparqlRemote;value=
key=BioclipseManager.assumeOnline;value=
api count:0

