文件夹:.git
文件夹:.travis
文件夹:app
文件夹:src
文件夹:debug
文件夹:assets
文件夹:pdf
文件夹:vendor
文件夹:pdf.js
文件夹:1.9.658
文件夹:main
文件夹:assets
文件夹:pdf
文件夹:vendor
文件夹:pdf.js
文件夹:1.9.658
文件夹:images
文件夹:java
文件夹:io
文件夹:github
文件夹:hidroh
文件夹:materialistic
文件名:AboutActivity.java
MenuItem.getItemId
文件名:AccountAuthenticatorActivity.java
文件夹:accounts
文件名:AccountAuthenticator.java
文件名:AuthenticatorService.java
文件名:EmptyAccountAuthenticator.java
Empty
文件名:UserServices.java
Empty
文件名:UserServicesClient.java
Response.body
Pattern.compile
Matcher.find
Matcher.group
Pattern.compile
Matcher.find
Matcher.group
String.contains
Pattern.compile
Matcher.find
Matcher.group
Observable.defer
Observable.defer(
